#
# There is insufficient memory for the Java Runtime Environment to continue.
# Native memory allocation (malloc) failed to allocate 206576 bytes for Chunk::new
# Possible reasons:
#   The system is out of physical RAM or swap space
#   In 32 bit mode, the process size limit was hit
# Possible solutions:
#   Reduce memory load on the system
#   Increase physical memory or swap space
#   Check if swap backing store is full
#   Use 64 bit Java on a 64 bit OS
#   Decrease Java heap size (-Xmx/-Xms)
#   Decrease number of Java threads
#   Decrease Java thread stack sizes (-Xss)
#   Set larger code cache with -XX:ReservedCodeCacheSize=
# This output file may be truncated or incomplete.
#
#  Out of Memory Error (allocation.cpp:323), pid=11640, tid=1896
#
# JRE version: Java(TM) SE Runtime Environment (7.0_80-b15) (build 1.7.0_80-b15)
# Java VM: Java HotSpot(TM) 64-Bit Server VM (24.80-b11 mixed mode windows-amd64 compressed oops)
# Failed to write core dump. Minidumps are not enabled by default on client versions of Windows
#

---------------  T H R E A D  ---------------

Current thread (0x0000000007ed0000):  JavaThread "C2 CompilerThread1" daemon [_thread_in_native, id=1896, stack(0x0000000009540000,0x0000000009640000)]

Stack: [0x0000000009540000,0x0000000009640000]
[error occurred during error reporting (printing stack bounds), id 0xc0000005]


[error occurred during error reporting (printing native stack), id 0xc0000005]


Current CompileTask:
C2:   6087  575             com.android.dx.cf.code.BasicBlocker::visitConstant (39 bytes)


---------------  P R O C E S S  ---------------

Java Threads: ( => current thread )
  0x00000000099d6800 JavaThread "pool-1-thread-4" [_thread_blocked, id=10508, stack(0x000000000a040000,0x000000000a140000)]
  0x0000000009957800 JavaThread "pool-1-thread-3" [_thread_blocked, id=7980, stack(0x0000000009f40000,0x000000000a040000)]
  0x00000000098d3000 JavaThread "pool-1-thread-2" [_thread_blocked, id=7336, stack(0x0000000009e40000,0x0000000009f40000)]
  0x0000000009a32000 JavaThread "pool-2-thread-1" [_thread_blocked, id=5780, stack(0x0000000009d40000,0x0000000009e40000)]
  0x00000000098e8800 JavaThread "pool-1-thread-1" [_thread_blocked, id=10324, stack(0x0000000009c40000,0x0000000009d40000)]
  0x0000000007ed6000 JavaThread "Service Thread" daemon [_thread_blocked, id=7200, stack(0x0000000009640000,0x0000000009740000)]
=>0x0000000007ed0000 JavaThread "C2 CompilerThread1" daemon [_thread_in_native, id=1896, stack(0x0000000009540000,0x0000000009640000)]
  0x0000000007ecc000 JavaThread "C2 CompilerThread0" daemon [_thread_in_native, id=10400, stack(0x0000000009440000,0x0000000009540000)]
  0x0000000007ecb000 JavaThread "Attach Listener" daemon [_thread_blocked, id=11136, stack(0x0000000009340000,0x0000000009440000)]
  0x0000000007ec8000 JavaThread "Signal Dispatcher" daemon [_thread_blocked, id=11968, stack(0x0000000009240000,0x0000000009340000)]
  0x0000000007e8f800 JavaThread "Finalizer" daemon [_thread_blocked, id=12004, stack(0x0000000009140000,0x0000000009240000)]
  0x0000000007e85800 JavaThread "Reference Handler" daemon [_thread_blocked, id=8848, stack(0x0000000009040000,0x0000000009140000)]
  0x0000000001ff1000 JavaThread "main" [_thread_in_Java, id=11576, stack(0x0000000001e20000,0x0000000001f20000)]

Other Threads:
  0x0000000007e81800 VMThread [stack: 0x0000000008f40000,0x0000000009040000] [id=11176]
  0x0000000007ee4800 WatcherThread [stack: 0x0000000009740000,0x0000000009840000] [id=8528]

VM state:not at safepoint (normal execution)

VM Mutex/Monitor currently owned by a thread: None

Heap
 PSYoungGen      total 71680K, used 51610K [0x00000000eaa80000, 0x00000000ef580000, 0x0000000100000000)
  eden space 66560K, 69% used [0x00000000eaa80000,0x00000000ed7eab90,0x00000000eeb80000)
  from space 5120K, 99% used [0x00000000eeb80000,0x00000000ef07c038,0x00000000ef080000)
  to   space 5120K, 0% used [0x00000000ef080000,0x00000000ef080000,0x00000000ef580000)
 ParOldGen       total 86528K, used 16583K [0x00000000c0000000, 0x00000000c5480000, 0x00000000eaa80000)
  object space 86528K, 19% used [0x00000000c0000000,0x00000000c1031cc0,0x00000000c5480000)
 PSPermGen       total 21504K, used 5976K [0x00000000bae00000, 0x00000000bc300000, 0x00000000c0000000)
  object space 21504K, 27% used [0x00000000bae00000,0x00000000bb3d63f0,0x00000000bc300000)

Card table byte_map: [0x00000000050f0000,0x0000000005320000] byte_map_base: 0x0000000004b19000

Polling page: 0x00000000005b0000

Code Cache  [0x00000000020f0000, 0x0000000002360000, 0x00000000050f0000)
 total_blobs=797 nmethods=560 adapters=189 free_code_cache=46920Kb largest_free_block=48002112

Compilation events (10 events):
Event: 5.785 Thread 0x0000000007ed0000 nmethod 570 0x00000000021ca150 code [0x00000000021ca2a0, 0x00000000021ca418]
Event: 5.795 Thread 0x0000000007ed0000  571             com.android.dx.util.ByteArray::getInt (47 bytes)
Event: 5.797 Thread 0x0000000007ed0000 nmethod 571 0x00000000021e3510 code [0x00000000021e3660, 0x00000000021e37d8]
Event: 6.046 Thread 0x0000000007ed0000  572             java.util.RegularEnumSet::contains (57 bytes)
Event: 6.047 Thread 0x0000000007ed0000 nmethod 572 0x00000000021e3210 code [0x00000000021e3360, 0x00000000021e3438]
Event: 6.055 Thread 0x0000000007ed0000  573             com.android.dx.rop.code.BasicBlockList::getRegCount (34 bytes)
Event: 6.059 Thread 0x0000000007ed0000 nmethod 573 0x00000000021cb410 code [0x00000000021cb580, 0x00000000021cb8d8]
Event: 6.062 Thread 0x0000000007ed0000  574             com.android.dx.rop.cst.CstMemberRef::isCategory2 (2 bytes)
Event: 6.062 Thread 0x0000000007ed0000 nmethod 574 0x00000000021c9ed0 code [0x00000000021ca000, 0x00000000021ca058]
Event: 6.080 Thread 0x0000000007ed0000  575             com.android.dx.cf.code.BasicBlocker::visitConstant (39 bytes)

GC Heap History (6 events):
Event: 1.295 GC heap before
{Heap before GC invocations=1 (full 0):
 PSYoungGen      total 38400K, used 33280K [0x00000000eaa80000, 0x00000000ed500000, 0x0000000100000000)
  eden space 33280K, 100% used [0x00000000eaa80000,0x00000000ecb00000,0x00000000ecb00000)
  from space 5120K, 0% used [0x00000000ed000000,0x00000000ed000000,0x00000000ed500000)
  to   space 5120K, 0% used [0x00000000ecb00000,0x00000000ecb00000,0x00000000ed000000)
 ParOldGen       total 86528K, used 0K [0x00000000c0000000, 0x00000000c5480000, 0x00000000eaa80000)
  object space 86528K, 0% used [0x00000000c0000000,0x00000000c0000000,0x00000000c5480000)
 PSPermGen       total 21504K, used 5798K [0x00000000bae00000, 0x00000000bc300000, 0x00000000c0000000)
  object space 21504K, 26% used [0x00000000bae00000,0x00000000bb3a9800,0x00000000bc300000)
Event: 1.316 GC heap after
Heap after GC invocations=1 (full 0):
 PSYoungGen      total 38400K, used 5092K [0x00000000eaa80000, 0x00000000ef580000, 0x0000000100000000)
  eden space 33280K, 0% used [0x00000000eaa80000,0x00000000eaa80000,0x00000000ecb00000)
  from space 5120K, 99% used [0x00000000ecb00000,0x00000000ecff92d0,0x00000000ed000000)
  to   space 5120K, 0% used [0x00000000ef080000,0x00000000ef080000,0x00000000ef580000)
 ParOldGen       total 86528K, used 1187K [0x00000000c0000000, 0x00000000c5480000, 0x00000000eaa80000)
  object space 86528K, 1% used [0x00000000c0000000,0x00000000c0128c48,0x00000000c5480000)
 PSPermGen       total 21504K, used 5798K [0x00000000bae00000, 0x00000000bc300000, 0x00000000c0000000)
  object space 21504K, 26% used [0x00000000bae00000,0x00000000bb3a9800,0x00000000bc300000)
}
Event: 2.800 GC heap before
{Heap before GC invocations=2 (full 0):
 PSYoungGen      total 38400K, used 38372K [0x00000000eaa80000, 0x00000000ef580000, 0x0000000100000000)
  eden space 33280K, 100% used [0x00000000eaa80000,0x00000000ecb00000,0x00000000ecb00000)
  from space 5120K, 99% used [0x00000000ecb00000,0x00000000ecff92d0,0x00000000ed000000)
  to   space 5120K, 0% used [0x00000000ef080000,0x00000000ef080000,0x00000000ef580000)
 ParOldGen       total 86528K, used 1187K [0x00000000c0000000, 0x00000000c5480000, 0x00000000eaa80000)
  object space 86528K, 1% used [0x00000000c0000000,0x00000000c0128c48,0x00000000c5480000)
 PSPermGen       total 21504K, used 5885K [0x00000000bae00000, 0x00000000bc300000, 0x00000000c0000000)
  object space 21504K, 27% used [0x00000000bae00000,0x00000000bb3bf700,0x00000000bc300000)
Event: 3.098 GC heap after
Heap after GC invocations=2 (full 0):
 PSYoungGen      total 71680K, used 5111K [0x00000000eaa80000, 0x00000000ef580000, 0x0000000100000000)
  eden space 66560K, 0% used [0x00000000eaa80000,0x00000000eaa80000,0x00000000eeb80000)
  from space 5120K, 99% used [0x00000000ef080000,0x00000000ef57dc88,0x00000000ef580000)
  to   space 5120K, 0% used [0x00000000eeb80000,0x00000000eeb80000,0x00000000ef080000)
 ParOldGen       total 86528K, used 5575K [0x00000000c0000000, 0x00000000c5480000, 0x00000000eaa80000)
  object space 86528K, 6% used [0x00000000c0000000,0x00000000c0571c00,0x00000000c5480000)
 PSPermGen       total 21504K, used 5885K [0x00000000bae00000, 0x00000000bc300000, 0x00000000c0000000)
  object space 21504K, 27% used [0x00000000bae00000,0x00000000bb3bf700,0x00000000bc300000)
}
Event: 4.526 GC heap before
{Heap before GC invocations=3 (full 0):
 PSYoungGen      total 71680K, used 71671K [0x00000000eaa80000, 0x00000000ef580000, 0x0000000100000000)
  eden space 66560K, 100% used [0x00000000eaa80000,0x00000000eeb80000,0x00000000eeb80000)
  from space 5120K, 99% used [0x00000000ef080000,0x00000000ef57dc88,0x00000000ef580000)
  to   space 5120K, 0% used [0x00000000eeb80000,0x00000000eeb80000,0x00000000ef080000)
 ParOldGen       total 86528K, used 5575K [0x00000000c0000000, 0x00000000c5480000, 0x00000000eaa80000)
  object space 86528K, 6% used [0x00000000c0000000,0x00000000c0571c00,0x00000000c5480000)
 PSPermGen       total 21504K, used 5942K [0x00000000bae00000, 0x00000000bc300000, 0x00000000c0000000)
  object space 21504K, 27% used [0x00000000bae00000,0x00000000bb3cdab0,0x00000000bc300000)
Event: 4.996 GC heap after
Heap after GC invocations=3 (full 0):
 PSYoungGen      total 71680K, used 5104K [0x00000000eaa80000, 0x00000000ef580000, 0x0000000100000000)
  eden space 66560K, 0% used [0x00000000eaa80000,0x00000000eaa80000,0x00000000eeb80000)
  from space 5120K, 99% used [0x00000000eeb80000,0x00000000ef07c038,0x00000000ef080000)
  to   space 5120K, 0% used [0x00000000ef080000,0x00000000ef080000,0x00000000ef580000)
 ParOldGen       total 86528K, used 16583K [0x00000000c0000000, 0x00000000c5480000, 0x00000000eaa80000)
  object space 86528K, 19% used [0x00000000c0000000,0x00000000c1031cc0,0x00000000c5480000)
 PSPermGen       total 21504K, used 5942K [0x00000000bae00000, 0x00000000bc300000, 0x00000000c0000000)
  object space 21504K, 27% used [0x00000000bae00000,0x00000000bb3cdab0,0x00000000bc300000)
}

Deoptimization events (10 events):
Event: 4.266 Thread 0x0000000009957800 Uncommon trap: reason=unstable_if action=reinterpret pc=0x00000000022c5b44 method=com.android.dx.cf.code.Merger.mergeLocals(Lcom/android/dx/cf/code/OneLocalsArray;Lcom/android/dx/cf/code/OneLocalsArray;)Lcom/android/dx/cf/code/OneLocalsArray; @ 2
Event: 4.507 Thread 0x0000000001ff1000 Uncommon trap: reason=null_check action=make_not_entrant pc=0x000000000230fb38 method=com.android.dx.dex.file.FieldIdsSection.intern(Lcom/android/dx/rop/cst/CstFieldRef;)Lcom/android/dx/dex/file/FieldIdItem; @ 26
Event: 4.511 Thread 0x00000000099d6800 Uncommon trap: reason=null_check action=make_not_entrant pc=0x000000000230fb38 method=com.android.dx.dex.file.FieldIdsSection.intern(Lcom/android/dx/rop/cst/CstFieldRef;)Lcom/android/dx/dex/file/FieldIdItem; @ 26
Event: 5.036 Thread 0x0000000001ff1000 Uncommon trap: reason=class_check action=maybe_recompile pc=0x00000000022891a4 method=com.android.dx.ssa.PhiTypeResolver.run()V @ 151
Event: 5.097 Thread 0x00000000098e8800 Uncommon trap: reason=unstable_if action=reinterpret pc=0x00000000022d4f08 method=com.android.dx.ssa.SCCP.simulateStmt(Lcom/android/dx/ssa/SsaInsn;)V @ 59
Event: 5.098 Thread 0x0000000001ff1000 Uncommon trap: reason=unloaded action=reinterpret pc=0x000000000225d8e8 method=com.android.dx.cf.cst.ConstantPoolParser.parse0(ILjava/util/BitSet;)Lcom/android/dx/rop/cst/Constant; @ 220
Event: 5.099 Thread 0x00000000098d3000 Uncommon trap: reason=uninitialized action=reinterpret pc=0x00000000022ff384 method=com.android.dx.cf.code.BytecodeArray.parseInstruction(ILcom/android/dx/cf/code/BytecodeArray$Visitor;)I @ 1079
Event: 5.107 Thread 0x00000000098d3000 Uncommon trap: reason=bimorphic action=maybe_recompile pc=0x00000000022cd9cc method=com.android.dx.cf.code.RopperMachine.run(Lcom/android/dx/cf/code/Frame;II)V @ 988
Event: 5.107 Thread 0x00000000098d3000 Uncommon trap: reason=bimorphic action=maybe_recompile pc=0x00000000022cd9cc method=com.android.dx.cf.code.RopperMachine.run(Lcom/android/dx/cf/code/Frame;II)V @ 988
Event: 5.708 Thread 0x00000000098e8800 Uncommon trap: reason=unstable_if action=reinterpret pc=0x00000000022d620c method=com.android.dx.ssa.LiteralOpUpgrader$1.visitNonMoveInsn(Lcom/android/dx/ssa/NormalSsaInsn;)V @ 151

Internal exceptions (10 events):
Event: 0.794 Thread 0x00000000098e8800 Implicit null exception at 0x0000000002170e52 to 0x0000000002171065
Event: 0.867 Thread 0x0000000001ff1000 Threw 0x00000000ec063690 at C:\re\jdk7u80\2329\hotspot\src\share\vm\prims\jvm.cpp:1319
Event: 1.161 Thread 0x0000000001ff1000 Implicit null exception at 0x00000000021ac48f to 0x00000000021ad0bd
Event: 1.188 Thread 0x00000000098d3000 Threw 0x00000000ec8707f8 at C:\re\jdk7u80\2329\hotspot\src\share\vm\prims\jvm.cpp:1319
Event: 1.671 Thread 0x0000000001ff1000 Threw 0x00000000eb9e0c30 at C:\re\jdk7u80\2329\hotspot\src\share\vm\prims\jvm.cpp:1319
Event: 1.675 Thread 0x0000000001ff1000 Threw 0x00000000eba61860 at C:\re\jdk7u80\2329\hotspot\src\share\vm\prims\jvm.cpp:1319
Event: 2.695 Thread 0x00000000098e8800 Threw 0x00000000ec615fc8 at C:\re\jdk7u80\2329\hotspot\src\share\vm\prims\jvm.cpp:1319
Event: 2.751 Thread 0x0000000001ff1000 Implicit null exception at 0x0000000002218b37 to 0x00000000022192e1
Event: 3.169 Thread 0x00000000099d6800 Threw 0x00000000eb4d7c38 at C:\re\jdk7u80\2329\hotspot\src\share\vm\prims\jvm.cpp:1319
Event: 4.305 Thread 0x0000000001ff1000 Threw 0x00000000ed1f52a8 at C:\re\jdk7u80\2329\hotspot\src\share\vm\prims\jvm.cpp:1319

Events (10 events):
Event: 5.099 Thread 0x00000000098d3000 DEOPT UNPACKING pc=0x00000000021275a4 sp=0x0000000009f3e700 mode 2
Event: 5.107 Thread 0x00000000098d3000 Uncommon trap: trap_request=0xffffffc6 fr.pc=0x00000000022cd9cc
Event: 5.107 Thread 0x00000000098d3000 DEOPT PACKING pc=0x00000000022cd9cc sp=0x0000000009f3e650
Event: 5.107 Thread 0x00000000098d3000 DEOPT UNPACKING pc=0x00000000021275a4 sp=0x0000000009f3e5e8 mode 2
Event: 5.107 Thread 0x00000000098d3000 Uncommon trap: trap_request=0xffffffc6 fr.pc=0x00000000022cd9cc
Event: 5.107 Thread 0x00000000098d3000 DEOPT PACKING pc=0x00000000022cd9cc sp=0x0000000009f3e650
Event: 5.107 Thread 0x00000000098d3000 DEOPT UNPACKING pc=0x00000000021275a4 sp=0x0000000009f3e5e8 mode 2
Event: 5.708 Thread 0x00000000098e8800 Uncommon trap: trap_request=0xffffff75 fr.pc=0x00000000022d620c
Event: 5.708 Thread 0x00000000098e8800 DEOPT PACKING pc=0x00000000022d620c sp=0x0000000009d3edd0
Event: 5.708 Thread 0x00000000098e8800 DEOPT UNPACKING pc=0x00000000021275a4 sp=0x0000000009d3ed70 mode 2


Dynamic libraries:
0x00007ff692060000 - 0x00007ff692093000 	C:\Program Files\Java\jdk1.7.0_80\bin\java.exe
0x00007ffe79780000 - 0x00007ffe7992c000 	C:\Windows\SYSTEM32\ntdll.dll
0x00007ffe773d0000 - 0x00007ffe7750e000 	C:\Windows\system32\KERNEL32.DLL
0x00007ffe769a0000 - 0x00007ffe76ab5000 	C:\Windows\system32\KERNELBASE.dll
0x0000000069720000 - 0x00000000697ce000 	C:\Program Files\Bitdefender\Endpoint\Signatures\AVC\AVC3_00532_002\avcuf64.dll
0x00007ffe74c80000 - 0x00007ffe74d0e000 	C:\Windows\system32\apphelp.dll
0x00007ffe46470000 - 0x00007ffe464c3000 	C:\Windows\AppPatch\AppPatch64\AcGenral.DLL
0x00007ffe76e00000 - 0x00007ffe76eaa000 	C:\Windows\system32\msvcrt.dll
0x00007ffe76770000 - 0x00007ffe7679e000 	C:\Windows\SYSTEM32\SspiCli.dll
0x00007ffe79280000 - 0x00007ffe792d4000 	C:\Windows\system32\SHLWAPI.dll
0x00007ffe78b40000 - 0x00007ffe78cb7000 	C:\Windows\system32\USER32.dll
0x00007ffe77230000 - 0x00007ffe773c4000 	C:\Windows\system32\ole32.dll
0x00007ffe77510000 - 0x00007ffe78a3b000 	C:\Windows\system32\SHELL32.dll
0x00007ffe75ef0000 - 0x00007ffe75f11000 	C:\Windows\SYSTEM32\USERENV.dll
0x00007ffe792e0000 - 0x00007ffe7938a000 	C:\Windows\system32\ADVAPI32.dll
0x00007ffe6de40000 - 0x00007ffe6de5e000 	C:\Windows\SYSTEM32\MPR.dll
0x00007ffe770e0000 - 0x00007ffe77221000 	C:\Windows\system32\RPCRT4.dll
0x00007ffe79390000 - 0x00007ffe793e9000 	C:\Windows\SYSTEM32\sechost.dll
0x00007ffe76ec0000 - 0x00007ffe770d1000 	C:\Windows\SYSTEM32\combase.dll
0x00007ffe78dc0000 - 0x00007ffe78f10000 	C:\Windows\system32\GDI32.dll
0x00007ffe768d0000 - 0x00007ffe768e5000 	C:\Windows\SYSTEM32\profapi.dll
0x00007ffe75190000 - 0x00007ffe75242000 	C:\Windows\SYSTEM32\SHCORE.dll
0x00007ffe78d80000 - 0x00007ffe78db6000 	C:\Windows\system32\IMM32.DLL
0x00007ffe790c0000 - 0x00007ffe79212000 	C:\Windows\system32\MSCTF.dll
0x00007ffe74d10000 - 0x00007ffe74f8b000 	C:\Windows\WinSxS\amd64_microsoft.windows.common-controls_6595b64144ccf1df_6.0.9600.18006_none_623f33d3ecbe86e8\COMCTL32.dll
0x0000000065b60000 - 0x0000000065c32000 	C:\Program Files\Java\jdk1.7.0_80\jre\bin\msvcr100.dll
0x0000000065e90000 - 0x0000000066669000 	C:\Program Files\Java\jdk1.7.0_80\jre\bin\server\jvm.dll
0x00007ffe72cf0000 - 0x00007ffe72cf9000 	C:\Windows\SYSTEM32\WSOCK32.dll
0x00007ffe71b40000 - 0x00007ffe71b62000 	C:\Windows\SYSTEM32\WINMM.dll
0x00007ffe78a40000 - 0x00007ffe78a47000 	C:\Windows\system32\PSAPI.DLL
0x00007ffe79050000 - 0x00007ffe790aa000 	C:\Windows\system32\WS2_32.dll
0x00007ffe71b10000 - 0x00007ffe71b3a000 	C:\Windows\SYSTEM32\WINMMBASE.dll
0x00007ffe76eb0000 - 0x00007ffe76eb9000 	C:\Windows\system32\NSI.dll
0x00007ffe76bd0000 - 0x00007ffe76c1f000 	C:\Windows\SYSTEM32\cfgmgr32.dll
0x00007ffe756c0000 - 0x00007ffe756e8000 	C:\Windows\SYSTEM32\DEVOBJ.dll
0x0000000067c20000 - 0x0000000067c2f000 	C:\Program Files\Java\jdk1.7.0_80\jre\bin\verify.dll
0x0000000067130000 - 0x0000000067158000 	C:\Program Files\Java\jdk1.7.0_80\jre\bin\java.dll
0x0000000067c00000 - 0x0000000067c16000 	C:\Program Files\Java\jdk1.7.0_80\jre\bin\zip.dll
0x0000000067110000 - 0x000000006712a000 	C:\Program Files\Java\jdk1.7.0_80\jre\bin\net.dll
0x00007ffe761b0000 - 0x00007ffe76209000 	C:\Windows\system32\mswsock.dll
0x0000000067040000 - 0x0000000067051000 	C:\Program Files\Java\jdk1.7.0_80\jre\bin\nio.dll

VM Arguments:
jvm_args: -Djava.awt.headless=true -Xmx1024M -Dfile.encoding=windows-1252 -Duser.country=US -Duser.language=en -Duser.variant 
java_command: com.android.dx.command.Main --dex --num-threads=4 --output C:\Users\abacalu\Downloads\safeliveinterface\s\app\build\intermediates\pre-dexed\debug\com.google.android.gms-play-services-fitness-8.4.0_27b83b17278be7012201e775d1021b66b42c9447.jar C:\Users\abacalu\Downloads\safeliveinterface\s\app\build\intermediates\exploded-aar\com.google.android.gms\play-services-fitness\8.4.0\jars\classes.jar
Launcher Type: SUN_STANDARD

Environment Variables:
JAVA_HOME=C:\Program Files\Java\jdk1.7.0_80
PATH=C:\Program Files (x86)\Intel\iCLS Client\;C:\Program Files\Intel\iCLS Client\;C:\Program Files\Broadcom\Broadcom 802.11;C:\ProgramData\Oracle\Java\javapath;C:\Windows\system32;C:\Windows;C:\Windows\System32\Wbem;C:\Windows\System32\WindowsPowerShell\v1.0\;C:\Windows\CCM;C:\Program Files\OpenVPN\bin;C:\Program Files\Intel\Intel(R) Management Engine Components\DAL;C:\Program Files\Intel\Intel(R) Management Engine Components\IPT;C:\Program Files (x86)\Intel\Intel(R) Management Engine Components\DAL;C:\Program Files (x86)\Intel\Intel(R) Management Engine Components\IPT;C:\Program Files (x86)\Skype\Phone\;C:\Android\sdk\tools;C:\Android\sdk\platform-tools;C:\Program Files\Java\jdk1.7.0_80\bin;C:\Program Files\Git\cmd
USERNAME=abacalu
OS=Windows_NT
PROCESSOR_IDENTIFIER=Intel64 Family 6 Model 60 Stepping 3, GenuineIntel



---------------  S Y S T E M  ---------------

OS: Windows 8.1 , 64 bit Build 9600 

CPU:total 4 (2 cores per cpu, 2 threads per core) family 6 model 60 stepping 3, cmov, cx8, fxsr, mmx, sse, sse2, sse3, ssse3, sse4.1, sse4.2, popcnt, avx, avx2, aes, erms, ht, tsc, tscinvbit

Memory: 4k page, physical 8299612k(1008416k free), swap 11445340k(5380k free)

vm_info: Java HotSpot(TM) 64-Bit Server VM (24.80-b11) for windows-amd64 JRE (1.7.0_80-b15), built on Apr 10 2015 11:26:34 by "java_re" with unknown MS VC++:1600

time: Thu Feb 18 17:46:25 2016
elapsed time: 6 seconds

