#
# There is insufficient memory for the Java Runtime Environment to continue.
# Native memory allocation (malloc) failed to allocate 207056 bytes for Chunk::new
# Possible reasons:
#   The system is out of physical RAM or swap space
#   In 32 bit mode, the process size limit was hit
# Possible solutions:
#   Reduce memory load on the system
#   Increase physical memory or swap space
#   Check if swap backing store is full
#   Use 64 bit Java on a 64 bit OS
#   Decrease Java heap size (-Xmx/-Xms)
#   Decrease number of Java threads
#   Decrease Java thread stack sizes (-Xss)
#   Set larger code cache with -XX:ReservedCodeCacheSize=
# This output file may be truncated or incomplete.
#
#  Out of Memory Error (allocation.cpp:323), pid=1092, tid=4188
#
# JRE version: Java(TM) SE Runtime Environment (7.0_80-b15) (build 1.7.0_80-b15)
# Java VM: Java HotSpot(TM) 64-Bit Server VM (24.80-b11 mixed mode windows-amd64 compressed oops)
# Failed to write core dump. Minidumps are not enabled by default on client versions of Windows
#

---------------  T H R E A D  ---------------

Current thread (0x0000000008225000):  JavaThread "C2 CompilerThread0" daemon [_thread_in_native, id=4188, stack(0x00000000097a0000,0x00000000098a0000)]

Stack: [0x00000000097a0000,0x00000000098a0000]
[error occurred during error reporting (printing stack bounds), id 0xc0000005]


[error occurred during error reporting (printing native stack), id 0xc0000005]


Current CompileTask:
C2:   1470  178             com.android.dx.ssa.LocalVariableExtractor::processBlock (383 bytes)


---------------  P R O C E S S  ---------------

Java Threads: ( => current thread )
  0x0000000009d09800 JavaThread "pool-1-thread-4" [_thread_in_Java, id=8936, stack(0x000000000a3a0000,0x000000000a4a0000)]
  0x0000000009ca6800 JavaThread "pool-1-thread-3" [_thread_in_Java, id=9892, stack(0x000000000a2a0000,0x000000000a3a0000)]
  0x0000000009ca6000 JavaThread "pool-1-thread-2" [_thread_in_vm, id=5672, stack(0x000000000a1a0000,0x000000000a2a0000)]
  0x0000000009d1f000 JavaThread "pool-2-thread-1" [_thread_blocked, id=7392, stack(0x000000000a0a0000,0x000000000a1a0000)]
  0x0000000009c45000 JavaThread "pool-1-thread-1" [_thread_in_Java, id=8520, stack(0x0000000009fa0000,0x000000000a0a0000)]
  0x0000000008235000 JavaThread "Service Thread" daemon [_thread_blocked, id=10868, stack(0x00000000099a0000,0x0000000009aa0000)]
  0x000000000822e800 JavaThread "C2 CompilerThread1" daemon [_thread_in_native, id=6588, stack(0x00000000098a0000,0x00000000099a0000)]
=>0x0000000008225000 JavaThread "C2 CompilerThread0" daemon [_thread_in_native, id=4188, stack(0x00000000097a0000,0x00000000098a0000)]
  0x0000000008224000 JavaThread "Attach Listener" daemon [_thread_blocked, id=3196, stack(0x00000000096a0000,0x00000000097a0000)]
  0x0000000008220800 JavaThread "Signal Dispatcher" daemon [_thread_blocked, id=7872, stack(0x00000000095a0000,0x00000000096a0000)]
  0x00000000081ee800 JavaThread "Finalizer" daemon [_thread_blocked, id=2316, stack(0x00000000094a0000,0x00000000095a0000)]
  0x00000000081e5800 JavaThread "Reference Handler" daemon [_thread_blocked, id=6984, stack(0x00000000093a0000,0x00000000094a0000)]
  0x0000000002351000 JavaThread "main" [_thread_in_Java, id=156, stack(0x0000000002170000,0x0000000002270000)]

Other Threads:
  0x00000000081e1800 VMThread [stack: 0x00000000092a0000,0x00000000093a0000] [id=9240]
  0x0000000008243800 WatcherThread [stack: 0x0000000009aa0000,0x0000000009ba0000] [id=2328]

VM state:not at safepoint (normal execution)

VM Mutex/Monitor currently owned by a thread: None

Heap
 PSYoungGen      total 38400K, used 27586K [0x00000000eaa80000, 0x00000000ed500000, 0x0000000100000000)
  eden space 33280K, 82% used [0x00000000eaa80000,0x00000000ec570b80,0x00000000ecb00000)
  from space 5120K, 0% used [0x00000000ed000000,0x00000000ed000000,0x00000000ed500000)
  to   space 5120K, 0% used [0x00000000ecb00000,0x00000000ecb00000,0x00000000ed000000)
 ParOldGen       total 86528K, used 0K [0x00000000c0000000, 0x00000000c5480000, 0x00000000eaa80000)
  object space 86528K, 0% used [0x00000000c0000000,0x00000000c0000000,0x00000000c5480000)
 PSPermGen       total 21504K, used 5748K [0x00000000bae00000, 0x00000000bc300000, 0x00000000c0000000)
  object space 21504K, 26% used [0x00000000bae00000,0x00000000bb39d1b0,0x00000000bc300000)

Card table byte_map: [0x0000000005450000,0x0000000005680000] byte_map_base: 0x0000000004e79000

Polling page: 0x0000000000950000

Code Cache  [0x0000000002450000, 0x00000000026c0000, 0x0000000005450000)
 total_blobs=426 nmethods=189 adapters=189 free_code_cache=48413Kb largest_free_block=49547264

Compilation events (10 events):
Event: 1.445 Thread 0x000000000822e800 nmethod 186 0x00000000024f19d0 code [0x00000000024f1b00, 0x00000000024f1b98]
Event: 1.445 Thread 0x000000000822e800  187             com.android.dx.rop.code.Rop::isCallLike (5 bytes)
Event: 1.445 Thread 0x000000000822e800 nmethod 187 0x00000000024f17d0 code [0x00000000024f1900, 0x00000000024f1958]
Event: 1.445 Thread 0x000000000822e800  188             com.android.dx.util.FixedSizeList::getOrNull0 (7 bytes)
Event: 1.445 Thread 0x000000000822e800 nmethod 188 0x00000000024f1550 code [0x00000000024f1680, 0x00000000024f1718]
Event: 1.445 Thread 0x000000000822e800  189             com.android.dx.util.Bits::clear (21 bytes)
Event: 1.446 Thread 0x000000000822e800 nmethod 189 0x0000000002503a50 code [0x0000000002503b80, 0x0000000002503c18]
Event: 1.446 Thread 0x000000000822e800  190             com.android.dx.dex.code.DalvInsn::<init> (67 bytes)
Event: 1.447 Thread 0x000000000822e800 nmethod 190 0x0000000002501f90 code [0x00000000025020c0, 0x0000000002502198]
Event: 1.447 Thread 0x000000000822e800  191             com.android.dx.ssa.Dominators::run (506 bytes)

GC Heap History (0 events):
No events

Deoptimization events (7 events):
Event: 0.692 Thread 0x0000000009d09800 Uncommon trap: reason=unstable_if action=reinterpret pc=0x00000000024c2d38 method=com.android.dx.cf.code.Ropper.labelToResultIndex(I)I @ 34
Event: 0.862 Thread 0x0000000002351000 Uncommon trap: reason=unstable_if action=reinterpret pc=0x00000000024c9e5c method=com.android.dx.ssa.DeadCodeRemover.isCircularNoSideEffect(ILjava/util/BitSet;)Z @ 130
Event: 0.972 Thread 0x0000000002351000 Uncommon trap: reason=class_check action=maybe_recompile pc=0x00000000024c7dd0 method=com.android.dx.ssa.NormalSsaInsn.accept(Lcom/android/dx/ssa/SsaInsn$Visitor;)V @ 9
Event: 0.972 Thread 0x0000000002351000 Uncommon trap: reason=class_check action=maybe_recompile pc=0x00000000024c7dd0 method=com.android.dx.ssa.NormalSsaInsn.accept(Lcom/android/dx/ssa/SsaInsn$Visitor;)V @ 9
Event: 0.972 Thread 0x0000000002351000 Uncommon trap: reason=class_check action=maybe_recompile pc=0x00000000024c7dd0 method=com.android.dx.ssa.NormalSsaInsn.accept(Lcom/android/dx/ssa/SsaInsn$Visitor;)V @ 9
Event: 0.975 Thread 0x0000000002351000 Uncommon trap: reason=class_check action=maybe_recompile pc=0x00000000024c7dd0 method=com.android.dx.ssa.NormalSsaInsn.accept(Lcom/android/dx/ssa/SsaInsn$Visitor;)V @ 9
Event: 0.994 Thread 0x0000000002351000 Uncommon trap: reason=null_check action=make_not_entrant pc=0x00000000024d7d64 method=com.android.dx.rop.code.LocalItem.equals(Ljava/lang/Object;)Z @ 1

Internal exceptions (10 events):
Event: 0.855 Thread 0x0000000009ca6000 Threw 0x00000000eb470360 at C:\re\jdk7u80\2329\hotspot\src\share\vm\prims\jvm.cpp:1319
Event: 0.856 Thread 0x0000000009ca6000 Threw 0x00000000eb478ba0 at C:\re\jdk7u80\2329\hotspot\src\share\vm\prims\jvm.cpp:1319
Event: 0.857 Thread 0x0000000002351000 Threw 0x00000000eb6c6b28 at C:\re\jdk7u80\2329\hotspot\src\share\vm\prims\jvm.cpp:1319
Event: 0.857 Thread 0x0000000009c45000 Threw 0x00000000eb531ed0 at C:\re\jdk7u80\2329\hotspot\src\share\vm\prims\jvm.cpp:1319
Event: 0.858 Thread 0x0000000009ca6800 Threw 0x00000000eb2f6148 at C:\re\jdk7u80\2329\hotspot\src\share\vm\prims\jvm.cpp:1319
Event: 0.868 Thread 0x0000000002351000 Threw 0x00000000eb871160 at C:\re\jdk7u80\2329\hotspot\src\share\vm\prims\jvm.cpp:1319
Event: 0.994 Thread 0x0000000002351000 Implicit null exception at 0x00000000024d7b51 to 0x00000000024d7d4d
Event: 1.001 Thread 0x0000000002351000 Threw 0x00000000ebb6b958 at C:\re\jdk7u80\2329\hotspot\src\share\vm\prims\jvm.cpp:1319
Event: 1.003 Thread 0x0000000002351000 Threw 0x00000000ebb74950 at C:\re\jdk7u80\2329\hotspot\src\share\vm\prims\jvm.cpp:1319
Event: 1.040 Thread 0x0000000009ca6800 Threw 0x00000000ebc2c8b8 at C:\re\jdk7u80\2329\hotspot\src\share\vm\prims\jvm.cpp:1319

Events (10 events):
Event: 0.975 Thread 0x0000000002351000 DEOPT UNPACKING pc=0x00000000024875a4 sp=0x000000000226e7a0 mode 2
Event: 0.994 Thread 0x0000000002351000 Uncommon trap: trap_request=0xfffffff4 fr.pc=0x00000000024d7d64
Event: 0.994 Thread 0x0000000002351000 DEOPT PACKING pc=0x00000000024d7d64 sp=0x000000000226e670
Event: 0.994 Thread 0x0000000002351000 DEOPT UNPACKING pc=0x00000000024875a4 sp=0x000000000226e5b0 mode 2
Event: 1.001 loading class 0x000000000826bb40
Event: 1.001 loading class 0x000000000826bb40 done
Event: 1.003 loading class 0x0000000009be2e70
Event: 1.003 loading class 0x0000000009be2e70 done
Event: 1.040 loading class 0x0000000009ca5340
Event: 1.040 loading class 0x0000000009ca5340 done


Dynamic libraries:
0x00007ff692060000 - 0x00007ff692093000 	C:\Program Files\Java\jdk1.7.0_80\bin\java.exe
0x00007ffe79780000 - 0x00007ffe7992c000 	C:\Windows\SYSTEM32\ntdll.dll
0x00007ffe773d0000 - 0x00007ffe7750e000 	C:\Windows\system32\KERNEL32.DLL
0x00007ffe769a0000 - 0x00007ffe76ab5000 	C:\Windows\system32\KERNELBASE.dll
0x0000000069720000 - 0x00000000697ce000 	C:\Program Files\Bitdefender\Endpoint\Signatures\AVC\AVC3_00532_002\avcuf64.dll
0x00007ffe74c80000 - 0x00007ffe74d0e000 	C:\Windows\system32\apphelp.dll
0x00007ffe481e0000 - 0x00007ffe48233000 	C:\Windows\AppPatch\AppPatch64\AcGenral.DLL
0x00007ffe76e00000 - 0x00007ffe76eaa000 	C:\Windows\system32\msvcrt.dll
0x00007ffe76770000 - 0x00007ffe7679e000 	C:\Windows\SYSTEM32\SspiCli.dll
0x00007ffe79280000 - 0x00007ffe792d4000 	C:\Windows\system32\SHLWAPI.dll
0x00007ffe78b40000 - 0x00007ffe78cb7000 	C:\Windows\system32\USER32.dll
0x00007ffe77230000 - 0x00007ffe773c4000 	C:\Windows\system32\ole32.dll
0x00007ffe77510000 - 0x00007ffe78a3b000 	C:\Windows\system32\SHELL32.dll
0x00007ffe75ef0000 - 0x00007ffe75f11000 	C:\Windows\SYSTEM32\USERENV.dll
0x00007ffe792e0000 - 0x00007ffe7938a000 	C:\Windows\system32\ADVAPI32.dll
0x00007ffe6de40000 - 0x00007ffe6de5e000 	C:\Windows\SYSTEM32\MPR.dll
0x00007ffe770e0000 - 0x00007ffe77221000 	C:\Windows\system32\RPCRT4.dll
0x00007ffe79390000 - 0x00007ffe793e9000 	C:\Windows\SYSTEM32\sechost.dll
0x00007ffe76ec0000 - 0x00007ffe770d1000 	C:\Windows\SYSTEM32\combase.dll
0x00007ffe78dc0000 - 0x00007ffe78f10000 	C:\Windows\system32\GDI32.dll
0x00007ffe768d0000 - 0x00007ffe768e5000 	C:\Windows\SYSTEM32\profapi.dll
0x00007ffe75190000 - 0x00007ffe75242000 	C:\Windows\SYSTEM32\SHCORE.dll
0x00007ffe78d80000 - 0x00007ffe78db6000 	C:\Windows\system32\IMM32.DLL
0x00007ffe790c0000 - 0x00007ffe79212000 	C:\Windows\system32\MSCTF.dll
0x00007ffe74d10000 - 0x00007ffe74f8b000 	C:\Windows\WinSxS\amd64_microsoft.windows.common-controls_6595b64144ccf1df_6.0.9600.18006_none_623f33d3ecbe86e8\COMCTL32.dll
0x0000000065ad0000 - 0x0000000065ba2000 	C:\Program Files\Java\jdk1.7.0_80\jre\bin\msvcr100.dll
0x0000000065e90000 - 0x0000000066669000 	C:\Program Files\Java\jdk1.7.0_80\jre\bin\server\jvm.dll
0x00007ffe72cf0000 - 0x00007ffe72cf9000 	C:\Windows\SYSTEM32\WSOCK32.dll
0x00007ffe71b40000 - 0x00007ffe71b62000 	C:\Windows\SYSTEM32\WINMM.dll
0x00007ffe78a40000 - 0x00007ffe78a47000 	C:\Windows\system32\PSAPI.DLL
0x00007ffe79050000 - 0x00007ffe790aa000 	C:\Windows\system32\WS2_32.dll
0x00007ffe71b10000 - 0x00007ffe71b3a000 	C:\Windows\SYSTEM32\WINMMBASE.dll
0x00007ffe76eb0000 - 0x00007ffe76eb9000 	C:\Windows\system32\NSI.dll
0x00007ffe76bd0000 - 0x00007ffe76c1f000 	C:\Windows\SYSTEM32\cfgmgr32.dll
0x00007ffe756c0000 - 0x00007ffe756e8000 	C:\Windows\SYSTEM32\DEVOBJ.dll
0x0000000067100000 - 0x000000006710f000 	C:\Program Files\Java\jdk1.7.0_80\jre\bin\verify.dll
0x0000000066f80000 - 0x0000000066fa8000 	C:\Program Files\Java\jdk1.7.0_80\jre\bin\java.dll
0x0000000066790000 - 0x00000000667a6000 	C:\Program Files\Java\jdk1.7.0_80\jre\bin\zip.dll
0x0000000066770000 - 0x000000006678a000 	C:\Program Files\Java\jdk1.7.0_80\jre\bin\net.dll
0x00007ffe761b0000 - 0x00007ffe76209000 	C:\Windows\system32\mswsock.dll
0x0000000066750000 - 0x0000000066761000 	C:\Program Files\Java\jdk1.7.0_80\jre\bin\nio.dll

VM Arguments:
jvm_args: -Djava.awt.headless=true -Xmx1024M -Dfile.encoding=windows-1252 -Duser.country=US -Duser.language=en -Duser.variant 
java_command: com.android.dx.command.Main --dex --num-threads=4 --output C:\Users\abacalu\Downloads\safeliveinterface\safeliveinterface-interfacesafeliveelderly\app\build\intermediates\pre-dexed\debug\MPAndroidChart-v2.1.6_e8238d7daaed9fcf3a5ac209012eeed6d9c942b4.jar C:\Users\abacalu\.gradle\caches\modules-2\files-2.1\com.github.PhilJay\MPAndroidChart\v2.1.6\b036abbb61656165da99cf44898e4b9123687e65\MPAndroidChart-v2.1.6.jar
Launcher Type: SUN_STANDARD

Environment Variables:
JAVA_HOME=C:\Program Files\Java\jdk1.7.0_80
PATH=C:\Program Files (x86)\Intel\iCLS Client\;C:\Program Files\Intel\iCLS Client\;C:\Program Files\Broadcom\Broadcom 802.11;C:\ProgramData\Oracle\Java\javapath;C:\Windows\system32;C:\Windows;C:\Windows\System32\Wbem;C:\Windows\System32\WindowsPowerShell\v1.0\;C:\Windows\CCM;C:\Program Files\OpenVPN\bin;C:\Program Files\Intel\Intel(R) Management Engine Components\DAL;C:\Program Files\Intel\Intel(R) Management Engine Components\IPT;C:\Program Files (x86)\Intel\Intel(R) Management Engine Components\DAL;C:\Program Files (x86)\Intel\Intel(R) Management Engine Components\IPT;C:\Program Files (x86)\Skype\Phone\;C:\Android\sdk\tools;C:\Android\sdk\platform-tools;C:\Program Files\Java\jdk1.7.0_80\bin;C:\Program Files\Git\cmd
USERNAME=abacalu
OS=Windows_NT
PROCESSOR_IDENTIFIER=Intel64 Family 6 Model 60 Stepping 3, GenuineIntel



---------------  S Y S T E M  ---------------

OS: Windows 8.1 , 64 bit Build 9600 

CPU:total 4 (2 cores per cpu, 2 threads per core) family 6 model 60 stepping 3, cmov, cx8, fxsr, mmx, sse, sse2, sse3, ssse3, sse4.1, sse4.2, popcnt, avx, avx2, aes, erms, ht, tsc, tscinvbit

Memory: 4k page, physical 8299612k(1172308k free), swap 11445340k(5212k free)

vm_info: Java HotSpot(TM) 64-Bit Server VM (24.80-b11) for windows-amd64 JRE (1.7.0_80-b15), built on Apr 10 2015 11:26:34 by "java_re" with unknown MS VC++:1600

time: Thu Feb 18 09:27:50 2016
elapsed time: 1 seconds

