#
# There is insufficient memory for the Java Runtime Environment to continue.
# Native memory allocation (malloc) failed to allocate 1112848 bytes for Chunk::new
# Possible reasons:
#   The system is out of physical RAM or swap space
#   In 32 bit mode, the process size limit was hit
# Possible solutions:
#   Reduce memory load on the system
#   Increase physical memory or swap space
#   Check if swap backing store is full
#   Use 64 bit Java on a 64 bit OS
#   Decrease Java heap size (-Xmx/-Xms)
#   Decrease number of Java threads
#   Decrease Java thread stack sizes (-Xss)
#   Set larger code cache with -XX:ReservedCodeCacheSize=
# This output file may be truncated or incomplete.
#
#  Out of Memory Error (allocation.cpp:323), pid=1080, tid=8344
#
# JRE version: Java(TM) SE Runtime Environment (7.0_80-b15) (build 1.7.0_80-b15)
# Java VM: Java HotSpot(TM) 64-Bit Server VM (24.80-b11 mixed mode windows-amd64 compressed oops)
# Failed to write core dump. Minidumps are not enabled by default on client versions of Windows
#

---------------  T H R E A D  ---------------

Current thread (0x0000000007f26800):  JavaThread "C2 CompilerThread1" daemon [_thread_in_native, id=8344, stack(0x0000000009580000,0x0000000009680000)]

Stack: [0x0000000009580000,0x0000000009680000]
[error occurred during error reporting (printing stack bounds), id 0xc0000005]


Current CompileTask:
C2:   6140  518   !         com.android.dx.cf.code.Ropper::processBlock (1101 bytes)


---------------  P R O C E S S  ---------------

Java Threads: ( => current thread )
  0x0000000009a84000 JavaThread "pool-1-thread-4" [_thread_in_Java, id=9988, stack(0x000000000a080000,0x000000000a180000)]
  0x0000000009a7f800 JavaThread "pool-1-thread-3" [_thread_in_Java, id=8348, stack(0x0000000009f80000,0x000000000a080000)]
  0x0000000009959000 JavaThread "pool-1-thread-2" [_thread_in_Java, id=8760, stack(0x0000000009e80000,0x0000000009f80000)]
  0x0000000009958000 JavaThread "pool-2-thread-1" [_thread_blocked, id=9596, stack(0x0000000009d80000,0x0000000009e80000)]
  0x0000000009915000 JavaThread "pool-1-thread-1" [_thread_in_Java, id=6464, stack(0x0000000009c80000,0x0000000009d80000)]
  0x0000000007f2d000 JavaThread "Service Thread" daemon [_thread_blocked, id=7708, stack(0x0000000009680000,0x0000000009780000)]
=>0x0000000007f26800 JavaThread "C2 CompilerThread1" daemon [_thread_in_native, id=8344, stack(0x0000000009580000,0x0000000009680000)]
  0x0000000007f24800 JavaThread "C2 CompilerThread0" daemon [_thread_in_native, id=8472, stack(0x0000000009480000,0x0000000009580000)]
  0x0000000007f24000 JavaThread "Attach Listener" daemon [_thread_blocked, id=10452, stack(0x0000000009380000,0x0000000009480000)]
  0x0000000007f20800 JavaThread "Signal Dispatcher" daemon [_thread_blocked, id=9160, stack(0x0000000009280000,0x0000000009380000)]
  0x0000000007ede800 JavaThread "Finalizer" daemon [_thread_blocked, id=8960, stack(0x0000000009180000,0x0000000009280000)]
  0x0000000007ed5800 JavaThread "Reference Handler" daemon [_thread_blocked, id=6576, stack(0x0000000009080000,0x0000000009180000)]
  0x0000000001f81000 JavaThread "main" [_thread_in_native, id=8824, stack(0x0000000001e10000,0x0000000001f10000)]

Other Threads:
  0x0000000007ed1800 VMThread [stack: 0x0000000008f80000,0x0000000009080000] [id=10960]
  0x0000000007f33800 WatcherThread [stack: 0x0000000009780000,0x0000000009880000] [id=10416]

VM state:not at safepoint (normal execution)

VM Mutex/Monitor currently owned by a thread: None

Heap
 PSYoungGen      total 71680K, used 31905K [0x00000000eaa80000, 0x00000000ef580000, 0x0000000100000000)
  eden space 66560K, 40% used [0x00000000eaa80000,0x00000000ec4a9638,0x00000000eeb80000)
  from space 5120K, 99% used [0x00000000ef080000,0x00000000ef57f0f8,0x00000000ef580000)
  to   space 5120K, 0% used [0x00000000eeb80000,0x00000000eeb80000,0x00000000ef080000)
 ParOldGen       total 86528K, used 16610K [0x00000000c0000000, 0x00000000c5480000, 0x00000000eaa80000)
  object space 86528K, 19% used [0x00000000c0000000,0x00000000c1038990,0x00000000c5480000)
 PSPermGen       total 21504K, used 5998K [0x00000000bae00000, 0x00000000bc300000, 0x00000000c0000000)
  object space 21504K, 27% used [0x00000000bae00000,0x00000000bb3dba40,0x00000000bc300000)

Card table byte_map: [0x0000000005140000,0x0000000005370000] byte_map_base: 0x0000000004b69000

Polling page: 0x0000000000650000

Code Cache  [0x0000000002080000, 0x00000000022f0000, 0x0000000005080000)
 total_blobs=758 nmethods=521 adapters=189 free_code_cache=47059Kb largest_free_block=48141952

Compilation events (10 events):
Event: 6.037 Thread 0x0000000007f24800 nmethod 528 0x00000000021579d0 code [0x0000000002157b20, 0x0000000002157ef8]
Event: 6.037 Thread 0x0000000007f24800  529             java.lang.StringBuilder::toString (17 bytes)
Event: 6.040 Thread 0x0000000007f24800 nmethod 529 0x000000000215c9d0 code [0x000000000215cb20, 0x000000000215ce18]
Event: 6.040 Thread 0x0000000007f24800  530             com.android.dx.cf.direct.DirectClassFile::parseToInterfacesIfNecessary (13 bytes)
Event: 6.041 Thread 0x0000000007f24800 nmethod 530 0x0000000002157750 code [0x00000000021578a0, 0x0000000002157928]
Event: 6.041 Thread 0x0000000007f24800  531             java.lang.StringBuilder::<init> (7 bytes)
Event: 6.042 Thread 0x0000000007f24800 nmethod 531 0x0000000002157450 code [0x00000000021575a0, 0x0000000002157698]
Event: 6.042 Thread 0x0000000007f24800  532             com.android.dx.dex.code.RopTranslator::pickOrder (400 bytes)
Event: 6.097 Thread 0x0000000007f24800 nmethod 532 0x00000000022930d0 code [0x0000000002293300, 0x0000000002294d10]
Event: 6.097 Thread 0x0000000007f24800  533   !         com.android.dx.cf.code.BytecodeArray::parseInstruction (2764 bytes)

GC Heap History (8 events):
Event: 3.679 GC heap before
{Heap before GC invocations=1 (full 0):
 PSYoungGen      total 38400K, used 33280K [0x00000000eaa80000, 0x00000000ed500000, 0x0000000100000000)
  eden space 33280K, 100% used [0x00000000eaa80000,0x00000000ecb00000,0x00000000ecb00000)
  from space 5120K, 0% used [0x00000000ed000000,0x00000000ed000000,0x00000000ed500000)
  to   space 5120K, 0% used [0x00000000ecb00000,0x00000000ecb00000,0x00000000ed000000)
 ParOldGen       total 86528K, used 0K [0x00000000c0000000, 0x00000000c5480000, 0x00000000eaa80000)
  object space 86528K, 0% used [0x00000000c0000000,0x00000000c0000000,0x00000000c5480000)
 PSPermGen       total 21504K, used 5831K [0x00000000bae00000, 0x00000000bc300000, 0x00000000c0000000)
  object space 21504K, 27% used [0x00000000bae00000,0x00000000bb3b1f78,0x00000000bc300000)
Event: 3.705 GC heap after
Heap after GC invocations=1 (full 0):
 PSYoungGen      total 38400K, used 5104K [0x00000000eaa80000, 0x00000000ed500000, 0x0000000100000000)
  eden space 33280K, 0% used [0x00000000eaa80000,0x00000000eaa80000,0x00000000ecb00000)
  from space 5120K, 99% used [0x00000000ecb00000,0x00000000ecffc308,0x00000000ed000000)
  to   space 5120K, 0% used [0x00000000ed000000,0x00000000ed000000,0x00000000ed500000)
 ParOldGen       total 86528K, used 1338K [0x00000000c0000000, 0x00000000c5480000, 0x00000000eaa80000)
  object space 86528K, 1% used [0x00000000c0000000,0x00000000c014e8b0,0x00000000c5480000)
 PSPermGen       total 21504K, used 5831K [0x00000000bae00000, 0x00000000bc300000, 0x00000000c0000000)
  object space 21504K, 27% used [0x00000000bae00000,0x00000000bb3b1f78,0x00000000bc300000)
}
Event: 4.433 GC heap before
{Heap before GC invocations=2 (full 0):
 PSYoungGen      total 38400K, used 38384K [0x00000000eaa80000, 0x00000000ed500000, 0x0000000100000000)
  eden space 33280K, 100% used [0x00000000eaa80000,0x00000000ecb00000,0x00000000ecb00000)
  from space 5120K, 99% used [0x00000000ecb00000,0x00000000ecffc308,0x00000000ed000000)
  to   space 5120K, 0% used [0x00000000ed000000,0x00000000ed000000,0x00000000ed500000)
 ParOldGen       total 86528K, used 1338K [0x00000000c0000000, 0x00000000c5480000, 0x00000000eaa80000)
  object space 86528K, 1% used [0x00000000c0000000,0x00000000c014e8b0,0x00000000c5480000)
 PSPermGen       total 21504K, used 5923K [0x00000000bae00000, 0x00000000bc300000, 0x00000000c0000000)
  object space 21504K, 27% used [0x00000000bae00000,0x00000000bb3c8c20,0x00000000bc300000)
Event: 4.473 GC heap after
Heap after GC invocations=2 (full 0):
 PSYoungGen      total 38400K, used 5088K [0x00000000eaa80000, 0x00000000ef580000, 0x0000000100000000)
  eden space 33280K, 0% used [0x00000000eaa80000,0x00000000eaa80000,0x00000000ecb00000)
  from space 5120K, 99% used [0x00000000ed000000,0x00000000ed4f8240,0x00000000ed500000)
  to   space 5120K, 0% used [0x00000000ecb00000,0x00000000ecb00000,0x00000000ed000000)
 ParOldGen       total 86528K, used 5836K [0x00000000c0000000, 0x00000000c5480000, 0x00000000eaa80000)
  object space 86528K, 6% used [0x00000000c0000000,0x00000000c05b32e8,0x00000000c5480000)
 PSPermGen       total 21504K, used 5923K [0x00000000bae00000, 0x00000000bc300000, 0x00000000c0000000)
  object space 21504K, 27% used [0x00000000bae00000,0x00000000bb3c8c20,0x00000000bc300000)
}
Event: 5.151 GC heap before
{Heap before GC invocations=3 (full 0):
 PSYoungGen      total 38400K, used 38368K [0x00000000eaa80000, 0x00000000ef580000, 0x0000000100000000)
  eden space 33280K, 100% used [0x00000000eaa80000,0x00000000ecb00000,0x00000000ecb00000)
  from space 5120K, 99% used [0x00000000ed000000,0x00000000ed4f8240,0x00000000ed500000)
  to   space 5120K, 0% used [0x00000000ecb00000,0x00000000ecb00000,0x00000000ed000000)
 ParOldGen       total 86528K, used 5836K [0x00000000c0000000, 0x00000000c5480000, 0x00000000eaa80000)
  object space 86528K, 6% used [0x00000000c0000000,0x00000000c05b32e8,0x00000000c5480000)
 PSPermGen       total 21504K, used 5957K [0x00000000bae00000, 0x00000000bc300000, 0x00000000c0000000)
  object space 21504K, 27% used [0x00000000bae00000,0x00000000bb3d16c8,0x00000000bc300000)
Event: 5.206 GC heap after
Heap after GC invocations=3 (full 0):
 PSYoungGen      total 38400K, used 5091K [0x00000000eaa80000, 0x00000000ef580000, 0x0000000100000000)
  eden space 33280K, 0% used [0x00000000eaa80000,0x00000000eaa80000,0x00000000ecb00000)
  from space 5120K, 99% used [0x00000000ecb00000,0x00000000ecff8d58,0x00000000ed000000)
  to   space 5120K, 0% used [0x00000000ef080000,0x00000000ef080000,0x00000000ef580000)
 ParOldGen       total 86528K, used 11269K [0x00000000c0000000, 0x00000000c5480000, 0x00000000eaa80000)
  object space 86528K, 13% used [0x00000000c0000000,0x00000000c0b016a8,0x00000000c5480000)
 PSPermGen       total 21504K, used 5957K [0x00000000bae00000, 0x00000000bc300000, 0x00000000c0000000)
  object space 21504K, 27% used [0x00000000bae00000,0x00000000bb3d16c8,0x00000000bc300000)
}
Event: 5.848 GC heap before
{Heap before GC invocations=4 (full 0):
 PSYoungGen      total 38400K, used 38371K [0x00000000eaa80000, 0x00000000ef580000, 0x0000000100000000)
  eden space 33280K, 100% used [0x00000000eaa80000,0x00000000ecb00000,0x00000000ecb00000)
  from space 5120K, 99% used [0x00000000ecb00000,0x00000000ecff8d58,0x00000000ed000000)
  to   space 5120K, 0% used [0x00000000ef080000,0x00000000ef080000,0x00000000ef580000)
 ParOldGen       total 86528K, used 11269K [0x00000000c0000000, 0x00000000c5480000, 0x00000000eaa80000)
  object space 86528K, 13% used [0x00000000c0000000,0x00000000c0b016a8,0x00000000c5480000)
 PSPermGen       total 21504K, used 5982K [0x00000000bae00000, 0x00000000bc300000, 0x00000000c0000000)
  object space 21504K, 27% used [0x00000000bae00000,0x00000000bb3d79e0,0x00000000bc300000)
Event: 5.883 GC heap after
Heap after GC invocations=4 (full 0):
 PSYoungGen      total 71680K, used 5116K [0x00000000eaa80000, 0x00000000ef580000, 0x0000000100000000)
  eden space 66560K, 0% used [0x00000000eaa80000,0x00000000eaa80000,0x00000000eeb80000)
  from space 5120K, 99% used [0x00000000ef080000,0x00000000ef57f0f8,0x00000000ef580000)
  to   space 5120K, 0% used [0x00000000eeb80000,0x00000000eeb80000,0x00000000ef080000)
 ParOldGen       total 86528K, used 16610K [0x00000000c0000000, 0x00000000c5480000, 0x00000000eaa80000)
  object space 86528K, 19% used [0x00000000c0000000,0x00000000c1038990,0x00000000c5480000)
 PSPermGen       total 21504K, used 5982K [0x00000000bae00000, 0x00000000bc300000, 0x00000000c0000000)
  object space 21504K, 27% used [0x00000000bae00000,0x00000000bb3d79e0,0x00000000bc300000)
}

Deoptimization events (10 events):
Event: 4.914 Thread 0x0000000009a84000 Uncommon trap: reason=class_check action=maybe_recompile pc=0x00000000021c96a8 method=com.android.dx.cf.code.BytecodeArray.parseInstruction(ILcom/android/dx/cf/code/BytecodeArray$Visitor;)I @ 1003
Event: 5.147 Thread 0x0000000009915000 Uncommon trap: reason=unstable_if action=reinterpret pc=0x00000000021d7734 method=com.android.dx.ssa.LiteralOpUpgrader$1.visitNonMoveInsn(Lcom/android/dx/ssa/NormalSsaInsn;)V @ 55
Event: 5.232 Thread 0x0000000009a7f800 Uncommon trap: reason=bimorphic action=maybe_recompile pc=0x00000000021c94d8 method=com.android.dx.cf.code.BytecodeArray.parseInstruction(ILcom/android/dx/cf/code/BytecodeArray$Visitor;)I @ 939
Event: 5.232 Thread 0x0000000009a7f800 Uncommon trap: reason=bimorphic action=maybe_recompile pc=0x00000000021c94d8 method=com.android.dx.cf.code.BytecodeArray.parseInstruction(ILcom/android/dx/cf/code/BytecodeArray$Visitor;)I @ 939
Event: 5.263 Thread 0x0000000009959000 Uncommon trap: reason=bimorphic action=maybe_recompile pc=0x00000000021c94d8 method=com.android.dx.cf.code.BytecodeArray.parseInstruction(ILcom/android/dx/cf/code/BytecodeArray$Visitor;)I @ 939
Event: 5.263 Thread 0x0000000009959000 Uncommon trap: reason=bimorphic action=maybe_recompile pc=0x00000000021c94d8 method=com.android.dx.cf.code.BytecodeArray.parseInstruction(ILcom/android/dx/cf/code/BytecodeArray$Visitor;)I @ 939
Event: 5.805 Thread 0x0000000009959000 Uncommon trap: reason=null_check action=make_not_entrant pc=0x000000000226ba44 method=com.android.dx.dex.file.FieldIdsSection.intern(Lcom/android/dx/rop/cst/CstFieldRef;)Lcom/android/dx/dex/file/FieldIdItem; @ 26
Event: 5.899 Thread 0x0000000009915000 Uncommon trap: reason=null_check action=make_not_entrant pc=0x000000000226ba44 method=com.android.dx.dex.file.FieldIdsSection.intern(Lcom/android/dx/rop/cst/CstFieldRef;)Lcom/android/dx/dex/file/FieldIdItem; @ 26
Event: 6.125 Thread 0x0000000009a7f800 Uncommon trap: reason=unstable_if action=reinterpret pc=0x000000000221f378 method=com.android.dx.ssa.InterferenceRegisterMapper.interferes(III)Z @ 69
Event: 6.126 Thread 0x0000000009a84000 Uncommon trap: reason=bimorphic action=maybe_recompile pc=0x00000000021e2ac8 method=com.android.dx.ssa.LiteralOpUpgrader.tryReplacingWithConstant(Lcom/android/dx/ssa/NormalSsaInsn;)Z @ 62

Internal exceptions (10 events):
Event: 2.218 Thread 0x0000000009a84000 Threw 0x00000000ebb40928 at C:\re\jdk7u80\2329\hotspot\src\share\vm\prims\jvm.cpp:1319
Event: 2.390 Thread 0x0000000009a7f800 Threw 0x00000000eb96e7d0 at C:\re\jdk7u80\2329\hotspot\src\share\vm\prims\jvm.cpp:1319
Event: 2.515 Thread 0x0000000009959000 Implicit null exception at 0x0000000002101ed2 to 0x00000000021020f5
Event: 2.784 Thread 0x0000000009a84000 Threw 0x00000000ebeee488 at C:\re\jdk7u80\2329\hotspot\src\share\vm\prims\jvm.cpp:1319
Event: 2.907 Thread 0x0000000009915000 Threw 0x00000000ebfa0988 at C:\re\jdk7u80\2329\hotspot\src\share\vm\prims\jvm.cpp:1319
Event: 3.463 Thread 0x0000000001f81000 Implicit null exception at 0x00000000021382b1 to 0x00000000021397b5
Event: 3.722 Thread 0x0000000001f81000 Implicit null exception at 0x000000000214b3e7 to 0x000000000214ba81
Event: 3.826 Thread 0x0000000001f81000 Threw 0x00000000eb2299d8 at C:\re\jdk7u80\2329\hotspot\src\share\vm\prims\jvm.cpp:1319
Event: 4.890 Thread 0x0000000009a7f800 Threw 0x00000000ebdb9fe0 at C:\re\jdk7u80\2329\hotspot\src\share\vm\prims\jvm.cpp:1319
Event: 5.147 Thread 0x0000000009915000 Threw 0x00000000eca95ee0 at C:\re\jdk7u80\2329\hotspot\src\share\vm\prims\jvm.cpp:1319

Events (10 events):
Event: 5.925 Thread 0x0000000007f24800 flushing nmethod 0x0000000002156dd0
Event: 5.925 Thread 0x0000000007f24800 flushing nmethod 0x000000000215d150
Event: 5.925 Thread 0x0000000007f24800 flushing nmethod 0x000000000216b6d0
Event: 5.925 Thread 0x0000000007f24800 flushing nmethod 0x0000000002179110
Event: 6.125 Thread 0x0000000009a7f800 Uncommon trap: trap_request=0xffffff75 fr.pc=0x000000000221f378
Event: 6.125 Thread 0x0000000009a7f800 DEOPT PACKING pc=0x000000000221f378 sp=0x000000000a07e840
Event: 6.125 Thread 0x0000000009a7f800 DEOPT UNPACKING pc=0x00000000020b75a4 sp=0x000000000a07e700 mode 2
Event: 6.126 Thread 0x0000000009a84000 Uncommon trap: trap_request=0xffffffc6 fr.pc=0x00000000021e2ac8
Event: 6.126 Thread 0x0000000009a84000 DEOPT PACKING pc=0x00000000021e2ac8 sp=0x000000000a17e880
Event: 6.126 Thread 0x0000000009a84000 DEOPT UNPACKING pc=0x00000000020b75a4 sp=0x000000000a17e7c0 mode 2


Dynamic libraries:
0x00007ff692060000 - 0x00007ff692093000 	C:\Program Files\Java\jdk1.7.0_80\bin\java.exe
0x00007ffe79780000 - 0x00007ffe7992c000 	C:\Windows\SYSTEM32\ntdll.dll
0x00007ffe773d0000 - 0x00007ffe7750e000 	C:\Windows\system32\KERNEL32.DLL
0x00007ffe769a0000 - 0x00007ffe76ab5000 	C:\Windows\system32\KERNELBASE.dll
0x0000000069720000 - 0x00000000697ce000 	C:\Program Files\Bitdefender\Endpoint\Signatures\AVC\AVC3_00532_002\avcuf64.dll
0x00007ffe74c80000 - 0x00007ffe74d0e000 	C:\Windows\system32\apphelp.dll
0x00007ffe481e0000 - 0x00007ffe48233000 	C:\Windows\AppPatch\AppPatch64\AcGenral.DLL
0x00007ffe76e00000 - 0x00007ffe76eaa000 	C:\Windows\system32\msvcrt.dll
0x00007ffe76770000 - 0x00007ffe7679e000 	C:\Windows\SYSTEM32\SspiCli.dll
0x00007ffe79280000 - 0x00007ffe792d4000 	C:\Windows\system32\SHLWAPI.dll
0x00007ffe78b40000 - 0x00007ffe78cb7000 	C:\Windows\system32\USER32.dll
0x00007ffe77230000 - 0x00007ffe773c4000 	C:\Windows\system32\ole32.dll
0x00007ffe77510000 - 0x00007ffe78a3b000 	C:\Windows\system32\SHELL32.dll
0x00007ffe75ef0000 - 0x00007ffe75f11000 	C:\Windows\SYSTEM32\USERENV.dll
0x00007ffe792e0000 - 0x00007ffe7938a000 	C:\Windows\system32\ADVAPI32.dll
0x00007ffe6de40000 - 0x00007ffe6de5e000 	C:\Windows\SYSTEM32\MPR.dll
0x00007ffe770e0000 - 0x00007ffe77221000 	C:\Windows\system32\RPCRT4.dll
0x00007ffe79390000 - 0x00007ffe793e9000 	C:\Windows\SYSTEM32\sechost.dll
0x00007ffe76ec0000 - 0x00007ffe770d1000 	C:\Windows\SYSTEM32\combase.dll
0x00007ffe78dc0000 - 0x00007ffe78f10000 	C:\Windows\system32\GDI32.dll
0x00007ffe768d0000 - 0x00007ffe768e5000 	C:\Windows\SYSTEM32\profapi.dll
0x00007ffe75190000 - 0x00007ffe75242000 	C:\Windows\SYSTEM32\SHCORE.dll
0x00007ffe78d80000 - 0x00007ffe78db6000 	C:\Windows\system32\IMM32.DLL
0x00007ffe790c0000 - 0x00007ffe79212000 	C:\Windows\system32\MSCTF.dll
0x00007ffe74d10000 - 0x00007ffe74f8b000 	C:\Windows\WinSxS\amd64_microsoft.windows.common-controls_6595b64144ccf1df_6.0.9600.18006_none_623f33d3ecbe86e8\COMCTL32.dll
0x0000000065ad0000 - 0x0000000065ba2000 	C:\Program Files\Java\jdk1.7.0_80\jre\bin\msvcr100.dll
0x0000000065e90000 - 0x0000000066669000 	C:\Program Files\Java\jdk1.7.0_80\jre\bin\server\jvm.dll
0x00007ffe72cf0000 - 0x00007ffe72cf9000 	C:\Windows\SYSTEM32\WSOCK32.dll
0x00007ffe71b40000 - 0x00007ffe71b62000 	C:\Windows\SYSTEM32\WINMM.dll
0x00007ffe78a40000 - 0x00007ffe78a47000 	C:\Windows\system32\PSAPI.DLL
0x00007ffe79050000 - 0x00007ffe790aa000 	C:\Windows\system32\WS2_32.dll
0x00007ffe71b10000 - 0x00007ffe71b3a000 	C:\Windows\SYSTEM32\WINMMBASE.dll
0x00007ffe76eb0000 - 0x00007ffe76eb9000 	C:\Windows\system32\NSI.dll
0x00007ffe76bd0000 - 0x00007ffe76c1f000 	C:\Windows\SYSTEM32\cfgmgr32.dll
0x00007ffe756c0000 - 0x00007ffe756e8000 	C:\Windows\SYSTEM32\DEVOBJ.dll
0x0000000067100000 - 0x000000006710f000 	C:\Program Files\Java\jdk1.7.0_80\jre\bin\verify.dll
0x0000000066f80000 - 0x0000000066fa8000 	C:\Program Files\Java\jdk1.7.0_80\jre\bin\java.dll
0x0000000066790000 - 0x00000000667a6000 	C:\Program Files\Java\jdk1.7.0_80\jre\bin\zip.dll
0x0000000066770000 - 0x000000006678a000 	C:\Program Files\Java\jdk1.7.0_80\jre\bin\net.dll
0x00007ffe761b0000 - 0x00007ffe76209000 	C:\Windows\system32\mswsock.dll
0x0000000066750000 - 0x0000000066761000 	C:\Program Files\Java\jdk1.7.0_80\jre\bin\nio.dll

VM Arguments:
jvm_args: -Djava.awt.headless=true -Xmx1024M -Dfile.encoding=windows-1252 -Duser.country=US -Duser.language=en -Duser.variant 
java_command: com.android.dx.command.Main --dex --num-threads=4 --output C:\Users\abacalu\Downloads\safeliveinterface\safeliveinterface-interfacesafeliveelderly\app\build\intermediates\pre-dexed\debug\com.android.support-appcompat-v7-23.1.1_5505783c0b8d8a78af0cdcf4736caeed322416fc.jar C:\Users\abacalu\Downloads\safeliveinterface\safeliveinterface-interfacesafeliveelderly\app\build\intermediates\exploded-aar\com.android.support\appcompat-v7\23.1.1\jars\classes.jar
Launcher Type: SUN_STANDARD

Environment Variables:
JAVA_HOME=C:\Program Files\Java\jdk1.7.0_80
PATH=C:\Program Files (x86)\Intel\iCLS Client\;C:\Program Files\Intel\iCLS Client\;C:\Program Files\Broadcom\Broadcom 802.11;C:\ProgramData\Oracle\Java\javapath;C:\Windows\system32;C:\Windows;C:\Windows\System32\Wbem;C:\Windows\System32\WindowsPowerShell\v1.0\;C:\Windows\CCM;C:\Program Files\OpenVPN\bin;C:\Program Files\Intel\Intel(R) Management Engine Components\DAL;C:\Program Files\Intel\Intel(R) Management Engine Components\IPT;C:\Program Files (x86)\Intel\Intel(R) Management Engine Components\DAL;C:\Program Files (x86)\Intel\Intel(R) Management Engine Components\IPT;C:\Program Files (x86)\Skype\Phone\;C:\Android\sdk\tools;C:\Android\sdk\platform-tools;C:\Program Files\Java\jdk1.7.0_80\bin;C:\Program Files\Git\cmd
USERNAME=abacalu
OS=Windows_NT
PROCESSOR_IDENTIFIER=Intel64 Family 6 Model 60 Stepping 3, GenuineIntel



---------------  S Y S T E M  ---------------

OS: Windows 8.1 , 64 bit Build 9600 

CPU:total 4 (2 cores per cpu, 2 threads per core) family 6 model 60 stepping 3, cmov, cx8, fxsr, mmx, sse, sse2, sse3, ssse3, sse4.1, sse4.2, popcnt, avx, avx2, aes, erms, ht, tsc, tscinvbit

Memory: 4k page, physical 8299612k(1258032k free), swap 11445340k(5604k free)

vm_info: Java HotSpot(TM) 64-Bit Server VM (24.80-b11) for windows-amd64 JRE (1.7.0_80-b15), built on Apr 10 2015 11:26:34 by "java_re" with unknown MS VC++:1600

time: Thu Feb 18 09:28:02 2016
elapsed time: 6 seconds

