#
# There is insufficient memory for the Java Runtime Environment to continue.
# Native memory allocation (malloc) failed to allocate 1025296 bytes for Chunk::new
# Possible reasons:
#   The system is out of physical RAM or swap space
#   In 32 bit mode, the process size limit was hit
# Possible solutions:
#   Reduce memory load on the system
#   Increase physical memory or swap space
#   Check if swap backing store is full
#   Use 64 bit Java on a 64 bit OS
#   Decrease Java heap size (-Xmx/-Xms)
#   Decrease number of Java threads
#   Decrease Java thread stack sizes (-Xss)
#   Set larger code cache with -XX:ReservedCodeCacheSize=
# This output file may be truncated or incomplete.
#
#  Out of Memory Error (allocation.cpp:323), pid=3232, tid=9772
#
# JRE version: Java(TM) SE Runtime Environment (7.0_80-b15) (build 1.7.0_80-b15)
# Java VM: Java HotSpot(TM) 64-Bit Server VM (24.80-b11 mixed mode windows-amd64 compressed oops)
# Failed to write core dump. Minidumps are not enabled by default on client versions of Windows
#

---------------  T H R E A D  ---------------

Current thread (0x000000000870e800):  JavaThread "C2 CompilerThread1" daemon [_thread_in_native, id=9772, stack(0x0000000009d70000,0x0000000009e70000)]

Stack: [0x0000000009d70000,0x0000000009e70000]
[error occurred during error reporting (printing stack bounds), id 0xc0000005]


[error occurred during error reporting (printing native stack), id 0xc0000005]


Current CompileTask:
C2:   2743  501   !         com.android.dx.cf.code.Ropper::processBlock (1101 bytes)


---------------  P R O C E S S  ---------------

Java Threads: ( => current thread )
  0x000000000a22d800 JavaThread "pool-1-thread-4" [_thread_in_Java, id=10748, stack(0x000000000a870000,0x000000000a970000)]
  0x000000000a220800 JavaThread "pool-1-thread-3" [_thread_in_Java, id=9308, stack(0x000000000a770000,0x000000000a870000)]
  0x000000000a153000 JavaThread "pool-1-thread-2" [_thread_in_Java, id=5272, stack(0x000000000a670000,0x000000000a770000)]
  0x000000000a11c000 JavaThread "pool-2-thread-1" [_thread_blocked, id=10800, stack(0x000000000a570000,0x000000000a670000)]
  0x000000000a215800 JavaThread "pool-1-thread-1" [_thread_in_Java, id=9348, stack(0x000000000a470000,0x000000000a570000)]
  0x0000000008715000 JavaThread "Service Thread" daemon [_thread_blocked, id=8708, stack(0x0000000009e70000,0x0000000009f70000)]
=>0x000000000870e800 JavaThread "C2 CompilerThread1" daemon [_thread_in_native, id=9772, stack(0x0000000009d70000,0x0000000009e70000)]
  0x0000000008705000 JavaThread "C2 CompilerThread0" daemon [_thread_in_native, id=2388, stack(0x0000000009c70000,0x0000000009d70000)]
  0x0000000008704000 JavaThread "Attach Listener" daemon [_thread_blocked, id=10648, stack(0x0000000009b70000,0x0000000009c70000)]
  0x0000000008700800 JavaThread "Signal Dispatcher" daemon [_thread_blocked, id=3984, stack(0x0000000009a70000,0x0000000009b70000)]
  0x00000000086ce800 JavaThread "Finalizer" daemon [_thread_blocked, id=5032, stack(0x0000000009970000,0x0000000009a70000)]
  0x00000000086c5800 JavaThread "Reference Handler" daemon [_thread_blocked, id=10640, stack(0x0000000009870000,0x0000000009970000)]
  0x0000000002771000 JavaThread "main" [_thread_in_Java, id=1776, stack(0x0000000002670000,0x0000000002770000)]

Other Threads:
  0x00000000086c1800 VMThread [stack: 0x0000000009770000,0x0000000009870000] [id=9988]
  0x0000000008723800 WatcherThread [stack: 0x0000000009f70000,0x000000000a070000] [id=7336]

VM state:not at safepoint (normal execution)

VM Mutex/Monitor currently owned by a thread: None

Heap
 PSYoungGen      total 71680K, used 66041K [0x00000000eaa80000, 0x00000000ef580000, 0x0000000100000000)
  eden space 66560K, 91% used [0x00000000eaa80000,0x00000000ee5fe8d8,0x00000000eeb80000)
  from space 5120K, 99% used [0x00000000ef080000,0x00000000ef57fd20,0x00000000ef580000)
  to   space 5120K, 0% used [0x00000000eeb80000,0x00000000eeb80000,0x00000000ef080000)
 ParOldGen       total 86528K, used 5918K [0x00000000c0000000, 0x00000000c5480000, 0x00000000eaa80000)
  object space 86528K, 6% used [0x00000000c0000000,0x00000000c05c7bd0,0x00000000c5480000)
 PSPermGen       total 21504K, used 5962K [0x00000000bae00000, 0x00000000bc300000, 0x00000000c0000000)
  object space 21504K, 27% used [0x00000000bae00000,0x00000000bb3d2a50,0x00000000bc300000)

Card table byte_map: [0x0000000005930000,0x0000000005b60000] byte_map_base: 0x0000000005359000

Polling page: 0x00000000025a0000

Code Cache  [0x0000000002870000, 0x0000000002ae0000, 0x0000000005870000)
 total_blobs=737 nmethods=500 adapters=189 free_code_cache=47265Kb largest_free_block=48367104

Compilation events (10 events):
Event: 2.701 Thread 0x000000000870e800 nmethod 496 0x0000000002a485d0 code [0x0000000002a48740, 0x0000000002a488f8]
Event: 2.701 Thread 0x000000000870e800  497             com.android.dx.rop.code.RegisterSpec::<init> (8 bytes)
Event: 2.702 Thread 0x000000000870e800 nmethod 497 0x0000000002a48310 code [0x0000000002a48440, 0x0000000002a484f8]
Event: 2.702 Thread 0x000000000870e800  498             com.android.dx.rop.code.RegisterSpec::<init> (48 bytes)
Event: 2.702 Thread 0x000000000870e800 nmethod 498 0x0000000002a46d50 code [0x0000000002a46e80, 0x0000000002a46f38]
Event: 2.702 Thread 0x000000000870e800  499             com.android.dx.rop.type.StdTypeList::withFirst (53 bytes)
Event: 2.707 Thread 0x000000000870e800 nmethod 499 0x0000000002a47c90 code [0x0000000002a47de0, 0x0000000002a480b8]
Event: 2.707 Thread 0x000000000870e800  500             com.android.dx.util.IntList::makeImmutable (20 bytes)
Event: 2.708 Thread 0x000000000870e800 nmethod 500 0x0000000002a4dd90 code [0x0000000002a4dee0, 0x0000000002a4e058]
Event: 2.708 Thread 0x000000000870e800  501   !         com.android.dx.cf.code.Ropper::processBlock (1101 bytes)

GC Heap History (4 events):
Event: 1.114 GC heap before
{Heap before GC invocations=1 (full 0):
 PSYoungGen      total 38400K, used 33280K [0x00000000eaa80000, 0x00000000ed500000, 0x0000000100000000)
  eden space 33280K, 100% used [0x00000000eaa80000,0x00000000ecb00000,0x00000000ecb00000)
  from space 5120K, 0% used [0x00000000ed000000,0x00000000ed000000,0x00000000ed500000)
  to   space 5120K, 0% used [0x00000000ecb00000,0x00000000ecb00000,0x00000000ed000000)
 ParOldGen       total 86528K, used 0K [0x00000000c0000000, 0x00000000c5480000, 0x00000000eaa80000)
  object space 86528K, 0% used [0x00000000c0000000,0x00000000c0000000,0x00000000c5480000)
 PSPermGen       total 21504K, used 5831K [0x00000000bae00000, 0x00000000bc300000, 0x00000000c0000000)
  object space 21504K, 27% used [0x00000000bae00000,0x00000000bb3b1c70,0x00000000bc300000)
Event: 1.134 GC heap after
Heap after GC invocations=1 (full 0):
 PSYoungGen      total 38400K, used 5112K [0x00000000eaa80000, 0x00000000ef580000, 0x0000000100000000)
  eden space 33280K, 0% used [0x00000000eaa80000,0x00000000eaa80000,0x00000000ecb00000)
  from space 5120K, 99% used [0x00000000ecb00000,0x00000000ecffe110,0x00000000ed000000)
  to   space 5120K, 0% used [0x00000000ef080000,0x00000000ef080000,0x00000000ef580000)
 ParOldGen       total 86528K, used 1327K [0x00000000c0000000, 0x00000000c5480000, 0x00000000eaa80000)
  object space 86528K, 1% used [0x00000000c0000000,0x00000000c014bd18,0x00000000c5480000)
 PSPermGen       total 21504K, used 5831K [0x00000000bae00000, 0x00000000bc300000, 0x00000000c0000000)
  object space 21504K, 27% used [0x00000000bae00000,0x00000000bb3b1c70,0x00000000bc300000)
}
Event: 1.781 GC heap before
{Heap before GC invocations=2 (full 0):
 PSYoungGen      total 38400K, used 38392K [0x00000000eaa80000, 0x00000000ef580000, 0x0000000100000000)
  eden space 33280K, 100% used [0x00000000eaa80000,0x00000000ecb00000,0x00000000ecb00000)
  from space 5120K, 99% used [0x00000000ecb00000,0x00000000ecffe110,0x00000000ed000000)
  to   space 5120K, 0% used [0x00000000ef080000,0x00000000ef080000,0x00000000ef580000)
 ParOldGen       total 86528K, used 1327K [0x00000000c0000000, 0x00000000c5480000, 0x00000000eaa80000)
  object space 86528K, 1% used [0x00000000c0000000,0x00000000c014bd18,0x00000000c5480000)
 PSPermGen       total 21504K, used 5924K [0x00000000bae00000, 0x00000000bc300000, 0x00000000c0000000)
  object space 21504K, 27% used [0x00000000bae00000,0x00000000bb3c91d8,0x00000000bc300000)
Event: 1.795 GC heap after
Heap after GC invocations=2 (full 0):
 PSYoungGen      total 71680K, used 5119K [0x00000000eaa80000, 0x00000000ef580000, 0x0000000100000000)
  eden space 66560K, 0% used [0x00000000eaa80000,0x00000000eaa80000,0x00000000eeb80000)
  from space 5120K, 99% used [0x00000000ef080000,0x00000000ef57fd20,0x00000000ef580000)
  to   space 5120K, 0% used [0x00000000eeb80000,0x00000000eeb80000,0x00000000ef080000)
 ParOldGen       total 86528K, used 5918K [0x00000000c0000000, 0x00000000c5480000, 0x00000000eaa80000)
  object space 86528K, 6% used [0x00000000c0000000,0x00000000c05c7bd0,0x00000000c5480000)
 PSPermGen       total 21504K, used 5924K [0x00000000bae00000, 0x00000000bc300000, 0x00000000c0000000)
  object space 21504K, 27% used [0x00000000bae00000,0x00000000bb3c91d8,0x00000000bc300000)
}

Deoptimization events (10 events):
Event: 1.931 Thread 0x000000000a22d800 Uncommon trap: reason=bimorphic action=maybe_recompile pc=0x00000000029aa568 method=com.android.dx.ssa.LiteralOpUpgrader.tryReplacingWithConstant(Lcom/android/dx/ssa/NormalSsaInsn;)Z @ 52
Event: 1.935 Thread 0x000000000a22d800 Uncommon trap: reason=unstable_if action=reinterpret pc=0x0000000002971ba4 method=com.android.dx.ssa.SsaMethod.blockIndexToRopLabel(I)I @ 1
Event: 1.937 Thread 0x000000000a22d800 Uncommon trap: reason=unstable_if action=reinterpret pc=0x000000000299aaf4 method=com.android.dx.dex.code.RopTranslator.pickOrder()V @ 143
Event: 1.957 Thread 0x000000000a22d800 Uncommon trap: reason=bimorphic action=maybe_recompile pc=0x00000000029aa568 method=com.android.dx.ssa.LiteralOpUpgrader.tryReplacingWithConstant(Lcom/android/dx/ssa/NormalSsaInsn;)Z @ 52
Event: 2.473 Thread 0x000000000a22d800 Uncommon trap: reason=bimorphic action=maybe_recompile pc=0x00000000029fa638 method=com.android.dx.cf.code.RopperMachine.run(Lcom/android/dx/cf/code/Frame;II)V @ 310
Event: 2.473 Thread 0x000000000a22d800 Uncommon trap: reason=bimorphic action=maybe_recompile pc=0x00000000029fa638 method=com.android.dx.cf.code.RopperMachine.run(Lcom/android/dx/cf/code/Frame;II)V @ 310
Event: 2.473 Thread 0x000000000a22d800 Uncommon trap: reason=bimorphic action=maybe_recompile pc=0x00000000029fa638 method=com.android.dx.cf.code.RopperMachine.run(Lcom/android/dx/cf/code/Frame;II)V @ 310
Event: 2.550 Thread 0x000000000a153000 Uncommon trap: reason=bimorphic action=maybe_recompile pc=0x00000000029aa568 method=com.android.dx.ssa.LiteralOpUpgrader.tryReplacingWithConstant(Lcom/android/dx/ssa/NormalSsaInsn;)Z @ 52
Event: 2.640 Thread 0x000000000a215800 Uncommon trap: reason=unstable_if action=reinterpret pc=0x0000000002a05e18 method=com.android.dx.ssa.PhiTypeResolver.run()V @ 91
Event: 2.729 Thread 0x0000000002771000 Uncommon trap: reason=unstable_if action=reinterpret pc=0x000000000292aaa0 method=com.android.dx.ssa.LocalVariableExtractor.processBlock(I)V @ 251

Internal exceptions (10 events):
Event: 1.330 Thread 0x000000000a153000 Implicit null exception at 0x00000000028f23ab to 0x00000000028f2e9d
Event: 1.429 Thread 0x0000000002771000 Threw 0x00000000eb90c880 at C:\re\jdk7u80\2329\hotspot\src\share\vm\prims\jvm.cpp:1319
Event: 1.429 Thread 0x0000000002771000 Threw 0x00000000eb90ecd0 at C:\re\jdk7u80\2329\hotspot\src\share\vm\prims\jvm.cpp:1319
Event: 1.436 Thread 0x0000000002771000 Threw 0x00000000eb925e38 at C:\re\jdk7u80\2329\hotspot\src\share\vm\prims\jvm.cpp:1319
Event: 1.437 Thread 0x0000000002771000 Threw 0x00000000eb9280a0 at C:\re\jdk7u80\2329\hotspot\src\share\vm\prims\jvm.cpp:1319
Event: 1.561 Thread 0x0000000002771000 Implicit null exception at 0x000000000298c1b7 to 0x000000000298c811
Event: 1.609 Thread 0x0000000002771000 Threw 0x00000000ebf8fae8 at C:\re\jdk7u80\2329\hotspot\src\share\vm\prims\jvm.cpp:1319
Event: 1.609 Thread 0x0000000002771000 Threw 0x00000000ebf952f8 at C:\re\jdk7u80\2329\hotspot\src\share\vm\prims\jvm.cpp:1319
Event: 1.610 Thread 0x0000000002771000 Threw 0x00000000ebf9a7c8 at C:\re\jdk7u80\2329\hotspot\src\share\vm\prims\jvm.cpp:1319
Event: 2.126 Thread 0x000000000a22d800 Threw 0x00000000ec4ca8b8 at C:\re\jdk7u80\2329\hotspot\src\share\vm\prims\jvm.cpp:1319

Events (10 events):
Event: 2.473 Thread 0x000000000a22d800 DEOPT UNPACKING pc=0x00000000028a75a4 sp=0x000000000a96eaa0 mode 2
Event: 2.550 Thread 0x000000000a153000 Uncommon trap: trap_request=0xffffffc6 fr.pc=0x00000000029aa568
Event: 2.550 Thread 0x000000000a153000 DEOPT PACKING pc=0x00000000029aa568 sp=0x000000000a76ece0
Event: 2.550 Thread 0x000000000a153000 DEOPT UNPACKING pc=0x00000000028a75a4 sp=0x000000000a76ec10 mode 2
Event: 2.640 Thread 0x000000000a215800 Uncommon trap: trap_request=0xffffff75 fr.pc=0x0000000002a05e18
Event: 2.640 Thread 0x000000000a215800 DEOPT PACKING pc=0x0000000002a05e18 sp=0x000000000a56e8e0
Event: 2.640 Thread 0x000000000a215800 DEOPT UNPACKING pc=0x00000000028a75a4 sp=0x000000000a56e858 mode 2
Event: 2.729 Thread 0x0000000002771000 Uncommon trap: trap_request=0xffffff75 fr.pc=0x000000000292aaa0
Event: 2.729 Thread 0x0000000002771000 DEOPT PACKING pc=0x000000000292aaa0 sp=0x000000000276e850
Event: 2.729 Thread 0x0000000002771000 DEOPT UNPACKING pc=0x00000000028a75a4 sp=0x000000000276e7b0 mode 2


Dynamic libraries:
0x00007ff692060000 - 0x00007ff692093000 	C:\Program Files\Java\jdk1.7.0_80\bin\java.exe
0x00007ffe79780000 - 0x00007ffe7992c000 	C:\Windows\SYSTEM32\ntdll.dll
0x00007ffe773d0000 - 0x00007ffe7750e000 	C:\Windows\system32\KERNEL32.DLL
0x00007ffe769a0000 - 0x00007ffe76ab5000 	C:\Windows\system32\KERNELBASE.dll
0x0000000069720000 - 0x00000000697ce000 	C:\Program Files\Bitdefender\Endpoint\Signatures\AVC\AVC3_00532_002\avcuf64.dll
0x00007ffe74c80000 - 0x00007ffe74d0e000 	C:\Windows\system32\apphelp.dll
0x00007ffe481e0000 - 0x00007ffe48233000 	C:\Windows\AppPatch\AppPatch64\AcGenral.DLL
0x00007ffe76e00000 - 0x00007ffe76eaa000 	C:\Windows\system32\msvcrt.dll
0x00007ffe76770000 - 0x00007ffe7679e000 	C:\Windows\SYSTEM32\SspiCli.dll
0x00007ffe79280000 - 0x00007ffe792d4000 	C:\Windows\system32\SHLWAPI.dll
0x00007ffe78b40000 - 0x00007ffe78cb7000 	C:\Windows\system32\USER32.dll
0x00007ffe77230000 - 0x00007ffe773c4000 	C:\Windows\system32\ole32.dll
0x00007ffe77510000 - 0x00007ffe78a3b000 	C:\Windows\system32\SHELL32.dll
0x00007ffe75ef0000 - 0x00007ffe75f11000 	C:\Windows\SYSTEM32\USERENV.dll
0x00007ffe792e0000 - 0x00007ffe7938a000 	C:\Windows\system32\ADVAPI32.dll
0x00007ffe6de40000 - 0x00007ffe6de5e000 	C:\Windows\SYSTEM32\MPR.dll
0x00007ffe770e0000 - 0x00007ffe77221000 	C:\Windows\system32\RPCRT4.dll
0x00007ffe79390000 - 0x00007ffe793e9000 	C:\Windows\SYSTEM32\sechost.dll
0x00007ffe76ec0000 - 0x00007ffe770d1000 	C:\Windows\SYSTEM32\combase.dll
0x00007ffe78dc0000 - 0x00007ffe78f10000 	C:\Windows\system32\GDI32.dll
0x00007ffe768d0000 - 0x00007ffe768e5000 	C:\Windows\SYSTEM32\profapi.dll
0x00007ffe75190000 - 0x00007ffe75242000 	C:\Windows\SYSTEM32\SHCORE.dll
0x00007ffe78d80000 - 0x00007ffe78db6000 	C:\Windows\system32\IMM32.DLL
0x00007ffe790c0000 - 0x00007ffe79212000 	C:\Windows\system32\MSCTF.dll
0x00007ffe74d10000 - 0x00007ffe74f8b000 	C:\Windows\WinSxS\amd64_microsoft.windows.common-controls_6595b64144ccf1df_6.0.9600.18006_none_623f33d3ecbe86e8\COMCTL32.dll
0x0000000065ad0000 - 0x0000000065ba2000 	C:\Program Files\Java\jdk1.7.0_80\jre\bin\msvcr100.dll
0x0000000065e90000 - 0x0000000066669000 	C:\Program Files\Java\jdk1.7.0_80\jre\bin\server\jvm.dll
0x00007ffe72cf0000 - 0x00007ffe72cf9000 	C:\Windows\SYSTEM32\WSOCK32.dll
0x00007ffe71b40000 - 0x00007ffe71b62000 	C:\Windows\SYSTEM32\WINMM.dll
0x00007ffe78a40000 - 0x00007ffe78a47000 	C:\Windows\system32\PSAPI.DLL
0x00007ffe79050000 - 0x00007ffe790aa000 	C:\Windows\system32\WS2_32.dll
0x00007ffe71b10000 - 0x00007ffe71b3a000 	C:\Windows\SYSTEM32\WINMMBASE.dll
0x00007ffe76eb0000 - 0x00007ffe76eb9000 	C:\Windows\system32\NSI.dll
0x00007ffe76bd0000 - 0x00007ffe76c1f000 	C:\Windows\SYSTEM32\cfgmgr32.dll
0x00007ffe756c0000 - 0x00007ffe756e8000 	C:\Windows\SYSTEM32\DEVOBJ.dll
0x0000000067100000 - 0x000000006710f000 	C:\Program Files\Java\jdk1.7.0_80\jre\bin\verify.dll
0x0000000066f80000 - 0x0000000066fa8000 	C:\Program Files\Java\jdk1.7.0_80\jre\bin\java.dll
0x0000000066790000 - 0x00000000667a6000 	C:\Program Files\Java\jdk1.7.0_80\jre\bin\zip.dll
0x0000000066770000 - 0x000000006678a000 	C:\Program Files\Java\jdk1.7.0_80\jre\bin\net.dll
0x00007ffe761b0000 - 0x00007ffe76209000 	C:\Windows\system32\mswsock.dll
0x0000000066750000 - 0x0000000066761000 	C:\Program Files\Java\jdk1.7.0_80\jre\bin\nio.dll

VM Arguments:
jvm_args: -Djava.awt.headless=true -Xmx1024M -Dfile.encoding=windows-1252 -Duser.country=US -Duser.language=en -Duser.variant 
java_command: com.android.dx.command.Main --dex --num-threads=4 --output C:\Users\abacalu\Downloads\safeliveinterface\safeliveinterface-interfacesafeliveelderly\app\build\intermediates\pre-dexed\debug\com.android.support-recyclerview-v7-23.1.1_eb2241c60fa48cc9baaacdf637536c925b9733d1.jar C:\Users\abacalu\Downloads\safeliveinterface\safeliveinterface-interfacesafeliveelderly\app\build\intermediates\exploded-aar\com.android.support\recyclerview-v7\23.1.1\jars\classes.jar
Launcher Type: SUN_STANDARD

Environment Variables:
JAVA_HOME=C:\Program Files\Java\jdk1.7.0_80
PATH=C:\Program Files (x86)\Intel\iCLS Client\;C:\Program Files\Intel\iCLS Client\;C:\Program Files\Broadcom\Broadcom 802.11;C:\ProgramData\Oracle\Java\javapath;C:\Windows\system32;C:\Windows;C:\Windows\System32\Wbem;C:\Windows\System32\WindowsPowerShell\v1.0\;C:\Windows\CCM;C:\Program Files\OpenVPN\bin;C:\Program Files\Intel\Intel(R) Management Engine Components\DAL;C:\Program Files\Intel\Intel(R) Management Engine Components\IPT;C:\Program Files (x86)\Intel\Intel(R) Management Engine Components\DAL;C:\Program Files (x86)\Intel\Intel(R) Management Engine Components\IPT;C:\Program Files (x86)\Skype\Phone\;C:\Android\sdk\tools;C:\Android\sdk\platform-tools;C:\Program Files\Java\jdk1.7.0_80\bin;C:\Program Files\Git\cmd
USERNAME=abacalu
OS=Windows_NT
PROCESSOR_IDENTIFIER=Intel64 Family 6 Model 60 Stepping 3, GenuineIntel



---------------  S Y S T E M  ---------------

OS: Windows 8.1 , 64 bit Build 9600 

CPU:total 4 (2 cores per cpu, 2 threads per core) family 6 model 60 stepping 3, cmov, cx8, fxsr, mmx, sse, sse2, sse3, ssse3, sse4.1, sse4.2, popcnt, avx, avx2, aes, erms, ht, tsc, tscinvbit

Memory: 4k page, physical 8299612k(957804k free), swap 11445340k(54800k free)

vm_info: Java HotSpot(TM) 64-Bit Server VM (24.80-b11) for windows-amd64 JRE (1.7.0_80-b15), built on Apr 10 2015 11:26:34 by "java_re" with unknown MS VC++:1600

time: Thu Feb 18 09:29:00 2016
elapsed time: 2 seconds

