#
# There is insufficient memory for the Java Runtime Environment to continue.
# Native memory allocation (malloc) failed to allocate 36016 bytes for Chunk::new
# Possible reasons:
#   The system is out of physical RAM or swap space
#   In 32 bit mode, the process size limit was hit
# Possible solutions:
#   Reduce memory load on the system
#   Increase physical memory or swap space
#   Check if swap backing store is full
#   Use 64 bit Java on a 64 bit OS
#   Decrease Java heap size (-Xmx/-Xms)
#   Decrease number of Java threads
#   Decrease Java thread stack sizes (-Xss)
#   Set larger code cache with -XX:ReservedCodeCacheSize=
# This output file may be truncated or incomplete.
#
#  Out of Memory Error (allocation.cpp:323), pid=8600, tid=9348
#
# JRE version: Java(TM) SE Runtime Environment (7.0_80-b15) (build 1.7.0_80-b15)
# Java VM: Java HotSpot(TM) 64-Bit Server VM (24.80-b11 mixed mode windows-amd64 compressed oops)
# Failed to write core dump. Minidumps are not enabled by default on client versions of Windows
#

---------------  T H R E A D  ---------------

Current thread (0x000000000828e800):  JavaThread "C2 CompilerThread1" daemon [_thread_in_native, id=9348, stack(0x00000000098f0000,0x00000000099f0000)]

Stack: [0x00000000098f0000,0x00000000099f0000]
[error occurred during error reporting (printing stack bounds), id 0xc0000005]


Current CompileTask:
C2:   3789  623             com.android.dx.dex.file.DebugInfoEncoder::emitHeader (530 bytes)


---------------  P R O C E S S  ---------------

Java Threads: ( => current thread )
  0x0000000008294800 JavaThread "Service Thread" daemon [_thread_blocked, id=1148, stack(0x00000000099f0000,0x0000000009af0000)]
=>0x000000000828e800 JavaThread "C2 CompilerThread1" daemon [_thread_in_native, id=9348, stack(0x00000000098f0000,0x00000000099f0000)]
  0x0000000008283800 JavaThread "C2 CompilerThread0" daemon [_thread_blocked, id=7264, stack(0x00000000097f0000,0x00000000098f0000)]
  0x0000000008282800 JavaThread "Attach Listener" daemon [_thread_blocked, id=8744, stack(0x00000000096f0000,0x00000000097f0000)]
  0x000000000827f800 JavaThread "Signal Dispatcher" daemon [_thread_blocked, id=10696, stack(0x00000000095f0000,0x00000000096f0000)]
  0x000000000824e800 JavaThread "Finalizer" daemon [_thread_blocked, id=6396, stack(0x00000000094f0000,0x00000000095f0000)]
  0x0000000008245800 JavaThread "Reference Handler" daemon [_thread_blocked, id=9760, stack(0x00000000093f0000,0x00000000094f0000)]
  0x00000000022d1000 JavaThread "main" [_thread_in_Java, id=10432, stack(0x0000000002170000,0x0000000002270000)]

Other Threads:
  0x0000000008241800 VMThread [stack: 0x00000000092f0000,0x00000000093f0000] [id=2556]
  0x00000000082a3800 WatcherThread [stack: 0x0000000009af0000,0x0000000009bf0000] [id=2452]

VM state:not at safepoint (normal execution)

VM Mutex/Monitor currently owned by a thread: None

Heap
 PSYoungGen      total 71680K, used 59592K [0x00000000eaa80000, 0x00000000ef580000, 0x0000000100000000)
  eden space 66560K, 81% used [0x00000000eaa80000,0x00000000edfb4678,0x00000000eeb80000)
  from space 5120K, 99% used [0x00000000ef080000,0x00000000ef57dc88,0x00000000ef580000)
  to   space 5120K, 0% used [0x00000000eeb80000,0x00000000eeb80000,0x00000000ef080000)
 ParOldGen       total 86528K, used 4559K [0x00000000c0000000, 0x00000000c5480000, 0x00000000eaa80000)
  object space 86528K, 5% used [0x00000000c0000000,0x00000000c0473e60,0x00000000c5480000)
 PSPermGen       total 21504K, used 6208K [0x00000000bae00000, 0x00000000bc300000, 0x00000000c0000000)
  object space 21504K, 28% used [0x00000000bae00000,0x00000000bb4100f0,0x00000000bc300000)

Card table byte_map: [0x0000000005490000,0x00000000056c0000] byte_map_base: 0x0000000004eb9000

Polling page: 0x0000000000a20000

Code Cache  [0x00000000023d0000, 0x0000000002640000, 0x00000000053d0000)
 total_blobs=861 nmethods=623 adapters=190 free_code_cache=46734Kb largest_free_block=47808320

Compilation events (10 events):
Event: 3.765 Thread 0x0000000008283800  620             com.android.dx.dex.code.PositionList$Entry::getAddress (5 bytes)
Event: 3.765 Thread 0x0000000008283800 nmethod 620 0x000000000262b310 code [0x000000000262b440, 0x000000000262b498]
Event: 3.768 Thread 0x0000000008283800  621             com.android.dx.dex.code.LocalList::get (9 bytes)
Event: 3.769 Thread 0x0000000008283800 nmethod 621 0x000000000262afd0 code [0x000000000262b120, 0x000000000262b1d8]
Event: 3.770 Thread 0x000000000828e800 nmethod 617 0x000000000262a590 code [0x000000000262a6e0, 0x000000000262ac08]
Event: 3.772 Thread 0x0000000008283800  622             com.android.dx.rop.type.StdTypeList::getWordCount (33 bytes)
Event: 3.774 Thread 0x0000000008283800 nmethod 622 0x0000000002634b10 code [0x0000000002634c60, 0x0000000002634d78]
Event: 3.774 Thread 0x000000000828e800  623             com.android.dx.dex.file.DebugInfoEncoder::emitHeader (530 bytes)
Event: 3.775 Thread 0x0000000008283800  624             com.android.dex.Leb128::writeUnsignedLeb128 (46 bytes)
Event: 3.778 Thread 0x0000000008283800 nmethod 624 0x00000000026267d0 code [0x0000000002626920, 0x0000000002626b78]

GC Heap History (4 events):
Event: 1.252 GC heap before
{Heap before GC invocations=1 (full 0):
 PSYoungGen      total 38400K, used 33280K [0x00000000eaa80000, 0x00000000ed500000, 0x0000000100000000)
  eden space 33280K, 100% used [0x00000000eaa80000,0x00000000ecb00000,0x00000000ecb00000)
  from space 5120K, 0% used [0x00000000ed000000,0x00000000ed000000,0x00000000ed500000)
  to   space 5120K, 0% used [0x00000000ecb00000,0x00000000ecb00000,0x00000000ed000000)
 ParOldGen       total 86528K, used 0K [0x00000000c0000000, 0x00000000c5480000, 0x00000000eaa80000)
  object space 86528K, 0% used [0x00000000c0000000,0x00000000c0000000,0x00000000c5480000)
 PSPermGen       total 21504K, used 5775K [0x00000000bae00000, 0x00000000bc300000, 0x00000000c0000000)
  object space 21504K, 26% used [0x00000000bae00000,0x00000000bb3a3eb8,0x00000000bc300000)
Event: 1.270 GC heap after
Heap after GC invocations=1 (full 0):
 PSYoungGen      total 38400K, used 5089K [0x00000000eaa80000, 0x00000000ef580000, 0x0000000100000000)
  eden space 33280K, 0% used [0x00000000eaa80000,0x00000000eaa80000,0x00000000ecb00000)
  from space 5120K, 99% used [0x00000000ecb00000,0x00000000ecff8768,0x00000000ed000000)
  to   space 5120K, 0% used [0x00000000ef080000,0x00000000ef080000,0x00000000ef580000)
 ParOldGen       total 86528K, used 735K [0x00000000c0000000, 0x00000000c5480000, 0x00000000eaa80000)
  object space 86528K, 0% used [0x00000000c0000000,0x00000000c00b7f40,0x00000000c5480000)
 PSPermGen       total 21504K, used 5775K [0x00000000bae00000, 0x00000000bc300000, 0x00000000c0000000)
  object space 21504K, 26% used [0x00000000bae00000,0x00000000bb3a3eb8,0x00000000bc300000)
}
Event: 1.842 GC heap before
{Heap before GC invocations=2 (full 0):
 PSYoungGen      total 38400K, used 38369K [0x00000000eaa80000, 0x00000000ef580000, 0x0000000100000000)
  eden space 33280K, 100% used [0x00000000eaa80000,0x00000000ecb00000,0x00000000ecb00000)
  from space 5120K, 99% used [0x00000000ecb00000,0x00000000ecff8768,0x00000000ed000000)
  to   space 5120K, 0% used [0x00000000ef080000,0x00000000ef080000,0x00000000ef580000)
 ParOldGen       total 86528K, used 735K [0x00000000c0000000, 0x00000000c5480000, 0x00000000eaa80000)
  object space 86528K, 0% used [0x00000000c0000000,0x00000000c00b7f40,0x00000000c5480000)
 PSPermGen       total 21504K, used 5912K [0x00000000bae00000, 0x00000000bc300000, 0x00000000c0000000)
  object space 21504K, 27% used [0x00000000bae00000,0x00000000bb3c62a8,0x00000000bc300000)
Event: 1.859 GC heap after
Heap after GC invocations=2 (full 0):
 PSYoungGen      total 71680K, used 5111K [0x00000000eaa80000, 0x00000000ef580000, 0x0000000100000000)
  eden space 66560K, 0% used [0x00000000eaa80000,0x00000000eaa80000,0x00000000eeb80000)
  from space 5120K, 99% used [0x00000000ef080000,0x00000000ef57dc88,0x00000000ef580000)
  to   space 5120K, 0% used [0x00000000eeb80000,0x00000000eeb80000,0x00000000ef080000)
 ParOldGen       total 86528K, used 4559K [0x00000000c0000000, 0x00000000c5480000, 0x00000000eaa80000)
  object space 86528K, 5% used [0x00000000c0000000,0x00000000c0473e60,0x00000000c5480000)
 PSPermGen       total 21504K, used 5912K [0x00000000bae00000, 0x00000000bc300000, 0x00000000c0000000)
  object space 21504K, 27% used [0x00000000bae00000,0x00000000bb3c62a8,0x00000000bc300000)
}

Deoptimization events (10 events):
Event: 2.469 Thread 0x0000000009dca000 Uncommon trap: reason=bimorphic action=maybe_recompile pc=0x000000000252ce5c method=com.android.dx.cf.code.BytecodeArray.parseInstruction(ILcom/android/dx/cf/code/BytecodeArray$Visitor;)I @ 1357
Event: 2.469 Thread 0x0000000009dca000 Uncommon trap: reason=bimorphic action=maybe_recompile pc=0x000000000252ce5c method=com.android.dx.cf.code.BytecodeArray.parseInstruction(ILcom/android/dx/cf/code/BytecodeArray$Visitor;)I @ 1357
Event: 2.470 Thread 0x0000000009dca000 Uncommon trap: reason=bimorphic action=maybe_recompile pc=0x000000000252ce5c method=com.android.dx.cf.code.BytecodeArray.parseInstruction(ILcom/android/dx/cf/code/BytecodeArray$Visitor;)I @ 1357
Event: 2.470 Thread 0x0000000009dca000 Uncommon trap: reason=bimorphic action=maybe_recompile pc=0x000000000252ce5c method=com.android.dx.cf.code.BytecodeArray.parseInstruction(ILcom/android/dx/cf/code/BytecodeArray$Visitor;)I @ 1357
Event: 2.626 Thread 0x00000000022d1000 Uncommon trap: reason=class_check action=maybe_recompile pc=0x0000000002497efc method=java.util.HashMap.put(Ljava/lang/Object;Ljava/lang/Object;)Ljava/lang/Object; @ 83
Event: 2.626 Thread 0x00000000022d1000 Uncommon trap: reason=class_check action=maybe_recompile pc=0x0000000002497efc method=java.util.HashMap.put(Ljava/lang/Object;Ljava/lang/Object;)Ljava/lang/Object; @ 83
Event: 2.626 Thread 0x00000000022d1000 Uncommon trap: reason=class_check action=maybe_recompile pc=0x0000000002497efc method=java.util.HashMap.put(Ljava/lang/Object;Ljava/lang/Object;)Ljava/lang/Object; @ 83
Event: 3.564 Thread 0x00000000022d1000 Uncommon trap: reason=unstable_if action=reinterpret pc=0x00000000024e4b7c method=java.util.TreeMap.put(Ljava/lang/Object;Ljava/lang/Object;)Ljava/lang/Object; @ 163
Event: 3.618 Thread 0x00000000022d1000 Uncommon trap: reason=unstable_if action=reinterpret pc=0x00000000024b7114 method=com.android.dx.rop.code.RegisterSpecSet.equals(Ljava/lang/Object;)Z @ 30
Event: 3.725 Thread 0x00000000022d1000 Uncommon trap: reason=null_check action=make_not_entrant pc=0x0000000002628124 method=com.android.dx.dex.code.LocalList$MakeState.finish()Lcom/android/dx/dex/code/LocalList; @ 81

Internal exceptions (10 events):
Event: 3.460 Thread 0x00000000022d1000 Threw 0x00000000eda19688 at C:\re\jdk7u80\2329\hotspot\src\share\vm\prims\jvm.cpp:1319
Event: 3.475 Thread 0x00000000022d1000 Threw 0x00000000eda2c708 at C:\re\jdk7u80\2329\hotspot\src\share\vm\prims\jvm.cpp:1319
Event: 3.475 Thread 0x00000000022d1000 Threw 0x00000000eda2f810 at C:\re\jdk7u80\2329\hotspot\src\share\vm\prims\jvm.cpp:1319
Event: 3.476 Thread 0x00000000022d1000 Threw 0x00000000eda32610 at C:\re\jdk7u80\2329\hotspot\src\share\vm\prims\jvm.cpp:1319
Event: 3.491 Thread 0x00000000022d1000 Threw 0x00000000eda5c5a0 at C:\re\jdk7u80\2329\hotspot\src\share\vm\prims\jvm.cpp:1319
Event: 3.725 Thread 0x00000000022d1000 Implicit null exception at 0x0000000002627598 to 0x0000000002628119
Event: 3.735 Thread 0x00000000022d1000 Threw 0x00000000edce5508 at C:\re\jdk7u80\2329\hotspot\src\share\vm\prims\jvm.cpp:1319
Event: 3.736 Thread 0x00000000022d1000 Threw 0x00000000edcf0e50 at C:\re\jdk7u80\2329\hotspot\src\share\vm\prims\jvm.cpp:1319
Event: 3.737 Thread 0x00000000022d1000 Threw 0x00000000edcf3790 at C:\re\jdk7u80\2329\hotspot\src\share\vm\prims\jvm.cpp:1319
Event: 3.786 Thread 0x00000000022d1000 Threw 0x00000000edf46708 at C:\re\jdk7u80\2329\hotspot\src\share\vm\prims\jvm.cpp:1319

Events (10 events):
Event: 3.725 Thread 0x00000000022d1000 DEOPT PACKING pc=0x0000000002628124 sp=0x000000000226f290
Event: 3.725 Thread 0x00000000022d1000 DEOPT UNPACKING pc=0x00000000024075a4 sp=0x000000000226f1c8 mode 2
Event: 3.735 loading class 0x0000000009d45ba0
Event: 3.735 loading class 0x0000000009d45ba0 done
Event: 3.736 loading class 0x0000000009d42820
Event: 3.736 loading class 0x0000000009d42820 done
Event: 3.737 loading class 0x0000000009d42720
Event: 3.737 loading class 0x0000000009d42720 done
Event: 3.786 loading class 0x0000000009e59e90
Event: 3.786 loading class 0x0000000009e59e90 done


Dynamic libraries:
0x00007ff692060000 - 0x00007ff692093000 	C:\Program Files\Java\jdk1.7.0_80\bin\java.exe
0x00007ffe79780000 - 0x00007ffe7992c000 	C:\Windows\SYSTEM32\ntdll.dll
0x00007ffe773d0000 - 0x00007ffe7750e000 	C:\Windows\system32\KERNEL32.DLL
0x00007ffe769a0000 - 0x00007ffe76ab5000 	C:\Windows\system32\KERNELBASE.dll
0x0000000069720000 - 0x00000000697ce000 	C:\Program Files\Bitdefender\Endpoint\Signatures\AVC\AVC3_00532_002\avcuf64.dll
0x00007ffe74c80000 - 0x00007ffe74d0e000 	C:\Windows\system32\apphelp.dll
0x00007ffe481e0000 - 0x00007ffe48233000 	C:\Windows\AppPatch\AppPatch64\AcGenral.DLL
0x00007ffe76e00000 - 0x00007ffe76eaa000 	C:\Windows\system32\msvcrt.dll
0x00007ffe76770000 - 0x00007ffe7679e000 	C:\Windows\SYSTEM32\SspiCli.dll
0x00007ffe79280000 - 0x00007ffe792d4000 	C:\Windows\system32\SHLWAPI.dll
0x00007ffe78b40000 - 0x00007ffe78cb7000 	C:\Windows\system32\USER32.dll
0x00007ffe77230000 - 0x00007ffe773c4000 	C:\Windows\system32\ole32.dll
0x00007ffe77510000 - 0x00007ffe78a3b000 	C:\Windows\system32\SHELL32.dll
0x00007ffe75ef0000 - 0x00007ffe75f11000 	C:\Windows\SYSTEM32\USERENV.dll
0x00007ffe792e0000 - 0x00007ffe7938a000 	C:\Windows\system32\ADVAPI32.dll
0x00007ffe6de40000 - 0x00007ffe6de5e000 	C:\Windows\SYSTEM32\MPR.dll
0x00007ffe770e0000 - 0x00007ffe77221000 	C:\Windows\system32\RPCRT4.dll
0x00007ffe79390000 - 0x00007ffe793e9000 	C:\Windows\SYSTEM32\sechost.dll
0x00007ffe76ec0000 - 0x00007ffe770d1000 	C:\Windows\SYSTEM32\combase.dll
0x00007ffe78dc0000 - 0x00007ffe78f10000 	C:\Windows\system32\GDI32.dll
0x00007ffe768d0000 - 0x00007ffe768e5000 	C:\Windows\SYSTEM32\profapi.dll
0x00007ffe75190000 - 0x00007ffe75242000 	C:\Windows\SYSTEM32\SHCORE.dll
0x00007ffe78d80000 - 0x00007ffe78db6000 	C:\Windows\system32\IMM32.DLL
0x00007ffe790c0000 - 0x00007ffe79212000 	C:\Windows\system32\MSCTF.dll
0x00007ffe74d10000 - 0x00007ffe74f8b000 	C:\Windows\WinSxS\amd64_microsoft.windows.common-controls_6595b64144ccf1df_6.0.9600.18006_none_623f33d3ecbe86e8\COMCTL32.dll
0x0000000065ad0000 - 0x0000000065ba2000 	C:\Program Files\Java\jdk1.7.0_80\jre\bin\msvcr100.dll
0x0000000065e90000 - 0x0000000066669000 	C:\Program Files\Java\jdk1.7.0_80\jre\bin\server\jvm.dll
0x00007ffe72cf0000 - 0x00007ffe72cf9000 	C:\Windows\SYSTEM32\WSOCK32.dll
0x00007ffe71b40000 - 0x00007ffe71b62000 	C:\Windows\SYSTEM32\WINMM.dll
0x00007ffe78a40000 - 0x00007ffe78a47000 	C:\Windows\system32\PSAPI.DLL
0x00007ffe79050000 - 0x00007ffe790aa000 	C:\Windows\system32\WS2_32.dll
0x00007ffe71b10000 - 0x00007ffe71b3a000 	C:\Windows\SYSTEM32\WINMMBASE.dll
0x00007ffe76eb0000 - 0x00007ffe76eb9000 	C:\Windows\system32\NSI.dll
0x00007ffe76bd0000 - 0x00007ffe76c1f000 	C:\Windows\SYSTEM32\cfgmgr32.dll
0x00007ffe756c0000 - 0x00007ffe756e8000 	C:\Windows\SYSTEM32\DEVOBJ.dll
0x0000000067100000 - 0x000000006710f000 	C:\Program Files\Java\jdk1.7.0_80\jre\bin\verify.dll
0x0000000066f80000 - 0x0000000066fa8000 	C:\Program Files\Java\jdk1.7.0_80\jre\bin\java.dll
0x0000000066790000 - 0x00000000667a6000 	C:\Program Files\Java\jdk1.7.0_80\jre\bin\zip.dll
0x0000000066770000 - 0x000000006678a000 	C:\Program Files\Java\jdk1.7.0_80\jre\bin\net.dll
0x00007ffe761b0000 - 0x00007ffe76209000 	C:\Windows\system32\mswsock.dll
0x0000000066750000 - 0x0000000066761000 	C:\Program Files\Java\jdk1.7.0_80\jre\bin\nio.dll

VM Arguments:
jvm_args: -Djava.awt.headless=true -Xmx1024M -Dfile.encoding=windows-1252 -Duser.country=US -Duser.language=en -Duser.variant 
java_command: com.android.dx.command.Main --dex --num-threads=4 --output C:\Users\abacalu\Downloads\safeliveinterface\safeliveinterface-interfacesafeliveelderly\app\build\intermediates\pre-dexed\debug\internal_impl-23.1.1_5e4735b50e85618e3c0fee6fae9ca7b73eefd503.jar C:\Users\abacalu\Downloads\safeliveinterface\safeliveinterface-interfacesafeliveelderly\app\build\intermediates\exploded-aar\com.android.support\support-v4\23.1.1\jars\libs\internal_impl-23.1.1.jar
Launcher Type: SUN_STANDARD

Environment Variables:
JAVA_HOME=C:\Program Files\Java\jdk1.7.0_80
PATH=C:\Program Files (x86)\Intel\iCLS Client\;C:\Program Files\Intel\iCLS Client\;C:\Program Files\Broadcom\Broadcom 802.11;C:\ProgramData\Oracle\Java\javapath;C:\Windows\system32;C:\Windows;C:\Windows\System32\Wbem;C:\Windows\System32\WindowsPowerShell\v1.0\;C:\Windows\CCM;C:\Program Files\OpenVPN\bin;C:\Program Files\Intel\Intel(R) Management Engine Components\DAL;C:\Program Files\Intel\Intel(R) Management Engine Components\IPT;C:\Program Files (x86)\Intel\Intel(R) Management Engine Components\DAL;C:\Program Files (x86)\Intel\Intel(R) Management Engine Components\IPT;C:\Program Files (x86)\Skype\Phone\;C:\Android\sdk\tools;C:\Android\sdk\platform-tools;C:\Program Files\Java\jdk1.7.0_80\bin;C:\Program Files\Git\cmd
USERNAME=abacalu
OS=Windows_NT
PROCESSOR_IDENTIFIER=Intel64 Family 6 Model 60 Stepping 3, GenuineIntel



---------------  S Y S T E M  ---------------

OS: Windows 8.1 , 64 bit Build 9600 

CPU:total 4 (2 cores per cpu, 2 threads per core) family 6 model 60 stepping 3, cmov, cx8, fxsr, mmx, sse, sse2, sse3, ssse3, sse4.1, sse4.2, popcnt, avx, avx2, aes, erms, ht, tsc, tscinvbit

Memory: 4k page, physical 8299612k(967340k free), swap 11445340k(5116k free)

vm_info: Java HotSpot(TM) 64-Bit Server VM (24.80-b11) for windows-amd64 JRE (1.7.0_80-b15), built on Apr 10 2015 11:26:34 by "java_re" with unknown MS VC++:1600

time: Thu Feb 18 09:26:38 2016
elapsed time: 3 seconds

