#
# There is insufficient memory for the Java Runtime Environment to continue.
# Native memory allocation (malloc) failed to allocate 1157776 bytes for Chunk::new
# Possible reasons:
#   The system is out of physical RAM or swap space
#   In 32 bit mode, the process size limit was hit
# Possible solutions:
#   Reduce memory load on the system
#   Increase physical memory or swap space
#   Check if swap backing store is full
#   Use 64 bit Java on a 64 bit OS
#   Decrease Java heap size (-Xmx/-Xms)
#   Decrease number of Java threads
#   Decrease Java thread stack sizes (-Xss)
#   Set larger code cache with -XX:ReservedCodeCacheSize=
# This output file may be truncated or incomplete.
#
#  Out of Memory Error (allocation.cpp:323), pid=12144, tid=11592
#
# JRE version: Java(TM) SE Runtime Environment (7.0_80-b15) (build 1.7.0_80-b15)
# Java VM: Java HotSpot(TM) 64-Bit Server VM (24.80-b11 mixed mode windows-amd64 compressed oops)
# Failed to write core dump. Minidumps are not enabled by default on client versions of Windows
#

---------------  T H R E A D  ---------------

Current thread (0x0000000008d1c800):  JavaThread "C2 CompilerThread0" daemon [_thread_in_native, id=11592, stack(0x000000000a290000,0x000000000a390000)]

Stack: [0x000000000a290000,0x000000000a390000]
[error occurred during error reporting (printing stack bounds), id 0xc0000005]


Current CompileTask:
C2:   3656  501   !         com.android.dx.cf.code.Ropper::processBlock (1101 bytes)


---------------  P R O C E S S  ---------------

Java Threads: ( => current thread )
  0x0000000008d21000 JavaThread "Service Thread" daemon [_thread_blocked, id=11680, stack(0x000000000a490000,0x000000000a590000)]
  0x0000000008d1e800 JavaThread "C2 CompilerThread1" daemon [_thread_in_native, id=9812, stack(0x000000000a390000,0x000000000a490000)]
=>0x0000000008d1c800 JavaThread "C2 CompilerThread0" daemon [_thread_in_native, id=11592, stack(0x000000000a290000,0x000000000a390000)]
  0x0000000008d1b800 JavaThread "Attach Listener" daemon [_thread_blocked, id=11968, stack(0x000000000a190000,0x000000000a290000)]
  0x0000000008d18800 JavaThread "Signal Dispatcher" daemon [_thread_blocked, id=9748, stack(0x000000000a090000,0x000000000a190000)]
  0x0000000008cde800 JavaThread "Finalizer" daemon [_thread_blocked, id=10368, stack(0x0000000009f90000,0x000000000a090000)]
  0x0000000008cd5000 JavaThread "Reference Handler" daemon [_thread_blocked, id=11480, stack(0x0000000009e90000,0x0000000009f90000)]
  0x0000000002d81000 JavaThread "main" [_thread_in_vm, id=11552, stack(0x0000000002c10000,0x0000000002d10000)]

Other Threads:
  0x0000000008cd1000 VMThread [stack: 0x0000000009d90000,0x0000000009e90000] [id=2484]
  0x0000000008d30000 WatcherThread [stack: 0x000000000a590000,0x000000000a690000] [id=11708]

VM state:not at safepoint (normal execution)

VM Mutex/Monitor currently owned by a thread: None

Heap
 PSYoungGen      total 38400K, used 8158K [0x00000000eaa80000, 0x00000000ef580000, 0x0000000100000000)
  eden space 33280K, 9% used [0x00000000eaa80000,0x00000000ead7d908,0x00000000ecb00000)
  from space 5120K, 99% used [0x00000000ecb00000,0x00000000ecff9ff8,0x00000000ed000000)
  to   space 5120K, 0% used [0x00000000ef080000,0x00000000ef080000,0x00000000ef580000)
 ParOldGen       total 86528K, used 10752K [0x00000000c0000000, 0x00000000c5480000, 0x00000000eaa80000)
  object space 86528K, 12% used [0x00000000c0000000,0x00000000c0a801d0,0x00000000c5480000)
 PSPermGen       total 21504K, used 5927K [0x00000000bae00000, 0x00000000bc300000, 0x00000000c0000000)
  object space 21504K, 27% used [0x00000000bae00000,0x00000000bb3c9fa8,0x00000000bc300000)

Card table byte_map: [0x0000000005f40000,0x0000000006170000] byte_map_base: 0x0000000005969000

Polling page: 0x0000000001450000

Code Cache  [0x0000000002e80000, 0x00000000030f0000, 0x0000000005e80000)
 total_blobs=732 nmethods=495 adapters=189 free_code_cache=47236Kb largest_free_block=48298624

Compilation events (10 events):
Event: 3.564 Thread 0x0000000008d1e800 nmethod 495 0x0000000003067450 code [0x0000000003067660, 0x0000000003068f88]
Event: 3.571 Thread 0x0000000008d1e800  499             com.android.dx.ssa.Optimizer::getAdvice (4 bytes)
Event: 3.572 Thread 0x0000000008d1e800 nmethod 499 0x000000000303ef50 code [0x000000000303f080, 0x000000000303f0d8]
Event: 3.574 Thread 0x0000000008d1c800 nmethod 498 0x0000000003065b10 code [0x0000000003065d80, 0x0000000003066698]
Event: 3.574 Thread 0x0000000008d1e800  500             com.android.dx.rop.type.StdTypeList::withFirst (53 bytes)
Event: 3.574 Thread 0x0000000008d1c800  501   !         com.android.dx.cf.code.Ropper::processBlock (1101 bytes)
Event: 3.579 Thread 0x0000000008d1e800 nmethod 500 0x0000000002efaf50 code [0x0000000002efb0a0, 0x0000000002efb378]
Event: 3.587 Thread 0x0000000008d1e800  502 %           com.android.dx.ssa.back.SsaToRop::convertBasicBlocks @ 69 (151 bytes)
Event: 3.623 Thread 0x0000000008d1e800 nmethod 502% 0x000000000306d250 code [0x000000000306d4a0, 0x000000000306e450]
Event: 3.627 Thread 0x0000000008d1e800  503             com.android.dx.ssa.back.SsaToRop::convertBasicBlocks (151 bytes)

GC Heap History (6 events):
Event: 1.603 GC heap before
{Heap before GC invocations=1 (full 0):
 PSYoungGen      total 38400K, used 33280K [0x00000000eaa80000, 0x00000000ed500000, 0x0000000100000000)
  eden space 33280K, 100% used [0x00000000eaa80000,0x00000000ecb00000,0x00000000ecb00000)
  from space 5120K, 0% used [0x00000000ed000000,0x00000000ed000000,0x00000000ed500000)
  to   space 5120K, 0% used [0x00000000ecb00000,0x00000000ecb00000,0x00000000ed000000)
 ParOldGen       total 86528K, used 0K [0x00000000c0000000, 0x00000000c5480000, 0x00000000eaa80000)
  object space 86528K, 0% used [0x00000000c0000000,0x00000000c0000000,0x00000000c5480000)
 PSPermGen       total 21504K, used 5818K [0x00000000bae00000, 0x00000000bc300000, 0x00000000c0000000)
  object space 21504K, 27% used [0x00000000bae00000,0x00000000bb3aea80,0x00000000bc300000)
Event: 1.637 GC heap after
Heap after GC invocations=1 (full 0):
 PSYoungGen      total 38400K, used 5095K [0x00000000eaa80000, 0x00000000ed500000, 0x0000000100000000)
  eden space 33280K, 0% used [0x00000000eaa80000,0x00000000eaa80000,0x00000000ecb00000)
  from space 5120K, 99% used [0x00000000ecb00000,0x00000000ecff9c78,0x00000000ed000000)
  to   space 5120K, 0% used [0x00000000ed000000,0x00000000ed000000,0x00000000ed500000)
 ParOldGen       total 86528K, used 1734K [0x00000000c0000000, 0x00000000c5480000, 0x00000000eaa80000)
  object space 86528K, 2% used [0x00000000c0000000,0x00000000c01b1828,0x00000000c5480000)
 PSPermGen       total 21504K, used 5818K [0x00000000bae00000, 0x00000000bc300000, 0x00000000c0000000)
  object space 21504K, 27% used [0x00000000bae00000,0x00000000bb3aea80,0x00000000bc300000)
}
Event: 2.696 GC heap before
{Heap before GC invocations=2 (full 0):
 PSYoungGen      total 38400K, used 38375K [0x00000000eaa80000, 0x00000000ed500000, 0x0000000100000000)
  eden space 33280K, 100% used [0x00000000eaa80000,0x00000000ecb00000,0x00000000ecb00000)
  from space 5120K, 99% used [0x00000000ecb00000,0x00000000ecff9c78,0x00000000ed000000)
  to   space 5120K, 0% used [0x00000000ed000000,0x00000000ed000000,0x00000000ed500000)
 ParOldGen       total 86528K, used 1734K [0x00000000c0000000, 0x00000000c5480000, 0x00000000eaa80000)
  object space 86528K, 2% used [0x00000000c0000000,0x00000000c01b1828,0x00000000c5480000)
 PSPermGen       total 21504K, used 5886K [0x00000000bae00000, 0x00000000bc300000, 0x00000000c0000000)
  object space 21504K, 27% used [0x00000000bae00000,0x00000000bb3bfbc0,0x00000000bc300000)
Event: 2.804 GC heap after
Heap after GC invocations=2 (full 0):
 PSYoungGen      total 38400K, used 5093K [0x00000000eaa80000, 0x00000000ed500000, 0x0000000100000000)
  eden space 33280K, 0% used [0x00000000eaa80000,0x00000000eaa80000,0x00000000ecb00000)
  from space 5120K, 99% used [0x00000000ed000000,0x00000000ed4f96a0,0x00000000ed500000)
  to   space 5120K, 0% used [0x00000000ecb00000,0x00000000ecb00000,0x00000000ed000000)
 ParOldGen       total 86528K, used 6408K [0x00000000c0000000, 0x00000000c5480000, 0x00000000eaa80000)
  object space 86528K, 7% used [0x00000000c0000000,0x00000000c0642078,0x00000000c5480000)
 PSPermGen       total 21504K, used 5886K [0x00000000bae00000, 0x00000000bc300000, 0x00000000c0000000)
  object space 21504K, 27% used [0x00000000bae00000,0x00000000bb3bfbc0,0x00000000bc300000)
}
Event: 3.470 GC heap before
{Heap before GC invocations=3 (full 0):
 PSYoungGen      total 38400K, used 38373K [0x00000000eaa80000, 0x00000000ed500000, 0x0000000100000000)
  eden space 33280K, 100% used [0x00000000eaa80000,0x00000000ecb00000,0x00000000ecb00000)
  from space 5120K, 99% used [0x00000000ed000000,0x00000000ed4f96a0,0x00000000ed500000)
  to   space 5120K, 0% used [0x00000000ecb00000,0x00000000ecb00000,0x00000000ed000000)
 ParOldGen       total 86528K, used 6408K [0x00000000c0000000, 0x00000000c5480000, 0x00000000eaa80000)
  object space 86528K, 7% used [0x00000000c0000000,0x00000000c0642078,0x00000000c5480000)
 PSPermGen       total 21504K, used 5910K [0x00000000bae00000, 0x00000000bc300000, 0x00000000c0000000)
  object space 21504K, 27% used [0x00000000bae00000,0x00000000bb3c5880,0x00000000bc300000)
Event: 3.561 GC heap after
Heap after GC invocations=3 (full 0):
 PSYoungGen      total 38400K, used 5095K [0x00000000eaa80000, 0x00000000ef580000, 0x0000000100000000)
  eden space 33280K, 0% used [0x00000000eaa80000,0x00000000eaa80000,0x00000000ecb00000)
  from space 5120K, 99% used [0x00000000ecb00000,0x00000000ecff9ff8,0x00000000ed000000)
  to   space 5120K, 0% used [0x00000000ef080000,0x00000000ef080000,0x00000000ef580000)
 ParOldGen       total 86528K, used 10752K [0x00000000c0000000, 0x00000000c5480000, 0x00000000eaa80000)
  object space 86528K, 12% used [0x00000000c0000000,0x00000000c0a801d0,0x00000000c5480000)
 PSPermGen       total 21504K, used 5910K [0x00000000bae00000, 0x00000000bc300000, 0x00000000c0000000)
  object space 21504K, 27% used [0x00000000bae00000,0x00000000bb3c5880,0x00000000bc300000)
}

Deoptimization events (10 events):
Event: 2.969 Thread 0x0000000002d81000 Uncommon trap: reason=unstable_if action=reinterpret pc=0x0000000002feda38 method=com.android.dx.ssa.SsaMethod.blockIndexToRopLabel(I)I @ 1
Event: 3.178 Thread 0x000000000a776000 Uncommon trap: reason=class_check action=maybe_recompile pc=0x000000000300864c method=com.android.dx.cf.code.RopperMachine.run(Lcom/android/dx/cf/code/Frame;II)V @ 978
Event: 3.180 Thread 0x000000000a776000 Uncommon trap: reason=bimorphic action=maybe_recompile pc=0x0000000002f8e368 method=com.android.dx.cf.code.Merger.mergeType(Lcom/android/dx/rop/type/TypeBearer;Lcom/android/dx/rop/type/TypeBearer;)Lcom/android/dx/rop/type/TypeBearer; @ 28
Event: 3.181 Thread 0x000000000a776000 Uncommon trap: reason=class_check action=maybe_recompile pc=0x0000000002ffe050 method=com.android.dx.ssa.SsaMethod.isRegALocal(Lcom/android/dx/rop/code/RegisterSpec;)Z @ 16
Event: 3.181 Thread 0x000000000a776000 Uncommon trap: reason=class_check action=maybe_recompile pc=0x0000000003037c7c method=com.android.dx.ssa.SCCP.simulateBranch(Lcom/android/dx/ssa/SsaInsn;)V @ 145
Event: 3.181 Thread 0x000000000a776000 Uncommon trap: reason=class_check action=maybe_recompile pc=0x0000000002ffe050 method=com.android.dx.ssa.SsaMethod.isRegALocal(Lcom/android/dx/rop/code/RegisterSpec;)Z @ 16
Event: 3.181 Thread 0x000000000a776000 Uncommon trap: reason=class_check action=maybe_recompile pc=0x0000000002ffe050 method=com.android.dx.ssa.SsaMethod.isRegALocal(Lcom/android/dx/rop/code/RegisterSpec;)Z @ 16
Event: 3.574 Thread 0x000000000a776000 Uncommon trap: reason=class_check action=maybe_recompile pc=0x000000000302dd7c method=com.android.dx.ssa.SCCP.setLatticeValueTo(IILcom/android/dx/rop/cst/Constant;)Z @ 43
Event: 3.574 Thread 0x000000000a776000 Uncommon trap: reason=class_check action=maybe_recompile pc=0x000000000302dd7c method=com.android.dx.ssa.SCCP.setLatticeValueTo(IILcom/android/dx/rop/cst/Constant;)Z @ 43
Event: 3.574 Thread 0x000000000a776000 Uncommon trap: reason=class_check action=maybe_recompile pc=0x000000000302dd7c method=com.android.dx.ssa.SCCP.setLatticeValueTo(IILcom/android/dx/rop/cst/Constant;)Z @ 43

Internal exceptions (10 events):
Event: 0.730 Thread 0x0000000002d81000 Threw 0x00000000eb6b0048 at C:\re\jdk7u80\2329\hotspot\src\share\vm\prims\jvm.cpp:1319
Event: 0.736 Thread 0x0000000002d81000 Threw 0x00000000eb6d0530 at C:\re\jdk7u80\2329\hotspot\src\share\vm\prims\jvm.cpp:1319
Event: 0.738 Thread 0x0000000002d81000 Threw 0x00000000eb6dfb38 at C:\re\jdk7u80\2329\hotspot\src\share\vm\prims\jvm.cpp:1319
Event: 0.752 Thread 0x0000000002d81000 Threw 0x00000000eb7b4a10 at C:\re\jdk7u80\2329\hotspot\src\share\vm\prims\jvm.cpp:1319
Event: 0.950 Thread 0x000000000a776000 Threw 0x00000000eb9e16f8 at C:\re\jdk7u80\2329\hotspot\src\share\vm\prims\jvm.cpp:1319
Event: 0.963 Thread 0x000000000a81b000 Implicit null exception at 0x0000000002f014e4 to 0x0000000002f016e5
Event: 1.032 Thread 0x000000000a6e3000 Threw 0x00000000ebb907a8 at C:\re\jdk7u80\2329\hotspot\src\share\vm\prims\jvm.cpp:1319
Event: 1.423 Thread 0x0000000002d81000 Implicit null exception at 0x0000000002f30ad7 to 0x0000000002f3116d
Event: 2.495 Thread 0x0000000002d81000 Threw 0x00000000ec95ac48 at C:\re\jdk7u80\2329\hotspot\src\share\vm\prims\jvm.cpp:1319
Event: 2.935 Thread 0x0000000002d81000 Implicit null exception at 0x0000000002f25652 to 0x0000000002f25745

Events (10 events):
Event: 3.574 Thread 0x000000000a776000 DEOPT PACKING pc=0x000000000302dd7c sp=0x000000000ad8ed20
Event: 3.574 Thread 0x000000000a776000 DEOPT UNPACKING pc=0x0000000002eb75a4 sp=0x000000000ad8ec28 mode 2
Event: 3.574 Thread 0x000000000a776000 Uncommon trap: trap_request=0xffffffde fr.pc=0x000000000302dd7c
Event: 3.574 Thread 0x000000000a776000 DEOPT PACKING pc=0x000000000302dd7c sp=0x000000000ad8ed20
Event: 3.574 Thread 0x000000000a776000 DEOPT UNPACKING pc=0x0000000002eb75a4 sp=0x000000000ad8ec28 mode 2
Event: 3.574 Thread 0x0000000008d1c800 flushing nmethod 0x0000000002ef9250
Event: 3.574 Thread 0x0000000008d1c800 flushing nmethod 0x0000000002efaf50
Event: 3.574 Thread 0x0000000008d1c800 flushing nmethod 0x0000000002efcdd0
Event: 3.579 Thread 0x0000000008d1e800 flushing nmethod 0x0000000002f01190
Event: 3.585 Thread 0x000000000a776000 Thread exited: 0x000000000a776000


Dynamic libraries:
0x00007ff692060000 - 0x00007ff692093000 	C:\Program Files\Java\jdk1.7.0_80\bin\java.exe
0x00007ffe79780000 - 0x00007ffe7992c000 	C:\Windows\SYSTEM32\ntdll.dll
0x00007ffe773d0000 - 0x00007ffe7750e000 	C:\Windows\system32\KERNEL32.DLL
0x00007ffe769a0000 - 0x00007ffe76ab5000 	C:\Windows\system32\KERNELBASE.dll
0x0000000069720000 - 0x00000000697ce000 	C:\Program Files\Bitdefender\Endpoint\Signatures\AVC\AVC3_00532_002\avcuf64.dll
0x00007ffe74c80000 - 0x00007ffe74d0e000 	C:\Windows\system32\apphelp.dll
0x00007ffe46470000 - 0x00007ffe464c3000 	C:\Windows\AppPatch\AppPatch64\AcGenral.DLL
0x00007ffe76e00000 - 0x00007ffe76eaa000 	C:\Windows\system32\msvcrt.dll
0x00007ffe76770000 - 0x00007ffe7679e000 	C:\Windows\SYSTEM32\SspiCli.dll
0x00007ffe79280000 - 0x00007ffe792d4000 	C:\Windows\system32\SHLWAPI.dll
0x00007ffe78b40000 - 0x00007ffe78cb7000 	C:\Windows\system32\USER32.dll
0x00007ffe77230000 - 0x00007ffe773c4000 	C:\Windows\system32\ole32.dll
0x00007ffe77510000 - 0x00007ffe78a3b000 	C:\Windows\system32\SHELL32.dll
0x00007ffe75ef0000 - 0x00007ffe75f11000 	C:\Windows\SYSTEM32\USERENV.dll
0x00007ffe792e0000 - 0x00007ffe7938a000 	C:\Windows\system32\ADVAPI32.dll
0x00007ffe6de40000 - 0x00007ffe6de5e000 	C:\Windows\SYSTEM32\MPR.dll
0x00007ffe770e0000 - 0x00007ffe77221000 	C:\Windows\system32\RPCRT4.dll
0x00007ffe79390000 - 0x00007ffe793e9000 	C:\Windows\SYSTEM32\sechost.dll
0x00007ffe76ec0000 - 0x00007ffe770d1000 	C:\Windows\SYSTEM32\combase.dll
0x00007ffe78dc0000 - 0x00007ffe78f10000 	C:\Windows\system32\GDI32.dll
0x00007ffe768d0000 - 0x00007ffe768e5000 	C:\Windows\SYSTEM32\profapi.dll
0x00007ffe75190000 - 0x00007ffe75242000 	C:\Windows\SYSTEM32\SHCORE.dll
0x00007ffe78d80000 - 0x00007ffe78db6000 	C:\Windows\system32\IMM32.DLL
0x00007ffe790c0000 - 0x00007ffe79212000 	C:\Windows\system32\MSCTF.dll
0x00007ffe74d10000 - 0x00007ffe74f8b000 	C:\Windows\WinSxS\amd64_microsoft.windows.common-controls_6595b64144ccf1df_6.0.9600.18006_none_623f33d3ecbe86e8\COMCTL32.dll
0x0000000065b60000 - 0x0000000065c32000 	C:\Program Files\Java\jdk1.7.0_80\jre\bin\msvcr100.dll
0x0000000065e90000 - 0x0000000066669000 	C:\Program Files\Java\jdk1.7.0_80\jre\bin\server\jvm.dll
0x00007ffe72cf0000 - 0x00007ffe72cf9000 	C:\Windows\SYSTEM32\WSOCK32.dll
0x00007ffe71b40000 - 0x00007ffe71b62000 	C:\Windows\SYSTEM32\WINMM.dll
0x00007ffe78a40000 - 0x00007ffe78a47000 	C:\Windows\system32\PSAPI.DLL
0x00007ffe79050000 - 0x00007ffe790aa000 	C:\Windows\system32\WS2_32.dll
0x00007ffe71b10000 - 0x00007ffe71b3a000 	C:\Windows\SYSTEM32\WINMMBASE.dll
0x00007ffe76eb0000 - 0x00007ffe76eb9000 	C:\Windows\system32\NSI.dll
0x00007ffe76bd0000 - 0x00007ffe76c1f000 	C:\Windows\SYSTEM32\cfgmgr32.dll
0x00007ffe756c0000 - 0x00007ffe756e8000 	C:\Windows\SYSTEM32\DEVOBJ.dll
0x0000000067c20000 - 0x0000000067c2f000 	C:\Program Files\Java\jdk1.7.0_80\jre\bin\verify.dll
0x0000000067130000 - 0x0000000067158000 	C:\Program Files\Java\jdk1.7.0_80\jre\bin\java.dll
0x0000000067c00000 - 0x0000000067c16000 	C:\Program Files\Java\jdk1.7.0_80\jre\bin\zip.dll
0x0000000067110000 - 0x000000006712a000 	C:\Program Files\Java\jdk1.7.0_80\jre\bin\net.dll
0x00007ffe761b0000 - 0x00007ffe76209000 	C:\Windows\system32\mswsock.dll
0x0000000067040000 - 0x0000000067051000 	C:\Program Files\Java\jdk1.7.0_80\jre\bin\nio.dll

VM Arguments:
jvm_args: -Djava.awt.headless=true -Xmx1024M -Dfile.encoding=windows-1252 -Duser.country=US -Duser.language=en -Duser.variant 
java_command: com.android.dx.command.Main --dex --num-threads=4 --output C:\Users\abacalu\Downloads\safeliveinterface\s\app\build\intermediates\pre-dexed\debug\com.google.android.gms-play-services-plus-8.4.0_2fc96eb4d92d28f8212a6d4a07ccd037a82a95a3.jar C:\Users\abacalu\Downloads\safeliveinterface\s\app\build\intermediates\exploded-aar\com.google.android.gms\play-services-plus\8.4.0\jars\classes.jar
Launcher Type: SUN_STANDARD

Environment Variables:
JAVA_HOME=C:\Program Files\Java\jdk1.7.0_80
PATH=C:\Program Files (x86)\Intel\iCLS Client\;C:\Program Files\Intel\iCLS Client\;C:\Program Files\Broadcom\Broadcom 802.11;C:\ProgramData\Oracle\Java\javapath;C:\Windows\system32;C:\Windows;C:\Windows\System32\Wbem;C:\Windows\System32\WindowsPowerShell\v1.0\;C:\Windows\CCM;C:\Program Files\OpenVPN\bin;C:\Program Files\Intel\Intel(R) Management Engine Components\DAL;C:\Program Files\Intel\Intel(R) Management Engine Components\IPT;C:\Program Files (x86)\Intel\Intel(R) Management Engine Components\DAL;C:\Program Files (x86)\Intel\Intel(R) Management Engine Components\IPT;C:\Program Files (x86)\Skype\Phone\;C:\Android\sdk\tools;C:\Android\sdk\platform-tools;C:\Program Files\Java\jdk1.7.0_80\bin;C:\Program Files\Git\cmd
USERNAME=abacalu
OS=Windows_NT
PROCESSOR_IDENTIFIER=Intel64 Family 6 Model 60 Stepping 3, GenuineIntel



---------------  S Y S T E M  ---------------

OS: Windows 8.1 , 64 bit Build 9600 

CPU:total 4 (2 cores per cpu, 2 threads per core) family 6 model 60 stepping 3, cmov, cx8, fxsr, mmx, sse, sse2, sse3, ssse3, sse4.1, sse4.2, popcnt, avx, avx2, aes, erms, ht, tsc, tscinvbit

Memory: 4k page, physical 8299612k(755672k free), swap 11445340k(5520k free)

vm_info: Java HotSpot(TM) 64-Bit Server VM (24.80-b11) for windows-amd64 JRE (1.7.0_80-b15), built on Apr 10 2015 11:26:34 by "java_re" with unknown MS VC++:1600

time: Thu Feb 18 17:45:46 2016
elapsed time: 3 seconds

