#
# There is insufficient memory for the Java Runtime Environment to continue.
# Native memory allocation (malloc) failed to allocate 165888 bytes for Chunk::new
# Possible reasons:
#   The system is out of physical RAM or swap space
#   In 32 bit mode, the process size limit was hit
# Possible solutions:
#   Reduce memory load on the system
#   Increase physical memory or swap space
#   Check if swap backing store is full
#   Use 64 bit Java on a 64 bit OS
#   Decrease Java heap size (-Xmx/-Xms)
#   Decrease number of Java threads
#   Decrease Java thread stack sizes (-Xss)
#   Set larger code cache with -XX:ReservedCodeCacheSize=
# This output file may be truncated or incomplete.
#
#  Out of Memory Error (allocation.cpp:323), pid=2564, tid=7328
#
# JRE version: Java(TM) SE Runtime Environment (7.0_80-b15) (build 1.7.0_80-b15)
# Java VM: Java HotSpot(TM) 64-Bit Server VM (24.80-b11 mixed mode windows-amd64 compressed oops)
# Failed to write core dump. Minidumps are not enabled by default on client versions of Windows
#

---------------  T H R E A D  ---------------

Current thread (0x00000000081de800):  JavaThread "C2 CompilerThread1" daemon [_thread_in_native, id=7328, stack(0x0000000009850000,0x0000000009950000)]

Stack: [0x0000000009850000,0x0000000009950000]
[error occurred during error reporting (printing stack bounds), id 0xc0000005]


Current CompileTask:
C2:   8165  921             com.android.dx.dex.code.OutputFinisher::performExpansion (273 bytes)


---------------  P R O C E S S  ---------------

Java Threads: ( => current thread )
  0x00000000081e1800 JavaThread "Service Thread" daemon [_thread_blocked, id=9416, stack(0x0000000009950000,0x0000000009a50000)]
=>0x00000000081de800 JavaThread "C2 CompilerThread1" daemon [_thread_in_native, id=7328, stack(0x0000000009850000,0x0000000009950000)]
  0x00000000081d4800 JavaThread "C2 CompilerThread0" daemon [_thread_blocked, id=10864, stack(0x0000000009750000,0x0000000009850000)]
  0x00000000081d3800 JavaThread "Attach Listener" daemon [_thread_blocked, id=8428, stack(0x0000000009650000,0x0000000009750000)]
  0x00000000081d0800 JavaThread "Signal Dispatcher" daemon [_thread_blocked, id=7092, stack(0x0000000009550000,0x0000000009650000)]
  0x000000000819f800 JavaThread "Finalizer" daemon [_thread_blocked, id=4708, stack(0x0000000009450000,0x0000000009550000)]
  0x0000000008195800 JavaThread "Reference Handler" daemon [_thread_blocked, id=10580, stack(0x0000000009350000,0x0000000009450000)]
  0x0000000002241000 JavaThread "main" [_thread_in_Java, id=8284, stack(0x0000000002140000,0x0000000002240000)]

Other Threads:
  0x0000000008191800 VMThread [stack: 0x0000000009250000,0x0000000009350000] [id=7800]
  0x00000000081f0000 WatcherThread [stack: 0x0000000009a50000,0x0000000009b50000] [id=8600]

VM state:not at safepoint (normal execution)

VM Mutex/Monitor currently owned by a thread: None

Heap
 PSYoungGen      total 292352K, used 66139K [0x00000000eaa80000, 0x00000000fed80000, 0x0000000100000000)
  eden space 263168K, 15% used [0x00000000eaa80000,0x00000000ed310198,0x00000000fab80000)
  from space 29184K, 84% used [0x00000000fcb00000,0x00000000fe306b38,0x00000000fe780000)
  to   space 32256K, 0% used [0x00000000fab80000,0x00000000fab80000,0x00000000fcb00000)
 ParOldGen       total 86528K, used 46515K [0x00000000c0000000, 0x00000000c5480000, 0x00000000eaa80000)
  object space 86528K, 53% used [0x00000000c0000000,0x00000000c2d6cfb0,0x00000000c5480000)
 PSPermGen       total 21504K, used 6329K [0x00000000bae00000, 0x00000000bc300000, 0x00000000c0000000)
  object space 21504K, 29% used [0x00000000bae00000,0x00000000bb42e4e8,0x00000000bc300000)

Card table byte_map: [0x0000000005400000,0x0000000005630000] byte_map_base: 0x0000000004e29000

Polling page: 0x0000000000970000

Code Cache  [0x0000000002340000, 0x00000000026a0000, 0x0000000005340000)
 total_blobs=1121 nmethods=884 adapters=189 free_code_cache=45978Kb largest_free_block=46812672

Compilation events (10 events):
Event: 8.104 Thread 0x00000000081d4800  918   !         com.android.dx.dex.code.LocalList$Entry::<init> (91 bytes)
Event: 8.104 Thread 0x00000000081de800  919             com.android.dx.dex.code.LocalList$MakeState::add (75 bytes)
Event: 8.105 Thread 0x00000000081d4800 nmethod 918 0x000000000243e850 code [0x000000000243e9a0, 0x000000000243eb08]
Event: 8.113 Thread 0x00000000081de800 nmethod 919 0x000000000243f050 code [0x000000000243f220, 0x000000000243fa68]
Event: 8.126 Thread 0x00000000081d4800  920             com.android.dx.rop.code.RegisterSpec::withOffset (17 bytes)
Event: 8.127 Thread 0x00000000081d4800 nmethod 920 0x0000000002545290 code [0x00000000025453e0, 0x0000000002545488]
Event: 8.128 Thread 0x00000000081de800  921             com.android.dx.dex.code.OutputFinisher::performExpansion (273 bytes)
Event: 8.142 Thread 0x00000000081d4800  922             com.android.dx.rop.code.RegisterSpecList::withOffset (76 bytes)
Event: 8.148 Thread 0x00000000081d4800 nmethod 922 0x000000000243c250 code [0x000000000243c3c0, 0x000000000243c848]
Event: 8.155 Thread 0x00000000081d4800  923             com.android.dx.rop.code.RegisterSpecList::withExpandedRegisters (56 bytes)

GC Heap History (10 events):
Event: 2.786 GC heap before
{Heap before GC invocations=2 (full 0):
 PSYoungGen      total 38400K, used 38390K [0x00000000eaa80000, 0x00000000ef580000, 0x0000000100000000)
  eden space 33280K, 100% used [0x00000000eaa80000,0x00000000ecb00000,0x00000000ecb00000)
  from space 5120K, 99% used [0x00000000ecb00000,0x00000000ecffd938,0x00000000ed000000)
  to   space 5120K, 0% used [0x00000000ef080000,0x00000000ef080000,0x00000000ef580000)
 ParOldGen       total 86528K, used 175K [0x00000000c0000000, 0x00000000c5480000, 0x00000000eaa80000)
  object space 86528K, 0% used [0x00000000c0000000,0x00000000c002bc18,0x00000000c5480000)
 PSPermGen       total 21504K, used 5902K [0x00000000bae00000, 0x00000000bc300000, 0x00000000c0000000)
  object space 21504K, 27% used [0x00000000bae00000,0x00000000bb3c3a78,0x00000000bc300000)
Event: 2.814 GC heap after
Heap after GC invocations=2 (full 0):
 PSYoungGen      total 71680K, used 5117K [0x00000000eaa80000, 0x00000000ef580000, 0x0000000100000000)
  eden space 66560K, 0% used [0x00000000eaa80000,0x00000000eaa80000,0x00000000eeb80000)
  from space 5120K, 99% used [0x00000000ef080000,0x00000000ef57f470,0x00000000ef580000)
  to   space 5120K, 0% used [0x00000000eeb80000,0x00000000eeb80000,0x00000000ef080000)
 ParOldGen       total 86528K, used 3923K [0x00000000c0000000, 0x00000000c5480000, 0x00000000eaa80000)
  object space 86528K, 4% used [0x00000000c0000000,0x00000000c03d4e70,0x00000000c5480000)
 PSPermGen       total 21504K, used 5902K [0x00000000bae00000, 0x00000000bc300000, 0x00000000c0000000)
  object space 21504K, 27% used [0x00000000bae00000,0x00000000bb3c3a78,0x00000000bc300000)
}
Event: 4.134 GC heap before
{Heap before GC invocations=3 (full 0):
 PSYoungGen      total 71680K, used 71677K [0x00000000eaa80000, 0x00000000ef580000, 0x0000000100000000)
  eden space 66560K, 100% used [0x00000000eaa80000,0x00000000eeb80000,0x00000000eeb80000)
  from space 5120K, 99% used [0x00000000ef080000,0x00000000ef57f470,0x00000000ef580000)
  to   space 5120K, 0% used [0x00000000eeb80000,0x00000000eeb80000,0x00000000ef080000)
 ParOldGen       total 86528K, used 3923K [0x00000000c0000000, 0x00000000c5480000, 0x00000000eaa80000)
  object space 86528K, 4% used [0x00000000c0000000,0x00000000c03d4e70,0x00000000c5480000)
 PSPermGen       total 21504K, used 5969K [0x00000000bae00000, 0x00000000bc300000, 0x00000000c0000000)
  object space 21504K, 27% used [0x00000000bae00000,0x00000000bb3d45b0,0x00000000bc300000)
Event: 4.188 GC heap after
Heap after GC invocations=3 (full 0):
 PSYoungGen      total 71680K, used 5096K [0x00000000eaa80000, 0x00000000f3680000, 0x0000000100000000)
  eden space 66560K, 0% used [0x00000000eaa80000,0x00000000eaa80000,0x00000000eeb80000)
  from space 5120K, 99% used [0x00000000eeb80000,0x00000000ef07a1b8,0x00000000ef080000)
  to   space 5120K, 0% used [0x00000000f3180000,0x00000000f3180000,0x00000000f3680000)
 ParOldGen       total 86528K, used 14451K [0x00000000c0000000, 0x00000000c5480000, 0x00000000eaa80000)
  object space 86528K, 16% used [0x00000000c0000000,0x00000000c0e1ce68,0x00000000c5480000)
 PSPermGen       total 21504K, used 5969K [0x00000000bae00000, 0x00000000bc300000, 0x00000000c0000000)
  object space 21504K, 27% used [0x00000000bae00000,0x00000000bb3d45b0,0x00000000bc300000)
}
Event: 4.827 GC heap before
{Heap before GC invocations=4 (full 0):
 PSYoungGen      total 71680K, used 71656K [0x00000000eaa80000, 0x00000000f3680000, 0x0000000100000000)
  eden space 66560K, 100% used [0x00000000eaa80000,0x00000000eeb80000,0x00000000eeb80000)
  from space 5120K, 99% used [0x00000000eeb80000,0x00000000ef07a1b8,0x00000000ef080000)
  to   space 5120K, 0% used [0x00000000f3180000,0x00000000f3180000,0x00000000f3680000)
 ParOldGen       total 86528K, used 14451K [0x00000000c0000000, 0x00000000c5480000, 0x00000000eaa80000)
  object space 86528K, 16% used [0x00000000c0000000,0x00000000c0e1ce68,0x00000000c5480000)
 PSPermGen       total 21504K, used 6015K [0x00000000bae00000, 0x00000000bc300000, 0x00000000c0000000)
  object space 21504K, 27% used [0x00000000bae00000,0x00000000bb3dfc70,0x00000000bc300000)
Event: 4.881 GC heap after
Heap after GC invocations=4 (full 0):
 PSYoungGen      total 138240K, used 5103K [0x00000000eaa80000, 0x00000000f3680000, 0x0000000100000000)
  eden space 133120K, 0% used [0x00000000eaa80000,0x00000000eaa80000,0x00000000f2c80000)
  from space 5120K, 99% used [0x00000000f3180000,0x00000000f367bc70,0x00000000f3680000)
  to   space 5120K, 0% used [0x00000000f2c80000,0x00000000f2c80000,0x00000000f3180000)
 ParOldGen       total 86528K, used 25264K [0x00000000c0000000, 0x00000000c5480000, 0x00000000eaa80000)
  object space 86528K, 29% used [0x00000000c0000000,0x00000000c18ac058,0x00000000c5480000)
 PSPermGen       total 21504K, used 6015K [0x00000000bae00000, 0x00000000bc300000, 0x00000000c0000000)
  object space 21504K, 27% used [0x00000000bae00000,0x00000000bb3dfc70,0x00000000bc300000)
}
Event: 5.876 GC heap before
{Heap before GC invocations=5 (full 0):
 PSYoungGen      total 138240K, used 138223K [0x00000000eaa80000, 0x00000000f3680000, 0x0000000100000000)
  eden space 133120K, 100% used [0x00000000eaa80000,0x00000000f2c80000,0x00000000f2c80000)
  from space 5120K, 99% used [0x00000000f3180000,0x00000000f367bc70,0x00000000f3680000)
  to   space 5120K, 0% used [0x00000000f2c80000,0x00000000f2c80000,0x00000000f3180000)
 ParOldGen       total 86528K, used 25264K [0x00000000c0000000, 0x00000000c5480000, 0x00000000eaa80000)
  object space 86528K, 29% used [0x00000000c0000000,0x00000000c18ac058,0x00000000c5480000)
 PSPermGen       total 21504K, used 6093K [0x00000000bae00000, 0x00000000bc300000, 0x00000000c0000000)
  object space 21504K, 28% used [0x00000000bae00000,0x00000000bb3f35c8,0x00000000bc300000)
Event: 5.939 GC heap after
Heap after GC invocations=5 (full 0):
 PSYoungGen      total 138240K, used 5090K [0x00000000eaa80000, 0x00000000fe780000, 0x0000000100000000)
  eden space 133120K, 0% used [0x00000000eaa80000,0x00000000eaa80000,0x00000000f2c80000)
  from space 5120K, 99% used [0x00000000f2c80000,0x00000000f3178990,0x00000000f3180000)
  to   space 29184K, 0% used [0x00000000fcb00000,0x00000000fcb00000,0x00000000fe780000)
 ParOldGen       total 86528K, used 46515K [0x00000000c0000000, 0x00000000c5480000, 0x00000000eaa80000)
  object space 86528K, 53% used [0x00000000c0000000,0x00000000c2d6cfb0,0x00000000c5480000)
 PSPermGen       total 21504K, used 6093K [0x00000000bae00000, 0x00000000bc300000, 0x00000000c0000000)
  object space 21504K, 28% used [0x00000000bae00000,0x00000000bb3f35c8,0x00000000bc300000)
}
Event: 6.400 GC heap before
{Heap before GC invocations=6 (full 0):
 PSYoungGen      total 138240K, used 138210K [0x00000000eaa80000, 0x00000000fe780000, 0x0000000100000000)
  eden space 133120K, 100% used [0x00000000eaa80000,0x00000000f2c80000,0x00000000f2c80000)
  from space 5120K, 99% used [0x00000000f2c80000,0x00000000f3178990,0x00000000f3180000)
  to   space 29184K, 0% used [0x00000000fcb00000,0x00000000fcb00000,0x00000000fe780000)
 ParOldGen       total 86528K, used 46515K [0x00000000c0000000, 0x00000000c5480000, 0x00000000eaa80000)
  object space 86528K, 53% used [0x00000000c0000000,0x00000000c2d6cfb0,0x00000000c5480000)
 PSPermGen       total 21504K, used 6112K [0x00000000bae00000, 0x00000000bc300000, 0x00000000c0000000)
  object space 21504K, 28% used [0x00000000bae00000,0x00000000bb3f8200,0x00000000bc300000)
Event: 6.502 GC heap after
Heap after GC invocations=6 (full 0):
 PSYoungGen      total 292352K, used 24602K [0x00000000eaa80000, 0x00000000fed80000, 0x0000000100000000)
  eden space 263168K, 0% used [0x00000000eaa80000,0x00000000eaa80000,0x00000000fab80000)
  from space 29184K, 84% used [0x00000000fcb00000,0x00000000fe306b38,0x00000000fe780000)
  to   space 32256K, 0% used [0x00000000fab80000,0x00000000fab80000,0x00000000fcb00000)
 ParOldGen       total 86528K, used 46515K [0x00000000c0000000, 0x00000000c5480000, 0x00000000eaa80000)
  object space 86528K, 53% used [0x00000000c0000000,0x00000000c2d6cfb0,0x00000000c5480000)
 PSPermGen       total 21504K, used 6112K [0x00000000bae00000, 0x00000000bc300000, 0x00000000c0000000)
  object space 21504K, 28% used [0x00000000bae00000,0x00000000bb3f8200,0x00000000bc300000)
}

Deoptimization events (10 events):
Event: 7.405 Thread 0x0000000002241000 Uncommon trap: reason=unstable_if action=reinterpret pc=0x000000000268f9e0 method=com.android.dx.dex.code.OutputFinisher.align64bits([Lcom/android/dx/dex/code/Dop;)V @ 172
Event: 7.405 Thread 0x0000000002241000 Uncommon trap: reason=unstable_if action=reinterpret pc=0x0000000002493c0c method=com.android.dx.rop.code.RegisterSpecSet.equals(Ljava/lang/Object;)Z @ 30
Event: 7.521 Thread 0x0000000002241000 Uncommon trap: reason=unstable_if action=reinterpret pc=0x0000000002687588 method=com.android.dx.dex.code.form.Form35c.wordCount(Lcom/android/dx/rop/code/RegisterSpecList;)I @ 52
Event: 7.538 Thread 0x0000000002241000 Uncommon trap: reason=array_check action=maybe_recompile pc=0x000000000266820c method=java.util.ComparableTimSort.binarySort([Ljava/lang/Object;III)V @ 193
Event: 7.661 Thread 0x0000000002241000 Uncommon trap: reason=bimorphic action=maybe_recompile pc=0x0000000002682298 method=com.android.dx.dex.code.OutputFinisher.calculateReservedCount([Lcom/android/dx/dex/code/Dop;)I @ 72
Event: 7.661 Thread 0x0000000002241000 Uncommon trap: reason=bimorphic action=maybe_recompile pc=0x0000000002682298 method=com.android.dx.dex.code.OutputFinisher.calculateReservedCount([Lcom/android/dx/dex/code/Dop;)I @ 72
Event: 7.661 Thread 0x0000000002241000 Uncommon trap: reason=unstable_if action=reinterpret pc=0x0000000002669c7c method=com.android.dx.dex.code.LocalList$MakeState.snapshot(ILcom/android/dx/rop/code/RegisterSpecSet;)V @ 86
Event: 7.662 Thread 0x0000000002241000 Uncommon trap: reason=array_check action=maybe_recompile pc=0x0000000002693914 method=java.util.ComparableTimSort.binarySort([Ljava/lang/Object;III)V @ 215
Event: 7.761 Thread 0x0000000002241000 Uncommon trap: reason=unstable_if action=reinterpret pc=0x000000000269471c method=com.android.dx.dex.code.OutputFinisher.align64bits([Lcom/android/dx/dex/code/Dop;)V @ 205
Event: 7.769 Thread 0x0000000002241000 Uncommon trap: reason=array_check action=maybe_recompile pc=0x0000000002693914 method=java.util.ComparableTimSort.binarySort([Ljava/lang/Object;III)V @ 215

Internal exceptions (10 events):
Event: 7.040 Thread 0x0000000002241000 Threw 0x00000000ec9e2330 at C:\re\jdk7u80\2329\hotspot\src\share\vm\prims\jvm.cpp:1319
Event: 7.040 Thread 0x0000000002241000 Threw 0x00000000ec9e7160 at C:\re\jdk7u80\2329\hotspot\src\share\vm\prims\jvm.cpp:1319
Event: 7.041 Thread 0x0000000002241000 Threw 0x00000000ec9ed348 at C:\re\jdk7u80\2329\hotspot\src\share\vm\prims\jvm.cpp:1319
Event: 7.041 Thread 0x0000000002241000 Threw 0x00000000ec9efeb8 at C:\re\jdk7u80\2329\hotspot\src\share\vm\prims\jvm.cpp:1319
Event: 7.042 Thread 0x0000000002241000 Threw 0x00000000ec9f4950 at C:\re\jdk7u80\2329\hotspot\src\share\vm\prims\jvm.cpp:1319
Event: 7.042 Thread 0x0000000002241000 Threw 0x00000000ec9f8c98 at C:\re\jdk7u80\2329\hotspot\src\share\vm\prims\jvm.cpp:1319
Event: 7.065 Thread 0x0000000002241000 Threw 0x00000000eca18608 at C:\re\jdk7u80\2329\hotspot\src\share\vm\prims\jvm.cpp:1319
Event: 7.066 Thread 0x0000000002241000 Threw 0x00000000eca1b2f0 at C:\re\jdk7u80\2329\hotspot\src\share\vm\prims\jvm.cpp:1319
Event: 7.066 Thread 0x0000000002241000 Threw 0x00000000eca1e468 at C:\re\jdk7u80\2329\hotspot\src\share\vm\prims\jvm.cpp:1319
Event: 7.130 Thread 0x0000000002241000 Threw 0x00000000eca44f48 at C:\re\jdk7u80\2329\hotspot\src\share\vm\prims\jvm.cpp:1319

Events (10 events):
Event: 7.671 Thread 0x00000000081de800 flushing nmethod 0x000000000253e250
Event: 7.671 Thread 0x00000000081de800 flushing nmethod 0x0000000002545290
Event: 7.671 Thread 0x00000000081de800 flushing nmethod 0x00000000025502d0
Event: 7.675 Thread 0x00000000081d4800 flushing nmethod 0x000000000257d410
Event: 7.761 Thread 0x0000000002241000 Uncommon trap: trap_request=0xffffff75 fr.pc=0x000000000269471c
Event: 7.761 Thread 0x0000000002241000 DEOPT PACKING pc=0x000000000269471c sp=0x000000000223f200
Event: 7.761 Thread 0x0000000002241000 DEOPT UNPACKING pc=0x00000000023775a4 sp=0x000000000223f170 mode 2
Event: 7.769 Thread 0x0000000002241000 Uncommon trap: trap_request=0xffffffd6 fr.pc=0x0000000002693914
Event: 7.769 Thread 0x0000000002241000 DEOPT PACKING pc=0x0000000002693914 sp=0x000000000223f0f0
Event: 7.769 Thread 0x0000000002241000 DEOPT UNPACKING pc=0x00000000023775a4 sp=0x000000000223f0b8 mode 2


Dynamic libraries:
0x00007ff692060000 - 0x00007ff692093000 	C:\Program Files\Java\jdk1.7.0_80\bin\java.exe
0x00007ffe79780000 - 0x00007ffe7992c000 	C:\Windows\SYSTEM32\ntdll.dll
0x00007ffe773d0000 - 0x00007ffe7750e000 	C:\Windows\system32\KERNEL32.DLL
0x00007ffe769a0000 - 0x00007ffe76ab5000 	C:\Windows\system32\KERNELBASE.dll
0x0000000069720000 - 0x00000000697ce000 	C:\Program Files\Bitdefender\Endpoint\Signatures\AVC\AVC3_00532_002\avcuf64.dll
0x00007ffe74c80000 - 0x00007ffe74d0e000 	C:\Windows\system32\apphelp.dll
0x00007ffe481e0000 - 0x00007ffe48233000 	C:\Windows\AppPatch\AppPatch64\AcGenral.DLL
0x00007ffe76e00000 - 0x00007ffe76eaa000 	C:\Windows\system32\msvcrt.dll
0x00007ffe76770000 - 0x00007ffe7679e000 	C:\Windows\SYSTEM32\SspiCli.dll
0x00007ffe79280000 - 0x00007ffe792d4000 	C:\Windows\system32\SHLWAPI.dll
0x00007ffe78b40000 - 0x00007ffe78cb7000 	C:\Windows\system32\USER32.dll
0x00007ffe77230000 - 0x00007ffe773c4000 	C:\Windows\system32\ole32.dll
0x00007ffe77510000 - 0x00007ffe78a3b000 	C:\Windows\system32\SHELL32.dll
0x00007ffe75ef0000 - 0x00007ffe75f11000 	C:\Windows\SYSTEM32\USERENV.dll
0x00007ffe792e0000 - 0x00007ffe7938a000 	C:\Windows\system32\ADVAPI32.dll
0x00007ffe6de40000 - 0x00007ffe6de5e000 	C:\Windows\SYSTEM32\MPR.dll
0x00007ffe770e0000 - 0x00007ffe77221000 	C:\Windows\system32\RPCRT4.dll
0x00007ffe79390000 - 0x00007ffe793e9000 	C:\Windows\SYSTEM32\sechost.dll
0x00007ffe76ec0000 - 0x00007ffe770d1000 	C:\Windows\SYSTEM32\combase.dll
0x00007ffe78dc0000 - 0x00007ffe78f10000 	C:\Windows\system32\GDI32.dll
0x00007ffe768d0000 - 0x00007ffe768e5000 	C:\Windows\SYSTEM32\profapi.dll
0x00007ffe75190000 - 0x00007ffe75242000 	C:\Windows\SYSTEM32\SHCORE.dll
0x00007ffe78d80000 - 0x00007ffe78db6000 	C:\Windows\system32\IMM32.DLL
0x00007ffe790c0000 - 0x00007ffe79212000 	C:\Windows\system32\MSCTF.dll
0x00007ffe74d10000 - 0x00007ffe74f8b000 	C:\Windows\WinSxS\amd64_microsoft.windows.common-controls_6595b64144ccf1df_6.0.9600.18006_none_623f33d3ecbe86e8\COMCTL32.dll
0x0000000065ad0000 - 0x0000000065ba2000 	C:\Program Files\Java\jdk1.7.0_80\jre\bin\msvcr100.dll
0x0000000065e90000 - 0x0000000066669000 	C:\Program Files\Java\jdk1.7.0_80\jre\bin\server\jvm.dll
0x00007ffe72cf0000 - 0x00007ffe72cf9000 	C:\Windows\SYSTEM32\WSOCK32.dll
0x00007ffe71b40000 - 0x00007ffe71b62000 	C:\Windows\SYSTEM32\WINMM.dll
0x00007ffe78a40000 - 0x00007ffe78a47000 	C:\Windows\system32\PSAPI.DLL
0x00007ffe79050000 - 0x00007ffe790aa000 	C:\Windows\system32\WS2_32.dll
0x00007ffe71b10000 - 0x00007ffe71b3a000 	C:\Windows\SYSTEM32\WINMMBASE.dll
0x00007ffe76eb0000 - 0x00007ffe76eb9000 	C:\Windows\system32\NSI.dll
0x00007ffe76bd0000 - 0x00007ffe76c1f000 	C:\Windows\SYSTEM32\cfgmgr32.dll
0x00007ffe756c0000 - 0x00007ffe756e8000 	C:\Windows\SYSTEM32\DEVOBJ.dll
0x0000000067100000 - 0x000000006710f000 	C:\Program Files\Java\jdk1.7.0_80\jre\bin\verify.dll
0x0000000066f80000 - 0x0000000066fa8000 	C:\Program Files\Java\jdk1.7.0_80\jre\bin\java.dll
0x0000000066790000 - 0x00000000667a6000 	C:\Program Files\Java\jdk1.7.0_80\jre\bin\zip.dll
0x0000000066770000 - 0x000000006678a000 	C:\Program Files\Java\jdk1.7.0_80\jre\bin\net.dll
0x00007ffe761b0000 - 0x00007ffe76209000 	C:\Windows\system32\mswsock.dll
0x0000000066750000 - 0x0000000066761000 	C:\Program Files\Java\jdk1.7.0_80\jre\bin\nio.dll

VM Arguments:
jvm_args: -Djava.awt.headless=true -Xmx1024M -Dfile.encoding=windows-1252 -Duser.country=US -Duser.language=en -Duser.variant 
java_command: com.android.dx.command.Main --dex --num-threads=4 --output C:\Users\abacalu\Downloads\safeliveinterface\safeliveinterface-interfacesafeliveelderly\app\build\intermediates\pre-dexed\debug\com.android.support-support-v4-23.1.1_ef7e0a595e53c5a1f2e4c2c91af71f2eed05d6cc.jar C:\Users\abacalu\Downloads\safeliveinterface\safeliveinterface-interfacesafeliveelderly\app\build\intermediates\exploded-aar\com.android.support\support-v4\23.1.1\jars\classes.jar
Launcher Type: SUN_STANDARD

Environment Variables:
JAVA_HOME=C:\Program Files\Java\jdk1.7.0_80
PATH=C:\Program Files (x86)\Intel\iCLS Client\;C:\Program Files\Intel\iCLS Client\;C:\Program Files\Broadcom\Broadcom 802.11;C:\ProgramData\Oracle\Java\javapath;C:\Windows\system32;C:\Windows;C:\Windows\System32\Wbem;C:\Windows\System32\WindowsPowerShell\v1.0\;C:\Windows\CCM;C:\Program Files\OpenVPN\bin;C:\Program Files\Intel\Intel(R) Management Engine Components\DAL;C:\Program Files\Intel\Intel(R) Management Engine Components\IPT;C:\Program Files (x86)\Intel\Intel(R) Management Engine Components\DAL;C:\Program Files (x86)\Intel\Intel(R) Management Engine Components\IPT;C:\Program Files (x86)\Skype\Phone\;C:\Android\sdk\tools;C:\Android\sdk\platform-tools;C:\Program Files\Java\jdk1.7.0_80\bin;C:\Program Files\Git\cmd
USERNAME=abacalu
OS=Windows_NT
PROCESSOR_IDENTIFIER=Intel64 Family 6 Model 60 Stepping 3, GenuineIntel



---------------  S Y S T E M  ---------------

OS: Windows 8.1 , 64 bit Build 9600 

CPU:total 4 (2 cores per cpu, 2 threads per core) family 6 model 60 stepping 3, cmov, cx8, fxsr, mmx, sse, sse2, sse3, ssse3, sse4.1, sse4.2, popcnt, avx, avx2, aes, erms, ht, tsc, tscinvbit

Memory: 4k page, physical 8299612k(1166896k free), swap 11445340k(5128k free)

vm_info: Java HotSpot(TM) 64-Bit Server VM (24.80-b11) for windows-amd64 JRE (1.7.0_80-b15), built on Apr 10 2015 11:26:34 by "java_re" with unknown MS VC++:1600

time: Thu Feb 18 09:27:50 2016
elapsed time: 8 seconds

