#
# There is insufficient memory for the Java Runtime Environment to continue.
# Native memory allocation (malloc) failed to allocate 759696 bytes for Chunk::new
# Possible reasons:
#   The system is out of physical RAM or swap space
#   In 32 bit mode, the process size limit was hit
# Possible solutions:
#   Reduce memory load on the system
#   Increase physical memory or swap space
#   Check if swap backing store is full
#   Use 64 bit Java on a 64 bit OS
#   Decrease Java heap size (-Xmx/-Xms)
#   Decrease number of Java threads
#   Decrease Java thread stack sizes (-Xss)
#   Set larger code cache with -XX:ReservedCodeCacheSize=
# This output file may be truncated or incomplete.
#
#  Out of Memory Error (allocation.cpp:323), pid=2076, tid=10932
#
# JRE version: Java(TM) SE Runtime Environment (7.0_80-b15) (build 1.7.0_80-b15)
# Java VM: Java HotSpot(TM) 64-Bit Server VM (24.80-b11 mixed mode windows-amd64 compressed oops)
# Failed to write core dump. Minidumps are not enabled by default on client versions of Windows
#

---------------  T H R E A D  ---------------

Current thread (0x00000000081f4800):  JavaThread "C2 CompilerThread0" daemon [_thread_in_native, id=10932, stack(0x0000000009770000,0x0000000009870000)]

Stack: [0x0000000009770000,0x0000000009870000]
[error occurred during error reporting (printing stack bounds), id 0xc0000005]


[error occurred during error reporting (printing native stack), id 0xc0000005]


Current CompileTask:
C2:   1671  230             com.android.dx.ssa.SCCP::run (298 bytes)


---------------  P R O C E S S  ---------------

Java Threads: ( => current thread )
  0x0000000009d6f800 JavaThread "pool-1-thread-4" [_thread_in_Java, id=7872, stack(0x000000000a370000,0x000000000a470000)]
  0x0000000009d76000 JavaThread "pool-1-thread-3" [_thread_in_Java, id=10452, stack(0x000000000a270000,0x000000000a370000)]
  0x0000000009d68800 JavaThread "pool-1-thread-2" [_thread_in_Java, id=2720, stack(0x000000000a170000,0x000000000a270000)]
  0x0000000009bfe000 JavaThread "pool-2-thread-1" [_thread_blocked, id=8472, stack(0x000000000a070000,0x000000000a170000)]
  0x0000000009bfc000 JavaThread "pool-1-thread-1" [_thread_blocked, id=8940, stack(0x0000000009f70000,0x000000000a070000)]
  0x0000000008204800 JavaThread "Service Thread" daemon [_thread_blocked, id=8804, stack(0x0000000009970000,0x0000000009a70000)]
  0x00000000081fe800 JavaThread "C2 CompilerThread1" daemon [_thread_in_native, id=10336, stack(0x0000000009870000,0x0000000009970000)]
=>0x00000000081f4800 JavaThread "C2 CompilerThread0" daemon [_thread_in_native, id=10932, stack(0x0000000009770000,0x0000000009870000)]
  0x00000000081f3800 JavaThread "Attach Listener" daemon [_thread_blocked, id=5952, stack(0x0000000009670000,0x0000000009770000)]
  0x00000000081f0800 JavaThread "Signal Dispatcher" daemon [_thread_blocked, id=280, stack(0x0000000009570000,0x0000000009670000)]
  0x00000000081be800 JavaThread "Finalizer" daemon [_thread_blocked, id=7708, stack(0x0000000009470000,0x0000000009570000)]
  0x00000000081b5800 JavaThread "Reference Handler" daemon [_thread_blocked, id=9484, stack(0x0000000009370000,0x0000000009470000)]
  0x0000000002261000 JavaThread "main" [_thread_in_Java, id=10880, stack(0x0000000002160000,0x0000000002260000)]

Other Threads:
  0x00000000081b1800 VMThread [stack: 0x0000000009270000,0x0000000009370000] [id=10928]
  0x0000000008213800 WatcherThread [stack: 0x0000000009a70000,0x0000000009b70000] [id=7208]

VM state:not at safepoint (normal execution)

VM Mutex/Monitor currently owned by a thread: None

Heap
 PSYoungGen      total 38400K, used 9804K [0x00000000eaa80000, 0x00000000ed500000, 0x0000000100000000)
  eden space 33280K, 14% used [0x00000000eaa80000,0x00000000eaf13ab8,0x00000000ecb00000)
  from space 5120K, 99% used [0x00000000ecb00000,0x00000000ecfff5b8,0x00000000ed000000)
  to   space 5120K, 0% used [0x00000000ed000000,0x00000000ed000000,0x00000000ed500000)
 ParOldGen       total 86528K, used 1294K [0x00000000c0000000, 0x00000000c5480000, 0x00000000eaa80000)
  object space 86528K, 1% used [0x00000000c0000000,0x00000000c0143908,0x00000000c5480000)
 PSPermGen       total 21504K, used 5825K [0x00000000bae00000, 0x00000000bc300000, 0x00000000c0000000)
  object space 21504K, 27% used [0x00000000bae00000,0x00000000bb3b0460,0x00000000bc300000)

Card table byte_map: [0x0000000005420000,0x0000000005650000] byte_map_base: 0x0000000004e49000

Polling page: 0x00000000008d0000

Code Cache  [0x0000000002360000, 0x00000000025d0000, 0x0000000005360000)
 total_blobs=464 nmethods=227 adapters=189 free_code_cache=48292Kb largest_free_block=49422400

Compilation events (10 events):
Event: 1.636 Thread 0x00000000081f4800 nmethod 225 0x00000000024185d0 code [0x0000000002418720, 0x0000000002418b98]
Event: 1.636 Thread 0x00000000081f4800  226             com.android.dx.rop.cst.CstMemberRef::compareTo0 (49 bytes)
Event: 1.637 Thread 0x00000000081fe800 nmethod 221 0x0000000002417ad0 code [0x0000000002417c40, 0x0000000002418218]
Event: 1.637 Thread 0x00000000081fe800  227             com.android.dx.util.Bits::get (25 bytes)
Event: 1.638 Thread 0x00000000081fe800 nmethod 227 0x0000000002417850 code [0x0000000002417980, 0x0000000002417a18]
Event: 1.638 Thread 0x00000000081fe800  228             com.android.dx.ssa.SsaRenamer$BlockRenamer::process (191 bytes)
Event: 1.639 Thread 0x00000000081f4800 nmethod 226 0x0000000002430110 code [0x0000000002430260, 0x00000000024305f8]
Event: 1.639 Thread 0x00000000081f4800  229             com.android.dx.ssa.SsaRenamer::access$000 (5 bytes)
Event: 1.639 Thread 0x00000000081f4800 nmethod 229 0x0000000002417590 code [0x00000000024176c0, 0x0000000002417718]
Event: 1.639 Thread 0x00000000081f4800  230             com.android.dx.ssa.SCCP::run (298 bytes)

GC Heap History (2 events):
Event: 1.586 GC heap before
{Heap before GC invocations=1 (full 0):
 PSYoungGen      total 38400K, used 33280K [0x00000000eaa80000, 0x00000000ed500000, 0x0000000100000000)
  eden space 33280K, 100% used [0x00000000eaa80000,0x00000000ecb00000,0x00000000ecb00000)
  from space 5120K, 0% used [0x00000000ed000000,0x00000000ed000000,0x00000000ed500000)
  to   space 5120K, 0% used [0x00000000ecb00000,0x00000000ecb00000,0x00000000ed000000)
 ParOldGen       total 86528K, used 0K [0x00000000c0000000, 0x00000000c5480000, 0x00000000eaa80000)
  object space 86528K, 0% used [0x00000000c0000000,0x00000000c0000000,0x00000000c5480000)
 PSPermGen       total 21504K, used 5796K [0x00000000bae00000, 0x00000000bc300000, 0x00000000c0000000)
  object space 21504K, 26% used [0x00000000bae00000,0x00000000bb3a9118,0x00000000bc300000)
Event: 1.605 GC heap after
Heap after GC invocations=1 (full 0):
 PSYoungGen      total 38400K, used 5117K [0x00000000eaa80000, 0x00000000ed500000, 0x0000000100000000)
  eden space 33280K, 0% used [0x00000000eaa80000,0x00000000eaa80000,0x00000000ecb00000)
  from space 5120K, 99% used [0x00000000ecb00000,0x00000000ecfff5b8,0x00000000ed000000)
  to   space 5120K, 0% used [0x00000000ed000000,0x00000000ed000000,0x00000000ed500000)
 ParOldGen       total 86528K, used 1294K [0x00000000c0000000, 0x00000000c5480000, 0x00000000eaa80000)
  object space 86528K, 1% used [0x00000000c0000000,0x00000000c0143908,0x00000000c5480000)
 PSPermGen       total 21504K, used 5796K [0x00000000bae00000, 0x00000000bc300000, 0x00000000c0000000)
  object space 21504K, 26% used [0x00000000bae00000,0x00000000bb3a9118,0x00000000bc300000)
}

Deoptimization events (5 events):
Event: 1.353 Thread 0x0000000009bfc000 Uncommon trap: reason=unstable_if action=reinterpret pc=0x00000000023eb638 method=com.android.dx.cf.code.Ropper.labelToResultIndex(I)I @ 34
Event: 1.363 Thread 0x0000000009bfc000 Uncommon trap: reason=unstable_if action=reinterpret pc=0x00000000023e2660 method=com.android.dx.ssa.SsaRenamer$BlockRenamer.addMapping(ILcom/android/dx/rop/code/RegisterSpec;)V @ 120
Event: 1.512 Thread 0x0000000002261000 Uncommon trap: reason=null_check action=make_not_entrant pc=0x000000000241ad24 method=com.android.dx.ssa.SsaRenamer.getLocalForNewReg(I)Lcom/android/dx/rop/code/LocalItem; @ 19
Event: 1.621 Thread 0x0000000009d6f800 Uncommon trap: reason=unstable_if action=reinterpret pc=0x0000000002439748 method=com.android.dx.ssa.SCCP.simulateBranch(Lcom/android/dx/ssa/SsaInsn;)V @ 118
Event: 1.668 Thread 0x0000000002261000 Uncommon trap: reason=null_check action=make_not_entrant pc=0x00000000024318c4 method=com.android.dx.rop.type.Type.putIntern(Lcom/android/dx/rop/type/Type;)Lcom/android/dx/rop/type/Type; @ 18

Internal exceptions (10 events):
Event: 0.860 Thread 0x0000000009d76000 Threw 0x00000000eb99a308 at C:\re\jdk7u80\2329\hotspot\src\share\vm\prims\jvm.cpp:1319
Event: 0.860 Thread 0x0000000009d76000 Threw 0x00000000eb99ce90 at C:\re\jdk7u80\2329\hotspot\src\share\vm\prims\jvm.cpp:1319
Event: 0.866 Thread 0x0000000002261000 Threw 0x00000000eb63b960 at C:\re\jdk7u80\2329\hotspot\src\share\vm\prims\jvm.cpp:1319
Event: 0.888 Thread 0x0000000002261000 Threw 0x00000000ebb0ee30 at C:\re\jdk7u80\2329\hotspot\src\share\vm\prims\jvm.cpp:1319
Event: 0.893 Thread 0x0000000009bfc000 Threw 0x00000000eb936dd8 at C:\re\jdk7u80\2329\hotspot\src\share\vm\prims\jvm.cpp:1319
Event: 0.986 Thread 0x0000000002261000 Threw 0x00000000ebc83148 at C:\re\jdk7u80\2329\hotspot\src\share\vm\prims\jvm.cpp:1319
Event: 1.350 Thread 0x0000000009bfc000 Threw 0x00000000ec6ca570 at C:\re\jdk7u80\2329\hotspot\src\share\vm\prims\jvm.cpp:1319
Event: 1.486 Thread 0x0000000002261000 Threw 0x00000000ec959930 at C:\re\jdk7u80\2329\hotspot\src\share\vm\prims\jvm.cpp:1319
Event: 1.512 Thread 0x0000000002261000 Implicit null exception at 0x0000000002419944 to 0x000000000241acf5
Event: 1.668 Thread 0x0000000002261000 Implicit null exception at 0x000000000243121b to 0x00000000024318b5

Events (10 events):
Event: 1.512 Thread 0x0000000002261000 DEOPT PACKING pc=0x000000000241ad24 sp=0x000000000225e540
Event: 1.512 Thread 0x0000000002261000 DEOPT UNPACKING pc=0x00000000023975a4 sp=0x000000000225e2d8 mode 2
Event: 1.570 Executing VM operation: ParallelGCFailedAllocation
Event: 1.605 Executing VM operation: ParallelGCFailedAllocation done
Event: 1.621 Thread 0x0000000009d6f800 Uncommon trap: trap_request=0xffffff75 fr.pc=0x0000000002439748
Event: 1.621 Thread 0x0000000009d6f800 DEOPT PACKING pc=0x0000000002439748 sp=0x000000000a46e670
Event: 1.621 Thread 0x0000000009d6f800 DEOPT UNPACKING pc=0x00000000023975a4 sp=0x000000000a46e600 mode 2
Event: 1.668 Thread 0x0000000002261000 Uncommon trap: trap_request=0xfffffff4 fr.pc=0x00000000024318c4
Event: 1.668 Thread 0x0000000002261000 DEOPT PACKING pc=0x00000000024318c4 sp=0x000000000225e9b0
Event: 1.668 Thread 0x0000000002261000 DEOPT UNPACKING pc=0x00000000023975a4 sp=0x000000000225e8d0 mode 2


Dynamic libraries:
0x00007ff692060000 - 0x00007ff692093000 	C:\Program Files\Java\jdk1.7.0_80\bin\java.exe
0x00007ffe79780000 - 0x00007ffe7992c000 	C:\Windows\SYSTEM32\ntdll.dll
0x00007ffe773d0000 - 0x00007ffe7750e000 	C:\Windows\system32\KERNEL32.DLL
0x00007ffe769a0000 - 0x00007ffe76ab5000 	C:\Windows\system32\KERNELBASE.dll
0x0000000069720000 - 0x00000000697ce000 	C:\Program Files\Bitdefender\Endpoint\Signatures\AVC\AVC3_00532_002\avcuf64.dll
0x00007ffe74c80000 - 0x00007ffe74d0e000 	C:\Windows\system32\apphelp.dll
0x00007ffe481e0000 - 0x00007ffe48233000 	C:\Windows\AppPatch\AppPatch64\AcGenral.DLL
0x00007ffe76e00000 - 0x00007ffe76eaa000 	C:\Windows\system32\msvcrt.dll
0x00007ffe76770000 - 0x00007ffe7679e000 	C:\Windows\SYSTEM32\SspiCli.dll
0x00007ffe79280000 - 0x00007ffe792d4000 	C:\Windows\system32\SHLWAPI.dll
0x00007ffe78b40000 - 0x00007ffe78cb7000 	C:\Windows\system32\USER32.dll
0x00007ffe77230000 - 0x00007ffe773c4000 	C:\Windows\system32\ole32.dll
0x00007ffe77510000 - 0x00007ffe78a3b000 	C:\Windows\system32\SHELL32.dll
0x00007ffe75ef0000 - 0x00007ffe75f11000 	C:\Windows\SYSTEM32\USERENV.dll
0x00007ffe792e0000 - 0x00007ffe7938a000 	C:\Windows\system32\ADVAPI32.dll
0x00007ffe6de40000 - 0x00007ffe6de5e000 	C:\Windows\SYSTEM32\MPR.dll
0x00007ffe770e0000 - 0x00007ffe77221000 	C:\Windows\system32\RPCRT4.dll
0x00007ffe79390000 - 0x00007ffe793e9000 	C:\Windows\SYSTEM32\sechost.dll
0x00007ffe76ec0000 - 0x00007ffe770d1000 	C:\Windows\SYSTEM32\combase.dll
0x00007ffe78dc0000 - 0x00007ffe78f10000 	C:\Windows\system32\GDI32.dll
0x00007ffe768d0000 - 0x00007ffe768e5000 	C:\Windows\SYSTEM32\profapi.dll
0x00007ffe75190000 - 0x00007ffe75242000 	C:\Windows\SYSTEM32\SHCORE.dll
0x00007ffe78d80000 - 0x00007ffe78db6000 	C:\Windows\system32\IMM32.DLL
0x00007ffe790c0000 - 0x00007ffe79212000 	C:\Windows\system32\MSCTF.dll
0x00007ffe74d10000 - 0x00007ffe74f8b000 	C:\Windows\WinSxS\amd64_microsoft.windows.common-controls_6595b64144ccf1df_6.0.9600.18006_none_623f33d3ecbe86e8\COMCTL32.dll
0x0000000065ad0000 - 0x0000000065ba2000 	C:\Program Files\Java\jdk1.7.0_80\jre\bin\msvcr100.dll
0x0000000065e90000 - 0x0000000066669000 	C:\Program Files\Java\jdk1.7.0_80\jre\bin\server\jvm.dll
0x00007ffe72cf0000 - 0x00007ffe72cf9000 	C:\Windows\SYSTEM32\WSOCK32.dll
0x00007ffe71b40000 - 0x00007ffe71b62000 	C:\Windows\SYSTEM32\WINMM.dll
0x00007ffe78a40000 - 0x00007ffe78a47000 	C:\Windows\system32\PSAPI.DLL
0x00007ffe79050000 - 0x00007ffe790aa000 	C:\Windows\system32\WS2_32.dll
0x00007ffe71b10000 - 0x00007ffe71b3a000 	C:\Windows\SYSTEM32\WINMMBASE.dll
0x00007ffe76eb0000 - 0x00007ffe76eb9000 	C:\Windows\system32\NSI.dll
0x00007ffe76bd0000 - 0x00007ffe76c1f000 	C:\Windows\SYSTEM32\cfgmgr32.dll
0x00007ffe756c0000 - 0x00007ffe756e8000 	C:\Windows\SYSTEM32\DEVOBJ.dll
0x0000000067100000 - 0x000000006710f000 	C:\Program Files\Java\jdk1.7.0_80\jre\bin\verify.dll
0x0000000066f80000 - 0x0000000066fa8000 	C:\Program Files\Java\jdk1.7.0_80\jre\bin\java.dll
0x0000000066790000 - 0x00000000667a6000 	C:\Program Files\Java\jdk1.7.0_80\jre\bin\zip.dll
0x0000000066770000 - 0x000000006678a000 	C:\Program Files\Java\jdk1.7.0_80\jre\bin\net.dll
0x00007ffe761b0000 - 0x00007ffe76209000 	C:\Windows\system32\mswsock.dll
0x0000000066750000 - 0x0000000066761000 	C:\Program Files\Java\jdk1.7.0_80\jre\bin\nio.dll

VM Arguments:
jvm_args: -Djava.awt.headless=true -Xmx1024M -Dfile.encoding=windows-1252 -Duser.country=US -Duser.language=en -Duser.variant 
java_command: com.android.dx.command.Main --dex --num-threads=4 --output C:\Users\abacalu\Downloads\safeliveinterface\safeliveinterface-interfacesafeliveelderly\app\build\intermediates\pre-dexed\debug\jackson-databind-2.6.0-rc3_fe1b30b4bfc3f7cfabff1f5b7351ec53d63e9548.jar C:\Users\abacalu\.gradle\caches\modules-2\files-2.1\com.fasterxml.jackson.core\jackson-databind\2.6.0-rc3\34b830df7c970d5aa33c4c8d9a41da0bb3ecb07d\jackson-databind-2.6.0-rc3.jar
Launcher Type: SUN_STANDARD

Environment Variables:
JAVA_HOME=C:\Program Files\Java\jdk1.7.0_80
PATH=C:\Program Files (x86)\Intel\iCLS Client\;C:\Program Files\Intel\iCLS Client\;C:\Program Files\Broadcom\Broadcom 802.11;C:\ProgramData\Oracle\Java\javapath;C:\Windows\system32;C:\Windows;C:\Windows\System32\Wbem;C:\Windows\System32\WindowsPowerShell\v1.0\;C:\Windows\CCM;C:\Program Files\OpenVPN\bin;C:\Program Files\Intel\Intel(R) Management Engine Components\DAL;C:\Program Files\Intel\Intel(R) Management Engine Components\IPT;C:\Program Files (x86)\Intel\Intel(R) Management Engine Components\DAL;C:\Program Files (x86)\Intel\Intel(R) Management Engine Components\IPT;C:\Program Files (x86)\Skype\Phone\;C:\Android\sdk\tools;C:\Android\sdk\platform-tools;C:\Program Files\Java\jdk1.7.0_80\bin;C:\Program Files\Git\cmd
USERNAME=abacalu
OS=Windows_NT
PROCESSOR_IDENTIFIER=Intel64 Family 6 Model 60 Stepping 3, GenuineIntel



---------------  S Y S T E M  ---------------

OS: Windows 8.1 , 64 bit Build 9600 

CPU:total 4 (2 cores per cpu, 2 threads per core) family 6 model 60 stepping 3, cmov, cx8, fxsr, mmx, sse, sse2, sse3, ssse3, sse4.1, sse4.2, popcnt, avx, avx2, aes, erms, ht, tsc, tscinvbit

Memory: 4k page, physical 8299612k(927868k free), swap 11445340k(5500k free)

vm_info: Java HotSpot(TM) 64-Bit Server VM (24.80-b11) for windows-amd64 JRE (1.7.0_80-b15), built on Apr 10 2015 11:26:34 by "java_re" with unknown MS VC++:1600

time: Thu Feb 18 09:32:13 2016
elapsed time: 1 seconds

