#
# There is insufficient memory for the Java Runtime Environment to continue.
# Native memory allocation (malloc) failed to allocate 236176 bytes for Chunk::new
# Possible reasons:
#   The system is out of physical RAM or swap space
#   In 32 bit mode, the process size limit was hit
# Possible solutions:
#   Reduce memory load on the system
#   Increase physical memory or swap space
#   Check if swap backing store is full
#   Use 64 bit Java on a 64 bit OS
#   Decrease Java heap size (-Xmx/-Xms)
#   Decrease number of Java threads
#   Decrease Java thread stack sizes (-Xss)
#   Set larger code cache with -XX:ReservedCodeCacheSize=
# This output file may be truncated or incomplete.
#
#  Out of Memory Error (allocation.cpp:323), pid=9100, tid=9772
#
# JRE version: Java(TM) SE Runtime Environment (7.0_80-b15) (build 1.7.0_80-b15)
# Java VM: Java HotSpot(TM) 64-Bit Server VM (24.80-b11 mixed mode windows-amd64 compressed oops)
# Failed to write core dump. Minidumps are not enabled by default on client versions of Windows
#

---------------  T H R E A D  ---------------

Current thread (0x0000000008329000):  JavaThread "C2 CompilerThread0" daemon [_thread_in_native, id=9772, stack(0x0000000009890000,0x0000000009990000)]

Stack: [0x0000000009890000,0x0000000009990000]
[error occurred during error reporting (printing stack bounds), id 0xc0000005]


[error occurred during error reporting (printing native stack), id 0xc0000005]


Current CompileTask:
C2:    623   77             com.android.dx.ssa.SsaMethod::computeReachability (131 bytes)


---------------  P R O C E S S  ---------------

Java Threads: ( => current thread )
  0x0000000009e6d000 JavaThread "pool-1-thread-4" [_thread_in_Java, id=9172, stack(0x000000000a490000,0x000000000a590000)]
  0x0000000009e6c000 JavaThread "pool-1-thread-3" [_thread_in_Java, id=10640, stack(0x000000000a390000,0x000000000a490000)]
  0x0000000009e5a800 JavaThread "pool-1-thread-2" [_thread_blocked, id=9396, stack(0x000000000a290000,0x000000000a390000)]
  0x0000000009e33800 JavaThread "pool-2-thread-1" [_thread_blocked, id=9992, stack(0x000000000a190000,0x000000000a290000)]
  0x0000000009e33000 JavaThread "pool-1-thread-1" [_thread_in_Java, id=8284, stack(0x000000000a090000,0x000000000a190000)]
  0x000000000833a800 JavaThread "Service Thread" daemon [_thread_blocked, id=7612, stack(0x0000000009a90000,0x0000000009b90000)]
  0x0000000008334000 JavaThread "C2 CompilerThread1" daemon [_thread_in_native, id=10608, stack(0x0000000009990000,0x0000000009a90000)]
=>0x0000000008329000 JavaThread "C2 CompilerThread0" daemon [_thread_in_native, id=9772, stack(0x0000000009890000,0x0000000009990000)]
  0x0000000008328800 JavaThread "Attach Listener" daemon [_thread_blocked, id=5280, stack(0x0000000009790000,0x0000000009890000)]
  0x0000000008325000 JavaThread "Signal Dispatcher" daemon [_thread_blocked, id=308, stack(0x0000000009690000,0x0000000009790000)]
  0x00000000082e9000 JavaThread "Finalizer" daemon [_thread_blocked, id=10764, stack(0x0000000009590000,0x0000000009690000)]
  0x00000000082e5800 JavaThread "Reference Handler" daemon [_thread_blocked, id=9616, stack(0x0000000009490000,0x0000000009590000)]
  0x00000000022f1000 JavaThread "main" [_thread_in_Java, id=10960, stack(0x00000000021c0000,0x00000000022c0000)]

Other Threads:
  0x00000000082e1800 VMThread [stack: 0x0000000009390000,0x0000000009490000] [id=9416]
  0x0000000008349000 WatcherThread [stack: 0x0000000009b90000,0x0000000009c90000] [id=11220]

VM state:not at safepoint (normal execution)

VM Mutex/Monitor currently owned by a thread: None

Heap
 PSYoungGen      total 38400K, used 14290K [0x00000000eaa80000, 0x00000000ed500000, 0x0000000100000000)
  eden space 33280K, 42% used [0x00000000eaa80000,0x00000000eb874838,0x00000000ecb00000)
  from space 5120K, 0% used [0x00000000ed000000,0x00000000ed000000,0x00000000ed500000)
  to   space 5120K, 0% used [0x00000000ecb00000,0x00000000ecb00000,0x00000000ed000000)
 ParOldGen       total 86528K, used 0K [0x00000000c0000000, 0x00000000c5480000, 0x00000000eaa80000)
  object space 86528K, 0% used [0x00000000c0000000,0x00000000c0000000,0x00000000c5480000)
 PSPermGen       total 21504K, used 5634K [0x00000000bae00000, 0x00000000bc300000, 0x00000000c0000000)
  object space 21504K, 26% used [0x00000000bae00000,0x00000000bb3808c8,0x00000000bc300000)

Card table byte_map: [0x0000000005550000,0x0000000005780000] byte_map_base: 0x0000000004f79000

Polling page: 0x0000000000a40000

Code Cache  [0x0000000002490000, 0x0000000002700000, 0x0000000005490000)
 total_blobs=312 nmethods=75 adapters=189 free_code_cache=48657Kb largest_free_block=49798464

Compilation events (10 events):
Event: 0.600 Thread 0x0000000008334000 nmethod 72 0x000000000250b350 code [0x000000000250b4a0, 0x000000000250b538]
Event: 0.600 Thread 0x0000000008334000   73             java.util.AbstractCollection::<init> (5 bytes)
Event: 0.600 Thread 0x0000000008334000 nmethod 73 0x000000000250cf50 code [0x000000000250d080, 0x000000000250d0d8]
Event: 0.602 Thread 0x0000000008334000   74   !         com.android.dx.util.FixedSizeList::set0 (22 bytes)
Event: 0.603 Thread 0x0000000008334000 nmethod 74 0x000000000250afd0 code [0x000000000250b120, 0x000000000250b218]
Event: 0.605 Thread 0x0000000008329000 nmethod 71 0x000000000250a450 code [0x000000000250a5c0, 0x000000000250aa98]
Event: 0.607 Thread 0x0000000008334000   75             com.android.dx.rop.code.RopMethod::calcPredecessors (227 bytes)
Event: 0.607 Thread 0x0000000008329000   76             com.android.dx.cf.code.Ropper::labelToResultIndex (47 bytes)
Event: 0.612 Thread 0x0000000008329000 nmethod 76 0x0000000002509e90 code [0x0000000002509fe0, 0x000000000250a298]
Event: 0.612 Thread 0x0000000008329000   77             com.android.dx.ssa.SsaMethod::computeReachability (131 bytes)

GC Heap History (0 events):
No events

Deoptimization events (0 events):
No events

Internal exceptions (10 events):
Event: 0.507 Thread 0x0000000009e5a800 Threw 0x00000000eb39f830 at C:\re\jdk7u80\2329\hotspot\src\share\vm\prims\jvm.cpp:1319
Event: 0.508 Thread 0x0000000009e5a800 Threw 0x00000000eb3a4908 at C:\re\jdk7u80\2329\hotspot\src\share\vm\prims\jvm.cpp:1319
Event: 0.508 Thread 0x00000000022f1000 Threw 0x00000000eb032e78 at C:\re\jdk7u80\2329\hotspot\src\share\vm\prims\jvm.cpp:1319
Event: 0.512 Thread 0x0000000009e6d000 Threw 0x00000000eb3e7f20 at C:\re\jdk7u80\2329\hotspot\src\share\vm\prims\jvm.cpp:1319
Event: 0.514 Thread 0x0000000009e5a800 Threw 0x00000000eb48ed80 at C:\re\jdk7u80\2329\hotspot\src\share\vm\prims\jvm.cpp:1319
Event: 0.515 Thread 0x0000000009e6c000 Threw 0x00000000eb19f5c8 at C:\re\jdk7u80\2329\hotspot\src\share\vm\prims\jvm.cpp:1319
Event: 0.515 Thread 0x0000000009e6d000 Threw 0x00000000eb3ee750 at C:\re\jdk7u80\2329\hotspot\src\share\vm\prims\jvm.cpp:1319
Event: 0.523 Thread 0x0000000009e5a800 Threw 0x00000000eb4a5ef8 at C:\re\jdk7u80\2329\hotspot\src\share\vm\prims\jvm.cpp:1319
Event: 0.524 Thread 0x00000000022f1000 Threw 0x00000000eb05fe58 at C:\re\jdk7u80\2329\hotspot\src\share\vm\prims\jvm.cpp:1319
Event: 0.562 Thread 0x00000000022f1000 Threw 0x00000000eb5b1130 at C:\re\jdk7u80\2329\hotspot\src\share\vm\prims\jvm.cpp:1319

Events (10 events):
Event: 0.538 loading class 0x000000000236d520
Event: 0.538 loading class 0x000000000236d520 done
Event: 0.562 loading class 0x0000000009cd29a0
Event: 0.562 loading class 0x0000000009cd29a0 done
Event: 0.568 loading class 0x000000000834f030
Event: 0.568 loading class 0x000000000834f030 done
Event: 0.568 loading class 0x000000000834f000
Event: 0.568 loading class 0x000000000834f000 done
Event: 0.612 loading class 0x0000000002366730
Event: 0.612 loading class 0x0000000002366730 done


Dynamic libraries:
0x00007ff692060000 - 0x00007ff692093000 	C:\Program Files\Java\jdk1.7.0_80\bin\java.exe
0x00007ffe79780000 - 0x00007ffe7992c000 	C:\Windows\SYSTEM32\ntdll.dll
0x00007ffe773d0000 - 0x00007ffe7750e000 	C:\Windows\system32\KERNEL32.DLL
0x00007ffe769a0000 - 0x00007ffe76ab5000 	C:\Windows\system32\KERNELBASE.dll
0x0000000069720000 - 0x00000000697ce000 	C:\Program Files\Bitdefender\Endpoint\Signatures\AVC\AVC3_00532_002\avcuf64.dll
0x00007ffe74c80000 - 0x00007ffe74d0e000 	C:\Windows\system32\apphelp.dll
0x00007ffe481e0000 - 0x00007ffe48233000 	C:\Windows\AppPatch\AppPatch64\AcGenral.DLL
0x00007ffe76e00000 - 0x00007ffe76eaa000 	C:\Windows\system32\msvcrt.dll
0x00007ffe76770000 - 0x00007ffe7679e000 	C:\Windows\SYSTEM32\SspiCli.dll
0x00007ffe79280000 - 0x00007ffe792d4000 	C:\Windows\system32\SHLWAPI.dll
0x00007ffe78b40000 - 0x00007ffe78cb7000 	C:\Windows\system32\USER32.dll
0x00007ffe77230000 - 0x00007ffe773c4000 	C:\Windows\system32\ole32.dll
0x00007ffe77510000 - 0x00007ffe78a3b000 	C:\Windows\system32\SHELL32.dll
0x00007ffe75ef0000 - 0x00007ffe75f11000 	C:\Windows\SYSTEM32\USERENV.dll
0x00007ffe792e0000 - 0x00007ffe7938a000 	C:\Windows\system32\ADVAPI32.dll
0x00007ffe6de40000 - 0x00007ffe6de5e000 	C:\Windows\SYSTEM32\MPR.dll
0x00007ffe770e0000 - 0x00007ffe77221000 	C:\Windows\system32\RPCRT4.dll
0x00007ffe79390000 - 0x00007ffe793e9000 	C:\Windows\SYSTEM32\sechost.dll
0x00007ffe76ec0000 - 0x00007ffe770d1000 	C:\Windows\SYSTEM32\combase.dll
0x00007ffe78dc0000 - 0x00007ffe78f10000 	C:\Windows\system32\GDI32.dll
0x00007ffe768d0000 - 0x00007ffe768e5000 	C:\Windows\SYSTEM32\profapi.dll
0x00007ffe75190000 - 0x00007ffe75242000 	C:\Windows\SYSTEM32\SHCORE.dll
0x00007ffe78d80000 - 0x00007ffe78db6000 	C:\Windows\system32\IMM32.DLL
0x00007ffe790c0000 - 0x00007ffe79212000 	C:\Windows\system32\MSCTF.dll
0x00007ffe74d10000 - 0x00007ffe74f8b000 	C:\Windows\WinSxS\amd64_microsoft.windows.common-controls_6595b64144ccf1df_6.0.9600.18006_none_623f33d3ecbe86e8\COMCTL32.dll
0x0000000065ad0000 - 0x0000000065ba2000 	C:\Program Files\Java\jdk1.7.0_80\jre\bin\msvcr100.dll
0x0000000065e90000 - 0x0000000066669000 	C:\Program Files\Java\jdk1.7.0_80\jre\bin\server\jvm.dll
0x00007ffe72cf0000 - 0x00007ffe72cf9000 	C:\Windows\SYSTEM32\WSOCK32.dll
0x00007ffe71b40000 - 0x00007ffe71b62000 	C:\Windows\SYSTEM32\WINMM.dll
0x00007ffe78a40000 - 0x00007ffe78a47000 	C:\Windows\system32\PSAPI.DLL
0x00007ffe79050000 - 0x00007ffe790aa000 	C:\Windows\system32\WS2_32.dll
0x00007ffe71b10000 - 0x00007ffe71b3a000 	C:\Windows\SYSTEM32\WINMMBASE.dll
0x00007ffe76eb0000 - 0x00007ffe76eb9000 	C:\Windows\system32\NSI.dll
0x00007ffe76bd0000 - 0x00007ffe76c1f000 	C:\Windows\SYSTEM32\cfgmgr32.dll
0x00007ffe756c0000 - 0x00007ffe756e8000 	C:\Windows\SYSTEM32\DEVOBJ.dll
0x0000000067100000 - 0x000000006710f000 	C:\Program Files\Java\jdk1.7.0_80\jre\bin\verify.dll
0x0000000066f80000 - 0x0000000066fa8000 	C:\Program Files\Java\jdk1.7.0_80\jre\bin\java.dll
0x0000000066790000 - 0x00000000667a6000 	C:\Program Files\Java\jdk1.7.0_80\jre\bin\zip.dll
0x0000000066770000 - 0x000000006678a000 	C:\Program Files\Java\jdk1.7.0_80\jre\bin\net.dll
0x00007ffe761b0000 - 0x00007ffe76209000 	C:\Windows\system32\mswsock.dll
0x0000000066750000 - 0x0000000066761000 	C:\Program Files\Java\jdk1.7.0_80\jre\bin\nio.dll

VM Arguments:
jvm_args: -Djava.awt.headless=true -Xmx1024M -Dfile.encoding=windows-1252 -Duser.country=US -Duser.language=en -Duser.variant 
java_command: com.android.dx.command.Main --dex --num-threads=4 --output C:\Users\abacalu\Downloads\safeliveinterface\safeliveinterface-interfacesafeliveelderly\app\build\intermediates\pre-dexed\debug\jackson-annotations-2.6.0-rc3_32b80ac8f9a32e78b05bd3e88a75ed5556a9936c.jar C:\Users\abacalu\.gradle\caches\modules-2\files-2.1\com.fasterxml.jackson.core\jackson-annotations\2.6.0-rc3\b68dcc9f1573efbcdd7b11fdc78eac95e66787bf\jackson-annotations-2.6.0-rc3.jar
Launcher Type: SUN_STANDARD

Environment Variables:
JAVA_HOME=C:\Program Files\Java\jdk1.7.0_80
PATH=C:\Program Files (x86)\Intel\iCLS Client\;C:\Program Files\Intel\iCLS Client\;C:\Program Files\Broadcom\Broadcom 802.11;C:\ProgramData\Oracle\Java\javapath;C:\Windows\system32;C:\Windows;C:\Windows\System32\Wbem;C:\Windows\System32\WindowsPowerShell\v1.0\;C:\Windows\CCM;C:\Program Files\OpenVPN\bin;C:\Program Files\Intel\Intel(R) Management Engine Components\DAL;C:\Program Files\Intel\Intel(R) Management Engine Components\IPT;C:\Program Files (x86)\Intel\Intel(R) Management Engine Components\DAL;C:\Program Files (x86)\Intel\Intel(R) Management Engine Components\IPT;C:\Program Files (x86)\Skype\Phone\;C:\Android\sdk\tools;C:\Android\sdk\platform-tools;C:\Program Files\Java\jdk1.7.0_80\bin;C:\Program Files\Git\cmd
USERNAME=abacalu
OS=Windows_NT
PROCESSOR_IDENTIFIER=Intel64 Family 6 Model 60 Stepping 3, GenuineIntel



---------------  S Y S T E M  ---------------

OS: Windows 8.1 , 64 bit Build 9600 

CPU:total 4 (2 cores per cpu, 2 threads per core) family 6 model 60 stepping 3, cmov, cx8, fxsr, mmx, sse, sse2, sse3, ssse3, sse4.1, sse4.2, popcnt, avx, avx2, aes, erms, ht, tsc, tscinvbit

Memory: 4k page, physical 8299612k(997396k free), swap 11445340k(5300k free)

vm_info: Java HotSpot(TM) 64-Bit Server VM (24.80-b11) for windows-amd64 JRE (1.7.0_80-b15), built on Apr 10 2015 11:26:34 by "java_re" with unknown MS VC++:1600

time: Thu Feb 18 09:32:14 2016
elapsed time: 0 seconds

