#
# There is insufficient memory for the Java Runtime Environment to continue.
# Native memory allocation (malloc) failed to allocate 654656 bytes for Chunk::new
# Possible reasons:
#   The system is out of physical RAM or swap space
#   In 32 bit mode, the process size limit was hit
# Possible solutions:
#   Reduce memory load on the system
#   Increase physical memory or swap space
#   Check if swap backing store is full
#   Use 64 bit Java on a 64 bit OS
#   Decrease Java heap size (-Xmx/-Xms)
#   Decrease number of Java threads
#   Decrease Java thread stack sizes (-Xss)
#   Set larger code cache with -XX:ReservedCodeCacheSize=
# This output file may be truncated or incomplete.
#
#  Out of Memory Error (allocation.cpp:323), pid=4708, tid=10928
#
# JRE version: Java(TM) SE Runtime Environment (7.0_80-b15) (build 1.7.0_80-b15)
# Java VM: Java HotSpot(TM) 64-Bit Server VM (24.80-b11 mixed mode windows-amd64 compressed oops)
# Failed to write core dump. Minidumps are not enabled by default on client versions of Windows
#

---------------  T H R E A D  ---------------

Current thread (0x0000000007fbe800):  JavaThread "C2 CompilerThread1" daemon [_thread_in_native, id=10928, stack(0x0000000009640000,0x0000000009740000)]

Stack: [0x0000000009640000,0x0000000009740000]
[error occurred during error reporting (printing stack bounds), id 0xc0000005]


[error occurred during error reporting (printing native stack), id 0xc0000005]


Current CompileTask:
C2:   1482  251   !         com.android.dx.cf.code.Ropper::processBlock (1101 bytes)


---------------  P R O C E S S  ---------------

Java Threads: ( => current thread )
  0x0000000009b5a000 JavaThread "pool-1-thread-4" [_thread_in_Java, id=10876, stack(0x000000000a140000,0x000000000a240000)]
  0x0000000009a4c800 JavaThread "pool-1-thread-3" [_thread_in_Java, id=2076, stack(0x000000000a040000,0x000000000a140000)]
  0x0000000009a1d000 JavaThread "pool-1-thread-2" [_thread_in_vm, id=8992, stack(0x0000000009f40000,0x000000000a040000)]
  0x0000000009ab2000 JavaThread "pool-2-thread-1" [_thread_blocked, id=11068, stack(0x0000000009e40000,0x0000000009f40000)]
  0x00000000099cc000 JavaThread "pool-1-thread-1" [_thread_in_Java, id=6592, stack(0x0000000009d40000,0x0000000009e40000)]
  0x0000000007fc4800 JavaThread "Service Thread" daemon [_thread_blocked, id=9912, stack(0x0000000009740000,0x0000000009840000)]
=>0x0000000007fbe800 JavaThread "C2 CompilerThread1" daemon [_thread_in_native, id=10928, stack(0x0000000009640000,0x0000000009740000)]
  0x0000000007fb3800 JavaThread "C2 CompilerThread0" daemon [_thread_in_native, id=9632, stack(0x0000000009540000,0x0000000009640000)]
  0x0000000007fb2800 JavaThread "Attach Listener" daemon [_thread_blocked, id=3560, stack(0x0000000009440000,0x0000000009540000)]
  0x0000000007faf800 JavaThread "Signal Dispatcher" daemon [_thread_blocked, id=10224, stack(0x0000000009340000,0x0000000009440000)]
  0x0000000007f7e800 JavaThread "Finalizer" daemon [_thread_blocked, id=10880, stack(0x0000000009240000,0x0000000009340000)]
  0x0000000007f75800 JavaThread "Reference Handler" daemon [_thread_blocked, id=8344, stack(0x0000000009140000,0x0000000009240000)]
  0x0000000002091000 JavaThread "main" [_thread_in_Java, id=5016, stack(0x0000000001ec0000,0x0000000001fc0000)]

Other Threads:
  0x0000000007f71800 VMThread [stack: 0x0000000009040000,0x0000000009140000] [id=8940]
  0x0000000007fd3800 WatcherThread [stack: 0x0000000009840000,0x0000000009940000] [id=4784]

VM state:not at safepoint (normal execution)

VM Mutex/Monitor currently owned by a thread: None

Heap
 PSYoungGen      total 38400K, used 14920K [0x00000000eaa80000, 0x00000000ef580000, 0x0000000100000000)
  eden space 33280K, 29% used [0x00000000eaa80000,0x00000000eb4132b8,0x00000000ecb00000)
  from space 5120K, 99% used [0x00000000ecb00000,0x00000000ecffed60,0x00000000ed000000)
  to   space 5120K, 0% used [0x00000000ef080000,0x00000000ef080000,0x00000000ef580000)
 ParOldGen       total 86528K, used 1783K [0x00000000c0000000, 0x00000000c5480000, 0x00000000eaa80000)
  object space 86528K, 2% used [0x00000000c0000000,0x00000000c01bdd58,0x00000000c5480000)
 PSPermGen       total 21504K, used 5836K [0x00000000bae00000, 0x00000000bc300000, 0x00000000c0000000)
  object space 21504K, 27% used [0x00000000bae00000,0x00000000bb3b32b0,0x00000000bc300000)

Card table byte_map: [0x0000000005190000,0x00000000053c0000] byte_map_base: 0x0000000004bb9000

Polling page: 0x0000000001e70000

Code Cache  [0x0000000002190000, 0x0000000002400000, 0x0000000005190000)
 total_blobs=487 nmethods=250 adapters=189 free_code_cache=48207Kb largest_free_block=49316864

Compilation events (10 events):
Event: 1.422 Thread 0x0000000007fb3800 nmethod 247 0x0000000002278bd0 code [0x0000000002278d20, 0x0000000002278e98]
Event: 1.422 Thread 0x0000000007fb3800  248             java.util.TreeMap::getEntry (84 bytes)
Event: 1.424 Thread 0x0000000007fb3800 nmethod 248 0x0000000002278810 code [0x0000000002278960, 0x0000000002278a98]
Event: 1.424 Thread 0x0000000007fb3800  249             com.android.dx.rop.cst.CstType::compareTo0 (25 bytes)
Event: 1.425 Thread 0x0000000007fb3800 nmethod 249 0x0000000002278390 code [0x00000000022784e0, 0x00000000022786b8]
Event: 1.425 Thread 0x0000000007fb3800  250             com.android.dx.rop.cst.CstMemberRef::compareTo0 (49 bytes)
Event: 1.425 Thread 0x0000000007fbe800 nmethod 239 0x00000000022845d0 code [0x0000000002284860, 0x0000000002285a18]
Event: 1.426 Thread 0x0000000007fbe800  251   !         com.android.dx.cf.code.Ropper::processBlock (1101 bytes)
Event: 1.427 Thread 0x0000000007fb3800 nmethod 250 0x0000000002277a90 code [0x0000000002277be0, 0x0000000002277f78]
Event: 1.427 Thread 0x0000000007fb3800  252             com.android.dx.ssa.SCCP::simulateStmt (481 bytes)

GC Heap History (2 events):
Event: 1.355 GC heap before
{Heap before GC invocations=1 (full 0):
 PSYoungGen      total 38400K, used 33280K [0x00000000eaa80000, 0x00000000ed500000, 0x0000000100000000)
  eden space 33280K, 100% used [0x00000000eaa80000,0x00000000ecb00000,0x00000000ecb00000)
  from space 5120K, 0% used [0x00000000ed000000,0x00000000ed000000,0x00000000ed500000)
  to   space 5120K, 0% used [0x00000000ecb00000,0x00000000ecb00000,0x00000000ed000000)
 ParOldGen       total 86528K, used 0K [0x00000000c0000000, 0x00000000c5480000, 0x00000000eaa80000)
  object space 86528K, 0% used [0x00000000c0000000,0x00000000c0000000,0x00000000c5480000)
 PSPermGen       total 21504K, used 5811K [0x00000000bae00000, 0x00000000bc300000, 0x00000000c0000000)
  object space 21504K, 27% used [0x00000000bae00000,0x00000000bb3acc80,0x00000000bc300000)
Event: 1.377 GC heap after
Heap after GC invocations=1 (full 0):
 PSYoungGen      total 38400K, used 5115K [0x00000000eaa80000, 0x00000000ef580000, 0x0000000100000000)
  eden space 33280K, 0% used [0x00000000eaa80000,0x00000000eaa80000,0x00000000ecb00000)
  from space 5120K, 99% used [0x00000000ecb00000,0x00000000ecffed60,0x00000000ed000000)
  to   space 5120K, 0% used [0x00000000ef080000,0x00000000ef080000,0x00000000ef580000)
 ParOldGen       total 86528K, used 1783K [0x00000000c0000000, 0x00000000c5480000, 0x00000000eaa80000)
  object space 86528K, 2% used [0x00000000c0000000,0x00000000c01bdd58,0x00000000c5480000)
 PSPermGen       total 21504K, used 5811K [0x00000000bae00000, 0x00000000bc300000, 0x00000000c0000000)
  object space 21504K, 27% used [0x00000000bae00000,0x00000000bb3acc80,0x00000000bc300000)
}

Deoptimization events (9 events):
Event: 0.575 Thread 0x0000000009b5a000 Uncommon trap: reason=unstable_if action=reinterpret pc=0x00000000022012b8 method=com.android.dx.cf.code.Ropper.labelToResultIndex(I)I @ 34
Event: 0.734 Thread 0x00000000099cc000 Uncommon trap: reason=unstable_if action=reinterpret pc=0x00000000022107d0 method=com.android.dx.ssa.DeadCodeRemover.isCircularNoSideEffect(ILjava/util/BitSet;)Z @ 130
Event: 0.754 Thread 0x0000000002091000 Uncommon trap: reason=class_check action=maybe_recompile pc=0x000000000220a350 method=com.android.dx.ssa.NormalSsaInsn.accept(Lcom/android/dx/ssa/SsaInsn$Visitor;)V @ 9
Event: 0.754 Thread 0x0000000002091000 Uncommon trap: reason=class_check action=maybe_recompile pc=0x000000000220a350 method=com.android.dx.ssa.NormalSsaInsn.accept(Lcom/android/dx/ssa/SsaInsn$Visitor;)V @ 9
Event: 0.754 Thread 0x0000000002091000 Uncommon trap: reason=class_check action=maybe_recompile pc=0x000000000220a350 method=com.android.dx.ssa.NormalSsaInsn.accept(Lcom/android/dx/ssa/SsaInsn$Visitor;)V @ 9
Event: 0.754 Thread 0x0000000002091000 Uncommon trap: reason=class_check action=maybe_recompile pc=0x000000000220a350 method=com.android.dx.ssa.NormalSsaInsn.accept(Lcom/android/dx/ssa/SsaInsn$Visitor;)V @ 9
Event: 0.800 Thread 0x0000000002091000 Uncommon trap: reason=null_check action=make_not_entrant pc=0x0000000002217fa4 method=com.android.dx.rop.code.LocalItem.equals(Ljava/lang/Object;)Z @ 1
Event: 1.292 Thread 0x0000000002091000 Uncommon trap: reason=null_check action=make_not_entrant pc=0x000000000225b900 method=com.android.dx.rop.type.Type.putIntern(Lcom/android/dx/rop/type/Type;)Lcom/android/dx/rop/type/Type; @ 18
Event: 1.405 Thread 0x00000000099cc000 Uncommon trap: reason=unstable_if action=reinterpret pc=0x0000000002222d88 method=com.android.dx.rop.code.RegisterSpec.equals(ILcom/android/dx/rop/type/TypeBearer;Lcom/android/dx/rop/code/LocalItem;)Z @ 42

Internal exceptions (10 events):
Event: 0.666 Thread 0x0000000009a4c800 Threw 0x00000000eb651800 at C:\re\jdk7u80\2329\hotspot\src\share\vm\prims\jvm.cpp:1319
Event: 0.674 Thread 0x0000000002091000 Threw 0x00000000eb4a9bb8 at C:\re\jdk7u80\2329\hotspot\src\share\vm\prims\jvm.cpp:1319
Event: 0.800 Thread 0x0000000002091000 Implicit null exception at 0x0000000002217d91 to 0x0000000002217f8d
Event: 0.877 Thread 0x0000000002091000 Threw 0x00000000eba61268 at C:\re\jdk7u80\2329\hotspot\src\share\vm\prims\jvm.cpp:1319
Event: 0.880 Thread 0x0000000002091000 Threw 0x00000000eba69db0 at C:\re\jdk7u80\2329\hotspot\src\share\vm\prims\jvm.cpp:1319
Event: 0.882 Thread 0x0000000009b5a000 Threw 0x00000000ebbfa670 at C:\re\jdk7u80\2329\hotspot\src\share\vm\prims\jvm.cpp:1319
Event: 0.979 Thread 0x0000000002091000 Threw 0x00000000ec16d980 at C:\re\jdk7u80\2329\hotspot\src\share\vm\prims\jvm.cpp:1319
Event: 0.979 Thread 0x0000000002091000 Threw 0x00000000ec16fbe8 at C:\re\jdk7u80\2329\hotspot\src\share\vm\prims\jvm.cpp:1319
Event: 1.165 Thread 0x0000000009a1d000 Threw 0x00000000ec6ad7e8 at C:\re\jdk7u80\2329\hotspot\src\share\vm\prims\jvm.cpp:1319
Event: 1.292 Thread 0x0000000002091000 Implicit null exception at 0x000000000225b297 to 0x000000000225b8f1

Events (10 events):
Event: 1.165 loading class 0x0000000009a35ae0
Event: 1.165 loading class 0x0000000009a35ae0 done
Event: 1.292 Thread 0x0000000002091000 Uncommon trap: trap_request=0xfffffff4 fr.pc=0x000000000225b900
Event: 1.292 Thread 0x0000000002091000 DEOPT PACKING pc=0x000000000225b900 sp=0x0000000001fbec10
Event: 1.292 Thread 0x0000000002091000 DEOPT UNPACKING pc=0x00000000021c75a4 sp=0x0000000001fbeb40 mode 2
Event: 1.341 Executing VM operation: ParallelGCFailedAllocation
Event: 1.377 Executing VM operation: ParallelGCFailedAllocation done
Event: 1.405 Thread 0x00000000099cc000 Uncommon trap: trap_request=0xffffff75 fr.pc=0x0000000002222d88
Event: 1.405 Thread 0x00000000099cc000 DEOPT PACKING pc=0x0000000002222d88 sp=0x0000000009e3edb0
Event: 1.405 Thread 0x00000000099cc000 DEOPT UNPACKING pc=0x00000000021c75a4 sp=0x0000000009e3ed38 mode 2


Dynamic libraries:
0x00007ff692060000 - 0x00007ff692093000 	C:\Program Files\Java\jdk1.7.0_80\bin\java.exe
0x00007ffe79780000 - 0x00007ffe7992c000 	C:\Windows\SYSTEM32\ntdll.dll
0x00007ffe773d0000 - 0x00007ffe7750e000 	C:\Windows\system32\KERNEL32.DLL
0x00007ffe769a0000 - 0x00007ffe76ab5000 	C:\Windows\system32\KERNELBASE.dll
0x0000000069720000 - 0x00000000697ce000 	C:\Program Files\Bitdefender\Endpoint\Signatures\AVC\AVC3_00532_002\avcuf64.dll
0x00007ffe74c80000 - 0x00007ffe74d0e000 	C:\Windows\system32\apphelp.dll
0x00007ffe481e0000 - 0x00007ffe48233000 	C:\Windows\AppPatch\AppPatch64\AcGenral.DLL
0x00007ffe76e00000 - 0x00007ffe76eaa000 	C:\Windows\system32\msvcrt.dll
0x00007ffe76770000 - 0x00007ffe7679e000 	C:\Windows\SYSTEM32\SspiCli.dll
0x00007ffe79280000 - 0x00007ffe792d4000 	C:\Windows\system32\SHLWAPI.dll
0x00007ffe78b40000 - 0x00007ffe78cb7000 	C:\Windows\system32\USER32.dll
0x00007ffe77230000 - 0x00007ffe773c4000 	C:\Windows\system32\ole32.dll
0x00007ffe77510000 - 0x00007ffe78a3b000 	C:\Windows\system32\SHELL32.dll
0x00007ffe75ef0000 - 0x00007ffe75f11000 	C:\Windows\SYSTEM32\USERENV.dll
0x00007ffe792e0000 - 0x00007ffe7938a000 	C:\Windows\system32\ADVAPI32.dll
0x00007ffe6de40000 - 0x00007ffe6de5e000 	C:\Windows\SYSTEM32\MPR.dll
0x00007ffe770e0000 - 0x00007ffe77221000 	C:\Windows\system32\RPCRT4.dll
0x00007ffe79390000 - 0x00007ffe793e9000 	C:\Windows\SYSTEM32\sechost.dll
0x00007ffe76ec0000 - 0x00007ffe770d1000 	C:\Windows\SYSTEM32\combase.dll
0x00007ffe78dc0000 - 0x00007ffe78f10000 	C:\Windows\system32\GDI32.dll
0x00007ffe768d0000 - 0x00007ffe768e5000 	C:\Windows\SYSTEM32\profapi.dll
0x00007ffe75190000 - 0x00007ffe75242000 	C:\Windows\SYSTEM32\SHCORE.dll
0x00007ffe78d80000 - 0x00007ffe78db6000 	C:\Windows\system32\IMM32.DLL
0x00007ffe790c0000 - 0x00007ffe79212000 	C:\Windows\system32\MSCTF.dll
0x00007ffe74d10000 - 0x00007ffe74f8b000 	C:\Windows\WinSxS\amd64_microsoft.windows.common-controls_6595b64144ccf1df_6.0.9600.18006_none_623f33d3ecbe86e8\COMCTL32.dll
0x0000000065ad0000 - 0x0000000065ba2000 	C:\Program Files\Java\jdk1.7.0_80\jre\bin\msvcr100.dll
0x0000000065e90000 - 0x0000000066669000 	C:\Program Files\Java\jdk1.7.0_80\jre\bin\server\jvm.dll
0x00007ffe72cf0000 - 0x00007ffe72cf9000 	C:\Windows\SYSTEM32\WSOCK32.dll
0x00007ffe71b40000 - 0x00007ffe71b62000 	C:\Windows\SYSTEM32\WINMM.dll
0x00007ffe78a40000 - 0x00007ffe78a47000 	C:\Windows\system32\PSAPI.DLL
0x00007ffe79050000 - 0x00007ffe790aa000 	C:\Windows\system32\WS2_32.dll
0x00007ffe71b10000 - 0x00007ffe71b3a000 	C:\Windows\SYSTEM32\WINMMBASE.dll
0x00007ffe76eb0000 - 0x00007ffe76eb9000 	C:\Windows\system32\NSI.dll
0x00007ffe76bd0000 - 0x00007ffe76c1f000 	C:\Windows\SYSTEM32\cfgmgr32.dll
0x00007ffe756c0000 - 0x00007ffe756e8000 	C:\Windows\SYSTEM32\DEVOBJ.dll
0x0000000067100000 - 0x000000006710f000 	C:\Program Files\Java\jdk1.7.0_80\jre\bin\verify.dll
0x0000000066f80000 - 0x0000000066fa8000 	C:\Program Files\Java\jdk1.7.0_80\jre\bin\java.dll
0x0000000066790000 - 0x00000000667a6000 	C:\Program Files\Java\jdk1.7.0_80\jre\bin\zip.dll
0x0000000066770000 - 0x000000006678a000 	C:\Program Files\Java\jdk1.7.0_80\jre\bin\net.dll
0x00007ffe761b0000 - 0x00007ffe76209000 	C:\Windows\system32\mswsock.dll
0x0000000066750000 - 0x0000000066761000 	C:\Program Files\Java\jdk1.7.0_80\jre\bin\nio.dll

VM Arguments:
jvm_args: -Djava.awt.headless=true -Xmx1024M -Dfile.encoding=windows-1252 -Duser.country=US -Duser.language=en -Duser.variant 
java_command: com.android.dx.command.Main --dex --num-threads=4 --output C:\Users\abacalu\Downloads\safeliveinterface\safeliveinterface-interfacesafeliveelderly\app\build\intermediates\pre-dexed\debug\MPAndroidChart-v2.1.6_e8238d7daaed9fcf3a5ac209012eeed6d9c942b4.jar C:\Users\abacalu\.gradle\caches\modules-2\files-2.1\com.github.PhilJay\MPAndroidChart\v2.1.6\b036abbb61656165da99cf44898e4b9123687e65\MPAndroidChart-v2.1.6.jar
Launcher Type: SUN_STANDARD

Environment Variables:
JAVA_HOME=C:\Program Files\Java\jdk1.7.0_80
PATH=C:\Program Files (x86)\Intel\iCLS Client\;C:\Program Files\Intel\iCLS Client\;C:\Program Files\Broadcom\Broadcom 802.11;C:\ProgramData\Oracle\Java\javapath;C:\Windows\system32;C:\Windows;C:\Windows\System32\Wbem;C:\Windows\System32\WindowsPowerShell\v1.0\;C:\Windows\CCM;C:\Program Files\OpenVPN\bin;C:\Program Files\Intel\Intel(R) Management Engine Components\DAL;C:\Program Files\Intel\Intel(R) Management Engine Components\IPT;C:\Program Files (x86)\Intel\Intel(R) Management Engine Components\DAL;C:\Program Files (x86)\Intel\Intel(R) Management Engine Components\IPT;C:\Program Files (x86)\Skype\Phone\;C:\Android\sdk\tools;C:\Android\sdk\platform-tools;C:\Program Files\Java\jdk1.7.0_80\bin;C:\Program Files\Git\cmd
USERNAME=abacalu
OS=Windows_NT
PROCESSOR_IDENTIFIER=Intel64 Family 6 Model 60 Stepping 3, GenuineIntel



---------------  S Y S T E M  ---------------

OS: Windows 8.1 , 64 bit Build 9600 

CPU:total 4 (2 cores per cpu, 2 threads per core) family 6 model 60 stepping 3, cmov, cx8, fxsr, mmx, sse, sse2, sse3, ssse3, sse4.1, sse4.2, popcnt, avx, avx2, aes, erms, ht, tsc, tscinvbit

Memory: 4k page, physical 8299612k(1020160k free), swap 11445340k(5868k free)

vm_info: Java HotSpot(TM) 64-Bit Server VM (24.80-b11) for windows-amd64 JRE (1.7.0_80-b15), built on Apr 10 2015 11:26:34 by "java_re" with unknown MS VC++:1600

time: Thu Feb 18 09:26:29 2016
elapsed time: 1 seconds

